<?xml version="1.0" encoding="UTF-8"?>
<coverage generated="1612517744657" clover="3.2.0">
  <project timestamp="1612517744657" name="All files">
    <metrics statements="787" coveredstatements="501" conditionals="678" coveredconditionals="220" methods="352" coveredmethods="238" elements="1817" coveredelements="959" complexity="0" loc="787" ncloc="787" packages="3" files="20" classes="20"/>
    <package name="dist">
      <metrics statements="687" coveredstatements="403" conditionals="670" coveredconditionals="214" methods="320" coveredmethods="206"/>
      <file name="rootz-core.dev.js" path="/Users/kushika/Environment/rootzjs-core/dist/rootz-core.dev.js">
        <metrics statements="686" coveredstatements="402" conditionals="361" coveredconditionals="115" methods="174" coveredmethods="112"/>
        <line num="1" count="8" type="stmt"/>
        <line num="2" count="8" type="cond" truecount="3" falsecount="1"/>
        <line num="3" count="8" type="stmt"/>
        <line num="4" count="0" type="cond" truecount="0" falsecount="4"/>
        <line num="5" count="0" type="stmt"/>
        <line num="7" count="0" type="cond" truecount="0" falsecount="2"/>
        <line num="8" count="0" type="cond" truecount="0" falsecount="2"/>
        <line num="11" count="8" type="stmt"/>
        <line num="12" count="8" type="stmt"/>
        <line num="18" count="12" type="cond" truecount="2" falsecount="2"/>
        <line num="20" count="12" type="stmt"/>
        <line num="21" count="6" type="stmt"/>
        <line num="24" count="12" type="stmt"/>
        <line num="27" count="8" type="stmt"/>
        <line num="34" count="8" type="stmt"/>
        <line num="37" count="12" type="cond" truecount="1" falsecount="1"/>
        <line num="40" count="8" type="stmt"/>
        <line num="48" count="0" type="cond" truecount="0" falsecount="2"/>
        <line num="49" count="0" type="stmt"/>
        <line num="52" count="0" type="stmt"/>
        <line num="55" count="8" type="stmt"/>
        <line num="63" count="8" type="stmt"/>
        <line num="64" count="8" type="stmt"/>
        <line num="65" count="8" type="stmt"/>
        <line num="67" count="0" type="stmt"/>
        <line num="68" count="0" type="stmt"/>
        <line num="71" count="8" type="cond" truecount="2" falsecount="0"/>
        <line num="72" count="4" type="stmt"/>
        <line num="74" count="4" type="stmt"/>
        <line num="79" count="4" type="stmt"/>
        <line num="80" count="4" type="stmt"/>
        <line num="81" count="4" type="stmt"/>
        <line num="82" count="4" type="stmt"/>
        <line num="83" count="4" type="stmt"/>
        <line num="86" count="8" type="stmt"/>
        <line num="90" count="0" type="stmt"/>
        <line num="93" count="4" type="stmt"/>
        <line num="98" count="8" type="stmt"/>
        <line num="106" count="8" type="cond" truecount="1" falsecount="1"/>
        <line num="107" count="0" type="stmt"/>
        <line num="111" count="8" type="stmt"/>
        <line num="119" count="8" type="stmt"/>
        <line num="120" count="24" type="stmt"/>
        <line num="121" count="24" type="cond" truecount="2" falsecount="0"/>
        <line num="122" count="24" type="stmt"/>
        <line num="123" count="24" type="cond" truecount="1" falsecount="1"/>
        <line num="124" count="24" type="stmt"/>
        <line num="129" count="8" type="cond" truecount="1" falsecount="1"/>
        <line num="130" count="8" type="cond" truecount="1" falsecount="1"/>
        <line num="131" count="8" type="stmt"/>
        <line num="134" count="8" type="stmt"/>
        <line num="142" count="14" type="cond" truecount="1" falsecount="1"/>
        <line num="143" count="0" type="stmt"/>
        <line num="150" count="14" type="stmt"/>
        <line num="153" count="14" type="stmt"/>
        <line num="156" count="8" type="stmt"/>
        <line num="164" count="16" type="cond" truecount="1" falsecount="1"/>
        <line num="165" count="0" type="cond" truecount="0" falsecount="2"/>
        <line num="167" count="16" type="stmt"/>
        <line num="170" count="8" type="stmt"/>
        <line num="177" count="8" type="stmt"/>
        <line num="180" count="8" type="cond" truecount="2" falsecount="2"/>
        <line num="181" count="0" type="stmt"/>
        <line num="184" count="8" type="cond" truecount="2" falsecount="0"/>
        <line num="191" count="8" type="cond" truecount="1" falsecount="1"/>
        <line num="194" count="8" type="stmt"/>
        <line num="202" count="0" type="cond" truecount="0" falsecount="4"/>
        <line num="205" count="8" type="stmt"/>
        <line num="213" count="0" type="stmt"/>
        <line num="216" count="8" type="stmt"/>
        <line num="223" count="8" type="stmt"/>
        <line num="225" count="8" type="stmt"/>
        <line num="228" count="8" type="cond" truecount="3" falsecount="2"/>
        <line num="229" count="8" type="stmt"/>
        <line num="232" count="0" type="stmt"/>
        <line num="235" count="8" type="stmt"/>
        <line num="243" count="8" type="cond" truecount="1" falsecount="1"/>
        <line num="244" count="0" type="stmt"/>
        <line num="245" count="0" type="stmt"/>
        <line num="248" count="8" type="stmt"/>
        <line num="251" count="8" type="stmt"/>
        <line num="258" count="8" type="stmt"/>
        <line num="260" count="8" type="stmt"/>
        <line num="262" count="8" type="stmt"/>
        <line num="264" count="8" type="stmt"/>
        <line num="267" count="12" type="cond" truecount="1" falsecount="3"/>
        <line num="270" count="8" type="stmt"/>
        <line num="280" count="21" type="cond" truecount="3" falsecount="1"/>
        <line num="281" count="21" type="stmt"/>
        <line num="282" count="21" type="stmt"/>
        <line num="285" count="0" type="stmt"/>
        <line num="286" count="0" type="cond" truecount="0" falsecount="6"/>
        <line num="290" count="21" type="stmt"/>
        <line num="293" count="8" type="stmt"/>
        <line num="300" count="8" type="stmt"/>
        <line num="303" count="0" type="cond" truecount="0" falsecount="2"/>
        <line num="304" count="0" type="cond" truecount="0" falsecount="2"/>
        <line num="305" count="0" type="stmt"/>
        <line num="306" count="0" type="cond" truecount="0" falsecount="4"/>
        <line num="307" count="0" type="cond" truecount="0" falsecount="4"/>
        <line num="308" count="0" type="cond" truecount="0" falsecount="4"/>
        <line num="311" count="8" type="stmt"/>
        <line num="318" count="8" type="stmt"/>
        <line num="328" count="8" type="stmt"/>
        <line num="331" count="8" type="stmt"/>
        <line num="332" count="8" type="stmt"/>
        <line num="333" count="0" type="stmt"/>
        <line num="334" count="0" type="stmt"/>
        <line num="335" count="0" type="stmt"/>
        <line num="339" count="8" type="stmt"/>
        <line num="340" count="8" type="stmt"/>
        <line num="342" count="8" type="stmt"/>
        <line num="343" count="8" type="stmt"/>
        <line num="345" count="8" type="stmt"/>
        <line num="346" count="8" type="stmt"/>
        <line num="348" count="8" type="stmt"/>
        <line num="349" count="8" type="stmt"/>
        <line num="351" count="8" type="stmt"/>
        <line num="352" count="8" type="stmt"/>
        <line num="354" count="8" type="stmt"/>
        <line num="355" count="8" type="stmt"/>
        <line num="357" count="8" type="stmt"/>
        <line num="358" count="8" type="stmt"/>
        <line num="360" count="8" type="stmt"/>
        <line num="361" count="8" type="stmt"/>
        <line num="363" count="8" type="stmt"/>
        <line num="364" count="8" type="stmt"/>
        <line num="366" count="8" type="stmt"/>
        <line num="367" count="8" type="stmt"/>
        <line num="369" count="8" type="stmt"/>
        <line num="370" count="8" type="stmt"/>
        <line num="372" count="8" type="stmt"/>
        <line num="373" count="8" type="stmt"/>
        <line num="377" count="8" type="stmt"/>
        <line num="383" count="8" type="stmt"/>
        <line num="397" count="8" type="stmt"/>
        <line num="400" count="0" type="stmt"/>
        <line num="404" count="0" type="stmt"/>
        <line num="408" count="0" type="stmt"/>
        <line num="412" count="0" type="stmt"/>
        <line num="416" count="0" type="stmt"/>
        <line num="420" count="0" type="stmt"/>
        <line num="424" count="0" type="stmt"/>
        <line num="428" count="0" type="stmt"/>
        <line num="431" count="8" type="stmt"/>
        <line num="432" count="8" type="cond" truecount="1" falsecount="4"/>
        <line num="435" count="0" type="stmt"/>
        <line num="436" count="0" type="stmt"/>
        <line num="441" count="0" type="stmt"/>
        <line num="442" count="0" type="stmt"/>
        <line num="447" count="0" type="stmt"/>
        <line num="448" count="0" type="stmt"/>
        <line num="453" count="8" type="stmt"/>
        <line num="454" count="8" type="stmt"/>
        <line num="459" count="0" type="stmt"/>
        <line num="463" count="8" type="stmt"/>
        <line num="465" count="7" type="cond" truecount="1" falsecount="1"/>
        <line num="466" count="0" type="stmt"/>
        <line num="467" count="0" type="stmt"/>
        <line num="471" count="8" type="cond" truecount="1" falsecount="1"/>
        <line num="472" count="0" type="stmt"/>
        <line num="473" count="0" type="stmt"/>
        <line num="477" count="8" type="stmt"/>
        <line num="479" count="8" type="cond" truecount="1" falsecount="1"/>
        <line num="480" count="0" type="stmt"/>
        <line num="481" count="0" type="stmt"/>
        <line num="485" count="8" type="cond" truecount="1" falsecount="1"/>
        <line num="486" count="0" type="stmt"/>
        <line num="487" count="0" type="stmt"/>
        <line num="491" count="1" type="cond" truecount="1" falsecount="1"/>
        <line num="492" count="0" type="stmt"/>
        <line num="493" count="0" type="stmt"/>
        <line num="496" count="1" type="cond" truecount="2" falsecount="2"/>
        <line num="497" count="0" type="stmt"/>
        <line num="498" count="0" type="stmt"/>
        <line num="502" count="2" type="stmt"/>
        <line num="504" count="2" type="cond" truecount="1" falsecount="1"/>
        <line num="505" count="0" type="stmt"/>
        <line num="506" count="0" type="stmt"/>
        <line num="509" count="2" type="cond" truecount="1" falsecount="1"/>
        <line num="510" count="0" type="stmt"/>
        <line num="511" count="0" type="stmt"/>
        <line num="514" count="2" type="cond" truecount="3" falsecount="1"/>
        <line num="515" count="0" type="stmt"/>
        <line num="516" count="0" type="stmt"/>
        <line num="520" count="1" type="cond" truecount="1" falsecount="1"/>
        <line num="521" count="0" type="stmt"/>
        <line num="522" count="0" type="stmt"/>
        <line num="525" count="1" type="cond" truecount="1" falsecount="1"/>
        <line num="526" count="0" type="stmt"/>
        <line num="527" count="0" type="stmt"/>
        <line num="531" count="3" type="stmt"/>
        <line num="533" count="3" type="cond" truecount="1" falsecount="1"/>
        <line num="534" count="0" type="stmt"/>
        <line num="535" count="0" type="stmt"/>
        <line num="538" count="3" type="cond" truecount="1" falsecount="1"/>
        <line num="539" count="0" type="stmt"/>
        <line num="540" count="0" type="stmt"/>
        <line num="543" count="3" type="cond" truecount="1" falsecount="1"/>
        <line num="544" count="0" type="stmt"/>
        <line num="545" count="0" type="stmt"/>
        <line num="561" count="16" type="cond" truecount="2" falsecount="2"/>
        <line num="563" count="16" type="cond" truecount="2" falsecount="4"/>
        <line num="565" count="8" type="cond" truecount="1" falsecount="1"/>
        <line num="567" count="8" type="cond" truecount="5" falsecount="3"/>
        <line num="583" count="8" type="cond" truecount="2" falsecount="0"/>
        <line num="585" count="8" type="stmt"/>
        <line num="586" count="8" type="stmt"/>
        <line num="588" count="8" type="stmt"/>
        <line num="589" count="28" type="stmt"/>
        <line num="592" count="8" type="stmt"/>
        <line num="593" count="33" type="stmt"/>
        <line num="596" count="8" type="stmt"/>
        <line num="597" count="6" type="stmt"/>
        <line num="600" count="8" type="stmt"/>
        <line num="601" count="6" type="stmt"/>
        <line num="602" count="6" type="stmt"/>
        <line num="603" count="6" type="stmt"/>
        <line num="608" count="8" type="stmt"/>
        <line num="609" count="8" type="stmt"/>
        <line num="622" count="8" type="stmt"/>
        <line num="623" count="0" type="stmt"/>
        <line num="637" count="8" type="stmt"/>
        <line num="638" count="13" type="stmt"/>
        <line num="653" count="8" type="stmt"/>
        <line num="654" count="14" type="stmt"/>
        <line num="668" count="8" type="stmt"/>
        <line num="670" count="8" type="stmt"/>
        <line num="671" count="8" type="stmt"/>
        <line num="672" count="8" type="stmt"/>
        <line num="673" count="8" type="stmt"/>
        <line num="674" count="8" type="stmt"/>
        <line num="675" count="8" type="stmt"/>
        <line num="676" count="8" type="stmt"/>
        <line num="677" count="8" type="stmt"/>
        <line num="679" count="8" type="stmt"/>
        <line num="684" count="8" type="stmt"/>
        <line num="686" count="8" type="stmt"/>
        <line num="687" count="8" type="stmt"/>
        <line num="691" count="8" type="stmt"/>
        <line num="692" count="8" type="stmt"/>
        <line num="695" count="8" type="stmt"/>
        <line num="698" count="8" type="stmt"/>
        <line num="703" count="6" type="stmt"/>
        <line num="708" count="14" type="stmt"/>
        <line num="709" count="14" type="stmt"/>
        <line num="711" count="14" type="stmt"/>
        <line num="712" count="14" type="stmt"/>
        <line num="721" count="8" type="stmt"/>
        <line num="723" count="8" type="stmt"/>
        <line num="733" count="8" type="stmt"/>
        <line num="734" count="8" type="stmt"/>
        <line num="735" count="8" type="stmt"/>
        <line num="736" count="8" type="stmt"/>
        <line num="737" count="8" type="stmt"/>
        <line num="745" count="8" type="stmt"/>
        <line num="746" count="7" type="stmt"/>
        <line num="747" count="7" type="stmt"/>
        <line num="748" count="7" type="cond" truecount="1" falsecount="1"/>
        <line num="758" count="8" type="stmt"/>
        <line num="759" count="2" type="stmt"/>
        <line num="761" count="2" type="cond" truecount="2" falsecount="0"/>
        <line num="762" count="1" type="stmt"/>
        <line num="764" count="1" type="stmt"/>
        <line num="765" count="1" type="stmt"/>
        <line num="766" count="1" type="stmt"/>
        <line num="767" count="1" type="stmt"/>
        <line num="770" count="1" type="stmt"/>
        <line num="771" count="1" type="stmt"/>
        <line num="773" count="1" type="stmt"/>
        <line num="783" count="8" type="stmt"/>
        <line num="784" count="1" type="stmt"/>
        <line num="785" count="1" type="stmt"/>
        <line num="787" count="1" type="cond" truecount="1" falsecount="1"/>
        <line num="788" count="1" type="stmt"/>
        <line num="790" count="1" type="stmt"/>
        <line num="791" count="1" type="stmt"/>
        <line num="792" count="1" type="stmt"/>
        <line num="793" count="1" type="stmt"/>
        <line num="796" count="1" type="stmt"/>
        <line num="797" count="1" type="stmt"/>
        <line num="798" count="0" type="cond" truecount="0" falsecount="2"/>
        <line num="799" count="0" type="stmt"/>
        <line num="809" count="8" type="stmt"/>
        <line num="810" count="1" type="stmt"/>
        <line num="811" count="1" type="stmt"/>
        <line num="812" count="1" type="stmt"/>
        <line num="813" count="1" type="stmt"/>
        <line num="819" count="1" type="stmt"/>
        <line num="820" count="1" type="stmt"/>
        <line num="821" count="2" type="stmt"/>
        <line num="822" count="2" type="cond" truecount="4" falsecount="0"/>
        <line num="824" count="1" type="stmt"/>
        <line num="825" count="1" type="stmt"/>
        <line num="827" count="1" type="stmt"/>
        <line num="828" count="1" type="stmt"/>
        <line num="831" count="1" type="stmt"/>
        <line num="832" count="1" type="stmt"/>
        <line num="835" count="1" type="stmt"/>
        <line num="836" count="1" type="stmt"/>
        <line num="837" count="1" type="stmt"/>
        <line num="841" count="1" type="stmt"/>
        <line num="846" count="1" type="stmt"/>
        <line num="847" count="1" type="stmt"/>
        <line num="857" count="8" type="stmt"/>
        <line num="858" count="3" type="stmt"/>
        <line num="859" count="3" type="stmt"/>
        <line num="860" count="3" type="stmt"/>
        <line num="866" count="3" type="stmt"/>
        <line num="867" count="3" type="stmt"/>
        <line num="868" count="6" type="stmt"/>
        <line num="869" count="6" type="cond" truecount="4" falsecount="0"/>
        <line num="871" count="3" type="stmt"/>
        <line num="872" count="3" type="stmt"/>
        <line num="874" count="3" type="stmt"/>
        <line num="875" count="3" type="stmt"/>
        <line num="878" count="3" type="stmt"/>
        <line num="879" count="3" type="stmt"/>
        <line num="882" count="3" type="stmt"/>
        <line num="883" count="3" type="stmt"/>
        <line num="884" count="3" type="stmt"/>
        <line num="888" count="3" type="stmt"/>
        <line num="893" count="3" type="stmt"/>
        <line num="894" count="3" type="stmt"/>
        <line num="908" count="8" type="stmt"/>
        <line num="909" count="0" type="stmt"/>
        <line num="941" count="8" type="stmt"/>
        <line num="942" count="8" type="stmt"/>
        <line num="943" count="8" type="stmt"/>
        <line num="944" count="8" type="stmt"/>
        <line num="945" count="8" type="stmt"/>
        <line num="952" count="8" type="stmt"/>
        <line num="959" count="8" type="stmt"/>
        <line num="963" count="8" type="stmt"/>
        <line num="967" count="8" type="stmt"/>
        <line num="972" count="8" type="stmt"/>
        <line num="976" count="8" type="stmt"/>
        <line num="980" count="8" type="stmt"/>
        <line num="985" count="8" type="stmt"/>
        <line num="988" count="8" type="stmt"/>
        <line num="1011" count="8" type="stmt"/>
        <line num="1015" count="8" type="stmt"/>
        <line num="1017" count="8" type="stmt"/>
        <line num="1019" count="0" type="cond" truecount="0" falsecount="2"/>
        <line num="1021" count="0" type="stmt"/>
        <line num="1023" count="0" type="stmt"/>
        <line num="1028" count="0" type="stmt"/>
        <line num="1029" count="0" type="stmt"/>
        <line num="1031" count="8" type="stmt"/>
        <line num="1033" count="24" type="stmt"/>
        <line num="1037" count="8" type="stmt"/>
        <line num="1062" count="8" type="stmt"/>
        <line num="1064" count="8" type="stmt"/>
        <line num="1080" count="8" type="cond" truecount="1" falsecount="1"/>
        <line num="1083" count="8" type="stmt"/>
        <line num="1102" count="8" type="stmt"/>
        <line num="1104" count="8" type="stmt"/>
        <line num="1119" count="8" type="stmt"/>
        <line num="1122" count="8" type="stmt"/>
        <line num="1123" count="8" type="stmt"/>
        <line num="1125" count="8" type="cond" truecount="1" falsecount="1"/>
        <line num="1126" count="8" type="cond" truecount="1" falsecount="1"/>
        <line num="1127" count="8" type="cond" truecount="1" falsecount="1"/>
        <line num="1128" count="8" type="cond" truecount="1" falsecount="1"/>
        <line num="1131" count="72" type="stmt"/>
        <line num="1137" count="72" type="stmt"/>
        <line num="1139" count="8" type="stmt"/>
        <line num="1141" count="8" type="stmt"/>
        <line num="1143" count="0" type="stmt"/>
        <line num="1144" count="0" type="stmt"/>
        <line num="1150" count="4" type="cond" truecount="3" falsecount="1"/>
        <line num="1151" count="4" type="stmt"/>
        <line num="1152" count="4" type="cond" truecount="2" falsecount="0"/>
        <line num="1156" count="4" type="stmt"/>
        <line num="1158" count="4" type="stmt"/>
        <line num="1160" count="8" type="stmt"/>
        <line num="1173" count="8" type="stmt"/>
        <line num="1174" count="8" type="stmt"/>
        <line num="1176" count="0" type="stmt"/>
        <line num="1180" count="8" type="stmt"/>
        <line num="1181" count="8" type="stmt"/>
        <line num="1182" count="8" type="stmt"/>
        <line num="1183" count="8" type="stmt"/>
        <line num="1187" count="8" type="stmt"/>
        <line num="1199" count="8" type="stmt"/>
        <line num="1200" count="8" type="stmt"/>
        <line num="1201" count="0" type="stmt"/>
        <line num="1204" count="8" type="stmt"/>
        <line num="1205" count="8" type="cond" truecount="2" falsecount="0"/>
        <line num="1206" count="8" type="cond" truecount="4" falsecount="1"/>
        <line num="1211" count="8" type="stmt"/>
        <line num="1214" count="8" type="stmt"/>
        <line num="1216" count="8" type="stmt"/>
        <line num="1217" count="8" type="stmt"/>
        <line num="1218" count="8" type="stmt"/>
        <line num="1227" count="16" type="stmt"/>
        <line num="1228" count="48" type="stmt"/>
        <line num="1229" count="8" type="stmt"/>
        <line num="1234" count="8" type="stmt"/>
        <line num="1235" count="0" type="cond" truecount="0" falsecount="2"/>
        <line num="1236" count="0" type="cond" truecount="0" falsecount="2"/>
        <line num="1244" count="8" type="stmt"/>
        <line num="1245" count="4" type="cond" truecount="1" falsecount="1"/>
        <line num="1246" count="4" type="stmt"/>
        <line num="1248" count="0" type="stmt"/>
        <line num="1249" count="0" type="stmt"/>
        <line num="1251" count="4" type="stmt"/>
        <line num="1252" count="4" type="stmt"/>
        <line num="1259" count="8" type="stmt"/>
        <line num="1260" count="0" type="stmt"/>
        <line num="1265" count="0" type="stmt"/>
        <line num="1266" count="0" type="cond" truecount="0" falsecount="2"/>
        <line num="1267" count="0" type="stmt"/>
        <line num="1269" count="0" type="stmt"/>
        <line num="1270" count="0" type="stmt"/>
        <line num="1271" count="0" type="cond" truecount="0" falsecount="5"/>
        <line num="1274" count="0" type="stmt"/>
        <line num="1275" count="0" type="stmt"/>
        <line num="1277" count="0" type="stmt"/>
        <line num="1281" count="0" type="stmt"/>
        <line num="1285" count="0" type="stmt"/>
        <line num="1286" count="0" type="stmt"/>
        <line num="1290" count="0" type="stmt"/>
        <line num="1299" count="0" type="stmt"/>
        <line num="1300" count="0" type="stmt"/>
        <line num="1304" count="0" type="stmt"/>
        <line num="1327" count="0" type="stmt"/>
        <line num="1330" count="8" type="stmt"/>
        <line num="1331" count="8" type="stmt"/>
        <line num="1332" count="0" type="stmt"/>
        <line num="1334" count="8" type="stmt"/>
        <line num="1339" count="8" type="stmt"/>
        <line num="1340" count="0" type="cond" truecount="0" falsecount="2"/>
        <line num="1342" count="0" type="stmt"/>
        <line num="1347" count="0" type="cond" truecount="0" falsecount="2"/>
        <line num="1350" count="0" type="cond" truecount="0" falsecount="2"/>
        <line num="1355" count="4" type="stmt"/>
        <line num="1357" count="4" type="stmt"/>
        <line num="1358" count="8" type="cond" truecount="1" falsecount="1"/>
        <line num="1359" count="0" type="stmt"/>
        <line num="1362" count="8" type="cond" truecount="1" falsecount="1"/>
        <line num="1363" count="0" type="cond" truecount="0" falsecount="2"/>
        <line num="1364" count="0" type="stmt"/>
        <line num="1369" count="0" type="stmt"/>
        <line num="1372" count="8" type="stmt"/>
        <line num="1373" count="8" type="stmt"/>
        <line num="1375" count="8" type="stmt"/>
        <line num="1376" count="8" type="stmt"/>
        <line num="1377" count="8" type="cond" truecount="1" falsecount="1"/>
        <line num="1378" count="0" type="stmt"/>
        <line num="1379" count="0" type="cond" truecount="0" falsecount="2"/>
        <line num="1380" count="0" type="cond" truecount="0" falsecount="2"/>
        <line num="1381" count="0" type="stmt"/>
        <line num="1385" count="8" type="cond" truecount="1" falsecount="1"/>
        <line num="1388" count="8" type="stmt"/>
        <line num="1390" count="0" type="cond" truecount="0" falsecount="2"/>
        <line num="1391" count="0" type="cond" truecount="0" falsecount="2"/>
        <line num="1392" count="0" type="stmt"/>
        <line num="1393" count="0" type="stmt"/>
        <line num="1396" count="0" type="stmt"/>
        <line num="1398" count="0" type="cond" truecount="0" falsecount="2"/>
        <line num="1399" count="0" type="stmt"/>
        <line num="1402" count="8" type="stmt"/>
        <line num="1404" count="8" type="stmt"/>
        <line num="1405" count="8" type="cond" truecount="1" falsecount="1"/>
        <line num="1408" count="8" type="cond" truecount="2" falsecount="0"/>
        <line num="1412" count="8" type="cond" truecount="1" falsecount="1"/>
        <line num="1413" count="0" type="stmt"/>
        <line num="1416" count="8" type="stmt"/>
        <line num="1421" count="0" type="cond" truecount="0" falsecount="2"/>
        <line num="1422" count="0" type="stmt"/>
        <line num="1425" count="0" type="stmt"/>
        <line num="1426" count="0" type="stmt"/>
        <line num="1437" count="0" type="stmt"/>
        <line num="1438" count="0" type="cond" truecount="0" falsecount="2"/>
        <line num="1441" count="0" type="stmt"/>
        <line num="1443" count="0" type="cond" truecount="0" falsecount="2"/>
        <line num="1445" count="0" type="cond" truecount="0" falsecount="2"/>
        <line num="1448" count="0" type="stmt"/>
        <line num="1449" count="0" type="stmt"/>
        <line num="1450" count="0" type="stmt"/>
        <line num="1452" count="0" type="cond" truecount="0" falsecount="2"/>
        <line num="1455" count="0" type="stmt"/>
        <line num="1459" count="0" type="stmt"/>
        <line num="1460" count="0" type="stmt"/>
        <line num="1464" count="0" type="stmt"/>
        <line num="1467" count="0" type="stmt"/>
        <line num="1469" count="0" type="cond" truecount="0" falsecount="2"/>
        <line num="1470" count="0" type="stmt"/>
        <line num="1471" count="0" type="stmt"/>
        <line num="1472" count="0" type="stmt"/>
        <line num="1473" count="0" type="stmt"/>
        <line num="1476" count="0" type="stmt"/>
        <line num="1478" count="0" type="cond" truecount="0" falsecount="2"/>
        <line num="1479" count="0" type="stmt"/>
        <line num="1480" count="0" type="stmt"/>
        <line num="1481" count="0" type="stmt"/>
        <line num="1482" count="0" type="stmt"/>
        <line num="1485" count="0" type="cond" truecount="0" falsecount="2"/>
        <line num="1488" count="0" type="stmt"/>
        <line num="1491" count="0" type="stmt"/>
        <line num="1499" count="0" type="cond" truecount="0" falsecount="2"/>
        <line num="1500" count="0" type="stmt"/>
        <line num="1501" count="0" type="stmt"/>
        <line num="1506" count="0" type="stmt"/>
        <line num="1511" count="0" type="stmt"/>
        <line num="1512" count="0" type="stmt"/>
        <line num="1517" count="8" type="stmt"/>
        <line num="1519" count="8" type="stmt"/>
        <line num="1526" count="8" type="stmt"/>
        <line num="1527" count="0" type="stmt"/>
        <line num="1530" count="8" type="stmt"/>
        <line num="1531" count="0" type="stmt"/>
        <line num="1535" count="0" type="stmt"/>
        <line num="1537" count="0" type="cond" truecount="0" falsecount="2"/>
        <line num="1538" count="0" type="stmt"/>
        <line num="1541" count="0" type="cond" truecount="0" falsecount="2"/>
        <line num="1542" count="0" type="stmt"/>
        <line num="1543" count="0" type="stmt"/>
        <line num="1546" count="0" type="stmt"/>
        <line num="1550" count="4" type="cond" truecount="2" falsecount="0"/>
        <line num="1551" count="4" type="stmt"/>
        <line num="1552" count="4" type="stmt"/>
        <line num="1553" count="4" type="stmt"/>
        <line num="1560" count="4" type="stmt"/>
        <line num="1561" count="4" type="stmt"/>
        <line num="1562" count="4" type="stmt"/>
        <line num="1565" count="8" type="stmt"/>
        <line num="1566" count="0" type="stmt"/>
        <line num="1567" count="0" type="stmt"/>
        <line num="1568" count="0" type="stmt"/>
        <line num="1570" count="0" type="stmt"/>
        <line num="1574" count="0" type="stmt"/>
        <line num="1575" count="0" type="stmt"/>
        <line num="1576" count="0" type="stmt"/>
        <line num="1577" count="0" type="cond" truecount="0" falsecount="2"/>
        <line num="1578" count="0" type="stmt"/>
        <line num="1579" count="0" type="stmt"/>
        <line num="1580" count="0" type="stmt"/>
        <line num="1587" count="0" type="stmt"/>
        <line num="1588" count="0" type="stmt"/>
        <line num="1593" count="8" type="cond" truecount="1" falsecount="1"/>
        <line num="1594" count="8" type="stmt"/>
        <line num="1595" count="8" type="cond" truecount="1" falsecount="1"/>
        <line num="1596" count="8" type="stmt"/>
        <line num="1599" count="0" type="cond" truecount="0" falsecount="2"/>
        <line num="1600" count="0" type="stmt"/>
        <line num="1603" count="0" type="cond" truecount="0" falsecount="2"/>
        <line num="1604" count="0" type="stmt"/>
        <line num="1605" count="0" type="stmt"/>
        <line num="1606" count="0" type="cond" truecount="0" falsecount="2"/>
        <line num="1607" count="0" type="stmt"/>
        <line num="1608" count="0" type="stmt"/>
        <line num="1609" count="0" type="stmt"/>
        <line num="1613" count="0" type="stmt"/>
        <line num="1614" count="0" type="stmt"/>
        <line num="1616" count="0" type="stmt"/>
        <line num="1619" count="0" type="stmt"/>
        <line num="1624" count="0" type="stmt"/>
        <line num="1626" count="8" type="stmt"/>
        <line num="1629" count="0" type="stmt"/>
        <line num="1632" count="8" type="stmt"/>
        <line num="1636" count="4" type="stmt"/>
        <line num="1637" count="4" type="stmt"/>
        <line num="1640" count="4" type="stmt"/>
        <line num="1641" count="4" type="stmt"/>
        <line num="1642" count="4" type="stmt"/>
        <line num="1644" count="4" type="stmt"/>
        <line num="1645" count="4" type="stmt"/>
        <line num="1647" count="4" type="stmt"/>
        <line num="1649" count="4" type="cond" truecount="1" falsecount="1"/>
        <line num="1650" count="0" type="stmt"/>
        <line num="1652" count="0" type="cond" truecount="0" falsecount="5"/>
        <line num="1655" count="0" type="stmt"/>
        <line num="1662" count="4" type="stmt"/>
        <line num="1664" count="4" type="stmt"/>
        <line num="1665" count="4" type="stmt"/>
        <line num="1666" count="4" type="cond" truecount="1" falsecount="1"/>
        <line num="1667" count="0" type="stmt"/>
        <line num="1670" count="4" type="stmt"/>
        <line num="1674" count="0" type="cond" truecount="0" falsecount="2"/>
        <line num="1675" count="0" type="stmt"/>
        <line num="1678" count="0" type="stmt"/>
        <line num="1680" count="0" type="stmt"/>
        <line num="1681" count="0" type="stmt"/>
        <line num="1682" count="0" type="stmt"/>
        <line num="1684" count="0" type="cond" truecount="0" falsecount="2"/>
        <line num="1687" count="0" type="stmt"/>
        <line num="1688" count="0" type="stmt"/>
        <line num="1691" count="0" type="stmt"/>
        <line num="1694" count="0" type="stmt"/>
        <line num="1695" count="0" type="stmt"/>
        <line num="1696" count="0" type="stmt"/>
        <line num="1698" count="0" type="cond" truecount="0" falsecount="2"/>
        <line num="1702" count="0" type="stmt"/>
        <line num="1705" count="0" type="cond" truecount="0" falsecount="2"/>
        <line num="1706" count="0" type="stmt"/>
        <line num="1707" count="0" type="stmt"/>
        <line num="1709" count="0" type="cond" truecount="0" falsecount="4"/>
        <line num="1710" count="0" type="cond" truecount="0" falsecount="2"/>
        <line num="1711" count="0" type="stmt"/>
        <line num="1712" count="0" type="cond" truecount="0" falsecount="2"/>
        <line num="1713" count="0" type="stmt"/>
        <line num="1716" count="0" type="cond" truecount="0" falsecount="2"/>
        <line num="1717" count="0" type="cond" truecount="0" falsecount="2"/>
        <line num="1718" count="0" type="stmt"/>
        <line num="1721" count="0" type="cond" truecount="0" falsecount="2"/>
        <line num="1722" count="0" type="cond" truecount="0" falsecount="2"/>
        <line num="1723" count="0" type="stmt"/>
        <line num="1727" count="0" type="stmt"/>
        <line num="1734" count="0" type="stmt"/>
        <line num="1735" count="0" type="stmt"/>
        <line num="1736" count="0" type="cond" truecount="0" falsecount="5"/>
        <line num="1739" count="0" type="stmt"/>
        <line num="1740" count="0" type="stmt"/>
        <line num="1744" count="0" type="cond" truecount="0" falsecount="7"/>
        <line num="1751" count="0" type="stmt"/>
        <line num="1754" count="0" type="cond" truecount="0" falsecount="2"/>
        <line num="1755" count="0" type="stmt"/>
        <line num="1756" count="0" type="stmt"/>
        <line num="1758" count="0" type="cond" truecount="0" falsecount="2"/>
        <line num="1759" count="0" type="stmt"/>
        <line num="1760" count="0" type="stmt"/>
        <line num="1761" count="0" type="stmt"/>
        <line num="1764" count="0" type="stmt"/>
        <line num="1768" count="0" type="cond" truecount="0" falsecount="2"/>
        <line num="1769" count="0" type="stmt"/>
        <line num="1772" count="0" type="cond" truecount="0" falsecount="4"/>
        <line num="1774" count="0" type="stmt"/>
        <line num="1775" count="0" type="cond" truecount="0" falsecount="2"/>
        <line num="1776" count="0" type="stmt"/>
        <line num="1777" count="0" type="stmt"/>
        <line num="1778" count="0" type="stmt"/>
        <line num="1779" count="0" type="cond" truecount="0" falsecount="4"/>
        <line num="1780" count="0" type="stmt"/>
        <line num="1783" count="0" type="stmt"/>
        <line num="1787" count="0" type="stmt"/>
        <line num="1788" count="0" type="stmt"/>
        <line num="1789" count="0" type="cond" truecount="0" falsecount="2"/>
        <line num="1790" count="0" type="stmt"/>
        <line num="1791" count="0" type="stmt"/>
        <line num="1792" count="0" type="stmt"/>
        <line num="1798" count="0" type="stmt"/>
        <line num="1799" count="0" type="stmt"/>
        <line num="1800" count="0" type="cond" truecount="0" falsecount="2"/>
        <line num="1801" count="0" type="stmt"/>
        <line num="1802" count="0" type="cond" truecount="0" falsecount="2"/>
        <line num="1803" count="0" type="stmt"/>
        <line num="1804" count="0" type="stmt"/>
        <line num="1806" count="0" type="stmt"/>
        <line num="1812" count="0" type="stmt"/>
        <line num="1816" count="0" type="stmt"/>
        <line num="1822" count="0" type="cond" truecount="0" falsecount="2"/>
        <line num="1825" count="0" type="stmt"/>
        <line num="1828" count="0" type="stmt"/>
        <line num="1836" count="8" type="stmt"/>
        <line num="1846" count="8" type="stmt"/>
        <line num="1847" count="8" type="stmt"/>
        <line num="1858" count="4" type="stmt"/>
        <line num="1868" count="8" type="stmt"/>
        <line num="1875" count="8" type="stmt"/>
        <line num="1880" count="200" type="cond" truecount="2" falsecount="0"/>
        <line num="1881" count="16" type="stmt"/>
        <line num="1884" count="184" type="stmt"/>
        <line num="1891" count="184" type="stmt"/>
        <line num="1894" count="184" type="stmt"/>
        <line num="1899" count="8" type="stmt"/>
        <line num="1901" count="8" type="stmt"/>
        <line num="1902" count="96" type="cond" truecount="3" falsecount="1"/>
        <line num="1903" count="0" type="stmt"/>
        <line num="1904" count="313" type="stmt"/>
        <line num="1905" count="96" type="stmt"/>
        <line num="1906" count="96" type="stmt"/>
        <line num="1911" count="8" type="stmt"/>
        <line num="1913" count="8" type="stmt"/>
        <line num="1914" count="104" type="stmt"/>
        <line num="1915" count="128" type="cond" truecount="3" falsecount="1"/>
        <line num="1916" count="128" type="stmt"/>
        <line num="1923" count="8" type="stmt"/>
        <line num="1924" count="256" type="stmt"/>
        <line num="1928" count="8" type="stmt"/>
        <line num="1930" count="8" type="stmt"/>
        <line num="1931" count="8" type="cond" truecount="3" falsecount="1"/>
        <line num="1932" count="8" type="stmt"/>
        <line num="1934" count="8" type="stmt"/>
        <line num="1942" count="8" type="stmt"/>
      </file>
      <file name="rootz-core.prod.js" path="/Users/kushika/Environment/rootzjs-core/dist/rootz-core.prod.js">
        <metrics statements="1" coveredstatements="1" conditionals="309" coveredconditionals="99" methods="146" coveredmethods="94"/>
        <line num="2" count="300" type="cond" truecount="99" falsecount="210"/>
      </file>
    </package>
    <package name="tests.dev">
      <metrics statements="50" coveredstatements="49" conditionals="4" coveredconditionals="3" methods="16" coveredmethods="16"/>
      <file name="CheckForArgumentsInActionCallback.jsx" path="/Users/kushika/Environment/rootzjs-core/tests/dev/CheckForArgumentsInActionCallback.jsx">
        <metrics statements="6" coveredstatements="6" conditionals="0" coveredconditionals="0" methods="3" coveredmethods="3"/>
        <line num="5" count="1" type="stmt"/>
        <line num="11" count="2" type="stmt"/>
        <line num="14" count="1" type="stmt"/>
        <line num="19" count="1" type="stmt"/>
        <line num="20" count="1" type="stmt"/>
        <line num="22" count="1" type="stmt"/>
      </file>
      <file name="CheckForArgumentsInContractCallback.jsx" path="/Users/kushika/Environment/rootzjs-core/tests/dev/CheckForArgumentsInContractCallback.jsx">
        <metrics statements="7" coveredstatements="7" conditionals="0" coveredconditionals="0" methods="3" coveredmethods="3"/>
        <line num="6" count="1" type="stmt"/>
        <line num="12" count="2" type="stmt"/>
        <line num="15" count="1" type="stmt"/>
        <line num="20" count="1" type="stmt"/>
        <line num="21" count="1" type="stmt"/>
        <line num="24" count="1" type="stmt"/>
        <line num="29" count="1" type="stmt"/>
      </file>
      <file name="CheckForStateInActionCallback.jsx" path="/Users/kushika/Environment/rootzjs-core/tests/dev/CheckForStateInActionCallback.jsx">
        <metrics statements="8" coveredstatements="7" conditionals="4" coveredconditionals="3" methods="2" coveredmethods="2"/>
        <line num="6" count="1" type="stmt"/>
        <line num="12" count="2" type="stmt"/>
        <line num="20" count="1" type="stmt"/>
        <line num="21" count="1" type="stmt"/>
        <line num="22" count="1" type="cond" truecount="3" falsecount="1"/>
        <line num="23" count="1" type="stmt"/>
        <line num="25" count="0" type="stmt"/>
        <line num="28" count="1" type="stmt"/>
      </file>
      <file name="Print.jsx" path="/Users/kushika/Environment/rootzjs-core/tests/dev/Print.jsx">
        <metrics statements="3" coveredstatements="3" conditionals="0" coveredconditionals="0" methods="1" coveredmethods="1"/>
        <line num="6" count="1" type="stmt"/>
        <line num="11" count="1" type="stmt"/>
        <line num="17" count="1" type="stmt"/>
      </file>
      <file name="PrintFromAction.jsx" path="/Users/kushika/Environment/rootzjs-core/tests/dev/PrintFromAction.jsx">
        <metrics statements="5" coveredstatements="5" conditionals="0" coveredconditionals="0" methods="1" coveredmethods="1"/>
        <line num="6" count="1" type="stmt"/>
        <line num="12" count="2" type="stmt"/>
        <line num="20" count="1" type="stmt"/>
        <line num="21" count="1" type="stmt"/>
        <line num="23" count="1" type="stmt"/>
      </file>
      <file name="PrintFromActionCallback.jsx" path="/Users/kushika/Environment/rootzjs-core/tests/dev/PrintFromActionCallback.jsx">
        <metrics statements="6" coveredstatements="6" conditionals="0" coveredconditionals="0" methods="2" coveredmethods="2"/>
        <line num="6" count="1" type="stmt"/>
        <line num="12" count="2" type="stmt"/>
        <line num="20" count="1" type="stmt"/>
        <line num="21" count="1" type="stmt"/>
        <line num="24" count="1" type="stmt"/>
        <line num="27" count="1" type="stmt"/>
      </file>
      <file name="PrintFromContract.jsx" path="/Users/kushika/Environment/rootzjs-core/tests/dev/PrintFromContract.jsx">
        <metrics statements="5" coveredstatements="5" conditionals="0" coveredconditionals="0" methods="1" coveredmethods="1"/>
        <line num="6" count="1" type="stmt"/>
        <line num="12" count="2" type="stmt"/>
        <line num="20" count="1" type="stmt"/>
        <line num="21" count="1" type="stmt"/>
        <line num="23" count="1" type="stmt"/>
      </file>
      <file name="PrintFromContractCallback.jsx" path="/Users/kushika/Environment/rootzjs-core/tests/dev/PrintFromContractCallback.jsx">
        <metrics statements="6" coveredstatements="6" conditionals="0" coveredconditionals="0" methods="2" coveredmethods="2"/>
        <line num="6" count="1" type="stmt"/>
        <line num="12" count="2" type="stmt"/>
        <line num="20" count="1" type="stmt"/>
        <line num="21" count="1" type="stmt"/>
        <line num="24" count="1" type="stmt"/>
        <line num="27" count="1" type="stmt"/>
      </file>
      <file name="PrintFromState.jsx" path="/Users/kushika/Environment/rootzjs-core/tests/dev/PrintFromState.jsx">
        <metrics statements="4" coveredstatements="4" conditionals="0" coveredconditionals="0" methods="1" coveredmethods="1"/>
        <line num="6" count="1" type="stmt"/>
        <line num="11" count="1" type="stmt"/>
        <line num="16" count="1" type="stmt"/>
        <line num="18" count="1" type="stmt"/>
      </file>
    </package>
    <package name="tests.prod">
      <metrics statements="50" coveredstatements="49" conditionals="4" coveredconditionals="3" methods="16" coveredmethods="16"/>
      <file name="CheckForArgumentsInActionCallback.jsx" path="/Users/kushika/Environment/rootzjs-core/tests/prod/CheckForArgumentsInActionCallback.jsx">
        <metrics statements="6" coveredstatements="6" conditionals="0" coveredconditionals="0" methods="3" coveredmethods="3"/>
        <line num="6" count="1" type="stmt"/>
        <line num="12" count="2" type="stmt"/>
        <line num="15" count="1" type="stmt"/>
        <line num="20" count="1" type="stmt"/>
        <line num="21" count="1" type="stmt"/>
        <line num="23" count="1" type="stmt"/>
      </file>
      <file name="CheckForArgumentsInContractCallback.jsx" path="/Users/kushika/Environment/rootzjs-core/tests/prod/CheckForArgumentsInContractCallback.jsx">
        <metrics statements="7" coveredstatements="7" conditionals="0" coveredconditionals="0" methods="3" coveredmethods="3"/>
        <line num="6" count="1" type="stmt"/>
        <line num="12" count="2" type="stmt"/>
        <line num="15" count="1" type="stmt"/>
        <line num="20" count="1" type="stmt"/>
        <line num="21" count="1" type="stmt"/>
        <line num="24" count="1" type="stmt"/>
        <line num="29" count="1" type="stmt"/>
      </file>
      <file name="CheckForStateInActionCallback.jsx" path="/Users/kushika/Environment/rootzjs-core/tests/prod/CheckForStateInActionCallback.jsx">
        <metrics statements="8" coveredstatements="7" conditionals="4" coveredconditionals="3" methods="2" coveredmethods="2"/>
        <line num="6" count="1" type="stmt"/>
        <line num="12" count="2" type="stmt"/>
        <line num="20" count="1" type="stmt"/>
        <line num="21" count="1" type="stmt"/>
        <line num="22" count="1" type="cond" truecount="3" falsecount="1"/>
        <line num="23" count="1" type="stmt"/>
        <line num="25" count="0" type="stmt"/>
        <line num="28" count="1" type="stmt"/>
      </file>
      <file name="Print.jsx" path="/Users/kushika/Environment/rootzjs-core/tests/prod/Print.jsx">
        <metrics statements="3" coveredstatements="3" conditionals="0" coveredconditionals="0" methods="1" coveredmethods="1"/>
        <line num="6" count="1" type="stmt"/>
        <line num="11" count="1" type="stmt"/>
        <line num="17" count="1" type="stmt"/>
      </file>
      <file name="PrintFromAction.jsx" path="/Users/kushika/Environment/rootzjs-core/tests/prod/PrintFromAction.jsx">
        <metrics statements="5" coveredstatements="5" conditionals="0" coveredconditionals="0" methods="1" coveredmethods="1"/>
        <line num="6" count="1" type="stmt"/>
        <line num="12" count="2" type="stmt"/>
        <line num="20" count="1" type="stmt"/>
        <line num="21" count="1" type="stmt"/>
        <line num="23" count="1" type="stmt"/>
      </file>
      <file name="PrintFromActionCallback.jsx" path="/Users/kushika/Environment/rootzjs-core/tests/prod/PrintFromActionCallback.jsx">
        <metrics statements="6" coveredstatements="6" conditionals="0" coveredconditionals="0" methods="2" coveredmethods="2"/>
        <line num="6" count="1" type="stmt"/>
        <line num="12" count="2" type="stmt"/>
        <line num="20" count="1" type="stmt"/>
        <line num="21" count="1" type="stmt"/>
        <line num="24" count="1" type="stmt"/>
        <line num="27" count="1" type="stmt"/>
      </file>
      <file name="PrintFromContract.jsx" path="/Users/kushika/Environment/rootzjs-core/tests/prod/PrintFromContract.jsx">
        <metrics statements="5" coveredstatements="5" conditionals="0" coveredconditionals="0" methods="1" coveredmethods="1"/>
        <line num="6" count="1" type="stmt"/>
        <line num="12" count="2" type="stmt"/>
        <line num="20" count="1" type="stmt"/>
        <line num="21" count="1" type="stmt"/>
        <line num="23" count="1" type="stmt"/>
      </file>
      <file name="PrintFromContractCallback.jsx" path="/Users/kushika/Environment/rootzjs-core/tests/prod/PrintFromContractCallback.jsx">
        <metrics statements="6" coveredstatements="6" conditionals="0" coveredconditionals="0" methods="2" coveredmethods="2"/>
        <line num="6" count="1" type="stmt"/>
        <line num="12" count="2" type="stmt"/>
        <line num="20" count="1" type="stmt"/>
        <line num="21" count="1" type="stmt"/>
        <line num="24" count="1" type="stmt"/>
        <line num="27" count="1" type="stmt"/>
      </file>
      <file name="PrintFromState.jsx" path="/Users/kushika/Environment/rootzjs-core/tests/prod/PrintFromState.jsx">
        <metrics statements="4" coveredstatements="4" conditionals="0" coveredconditionals="0" methods="1" coveredmethods="1"/>
        <line num="6" count="1" type="stmt"/>
        <line num="11" count="1" type="stmt"/>
        <line num="16" count="1" type="stmt"/>
        <line num="18" count="1" type="stmt"/>
      </file>
    </package>
  </project>
</coverage>
