{"/Users/kushika/Environment/rootzjs-core/dist/rootz-core.dev.js": {"path":"/Users/kushika/Environment/rootzjs-core/dist/rootz-core.dev.js","statementMap":{"0":{"start":{"line":1,"column":0},"end":{"line":1945,"column":3}},"1":{"start":{"line":2,"column":1},"end":{"line":9,"column":2}},"2":{"start":{"line":3,"column":2},"end":{"line":3,"column":45}},"3":{"start":{"line":4,"column":6},"end":{"line":9,"column":2}},"4":{"start":{"line":5,"column":2},"end":{"line":5,"column":29}},"5":{"start":{"line":7,"column":10},"end":{"line":7,"column":90}},"6":{"start":{"line":8,"column":2},"end":{"line":8,"column":75}},"7":{"start":{"line":8,"column":18},"end":{"line":8,"column":75}},"8":{"start":{"line":11,"column":0},"end":{"line":1944,"column":1}},"9":{"start":{"line":12,"column":37},"end":{"line":1872,"column":11}},"10":{"start":{"line":18,"column":2},"end":{"line":18,"column":56}},"11":{"start":{"line":18,"column":39},"end":{"line":18,"column":56}},"12":{"start":{"line":20,"column":2},"end":{"line":22,"column":3}},"13":{"start":{"line":20,"column":15},"end":{"line":20,"column":16}},"14":{"start":{"line":20,"column":25},"end":{"line":20,"column":39}},"15":{"start":{"line":21,"column":4},"end":{"line":21,"column":21}},"16":{"start":{"line":24,"column":2},"end":{"line":24,"column":14}},"17":{"start":{"line":27,"column":0},"end":{"line":27,"column":35}},"18":{"start":{"line":34,"column":23},"end":{"line":34,"column":47}},"19":{"start":{"line":37,"column":2},"end":{"line":37,"column":55}},"20":{"start":{"line":37,"column":26},"end":{"line":37,"column":55}},"21":{"start":{"line":40,"column":0},"end":{"line":40,"column":36}},"22":{"start":{"line":48,"column":2},"end":{"line":50,"column":3}},"23":{"start":{"line":49,"column":4},"end":{"line":49,"column":90}},"24":{"start":{"line":52,"column":2},"end":{"line":52,"column":14}},"25":{"start":{"line":55,"column":0},"end":{"line":55,"column":40}},"26":{"start":{"line":63,"column":2},"end":{"line":69,"column":3}},"27":{"start":{"line":64,"column":15},"end":{"line":64,"column":28}},"28":{"start":{"line":65,"column":16},"end":{"line":65,"column":26}},"29":{"start":{"line":67,"column":4},"end":{"line":67,"column":18}},"30":{"start":{"line":68,"column":4},"end":{"line":68,"column":11}},"31":{"start":{"line":71,"column":2},"end":{"line":75,"column":3}},"32":{"start":{"line":72,"column":4},"end":{"line":72,"column":19}},"33":{"start":{"line":74,"column":4},"end":{"line":74,"column":47}},"34":{"start":{"line":79,"column":2},"end":{"line":95,"column":4}},"35":{"start":{"line":80,"column":15},"end":{"line":80,"column":19}},"36":{"start":{"line":81,"column":15},"end":{"line":81,"column":24}},"37":{"start":{"line":82,"column":4},"end":{"line":94,"column":7}},"38":{"start":{"line":83,"column":16},"end":{"line":83,"column":36}},"39":{"start":{"line":86,"column":8},"end":{"line":86,"column":79}},"40":{"start":{"line":90,"column":8},"end":{"line":90,"column":78}},"41":{"start":{"line":93,"column":6},"end":{"line":93,"column":23}},"42":{"start":{"line":98,"column":0},"end":{"line":98,"column":35}},"43":{"start":{"line":106,"column":2},"end":{"line":108,"column":3}},"44":{"start":{"line":107,"column":4},"end":{"line":107,"column":61}},"45":{"start":{"line":111,"column":0},"end":{"line":111,"column":33}},"46":{"start":{"line":119,"column":2},"end":{"line":125,"column":3}},"47":{"start":{"line":119,"column":15},"end":{"line":119,"column":16}},"48":{"start":{"line":120,"column":21},"end":{"line":120,"column":29}},"49":{"start":{"line":121,"column":4},"end":{"line":121,"column":59}},"50":{"start":{"line":122,"column":4},"end":{"line":122,"column":35}},"51":{"start":{"line":123,"column":4},"end":{"line":123,"column":58}},"52":{"start":{"line":123,"column":31},"end":{"line":123,"column":58}},"53":{"start":{"line":124,"column":4},"end":{"line":124,"column":62}},"54":{"start":{"line":129,"column":2},"end":{"line":129,"column":71}},"55":{"start":{"line":129,"column":18},"end":{"line":129,"column":71}},"56":{"start":{"line":130,"column":2},"end":{"line":130,"column":63}},"57":{"start":{"line":130,"column":19},"end":{"line":130,"column":63}},"58":{"start":{"line":131,"column":2},"end":{"line":131,"column":21}},"59":{"start":{"line":134,"column":0},"end":{"line":134,"column":30}},"60":{"start":{"line":142,"column":2},"end":{"line":151,"column":3}},"61":{"start":{"line":143,"column":4},"end":{"line":148,"column":7}},"62":{"start":{"line":150,"column":4},"end":{"line":150,"column":21}},"63":{"start":{"line":153,"column":2},"end":{"line":153,"column":13}},"64":{"start":{"line":156,"column":0},"end":{"line":156,"column":33}},"65":{"start":{"line":164,"column":2},"end":{"line":166,"column":4}},"66":{"start":{"line":165,"column":4},"end":{"line":165,"column":51}},"67":{"start":{"line":167,"column":2},"end":{"line":167,"column":28}},"68":{"start":{"line":170,"column":0},"end":{"line":170,"column":33}},"69":{"start":{"line":177,"column":21},"end":{"line":177,"column":45}},"70":{"start":{"line":180,"column":2},"end":{"line":182,"column":3}},"71":{"start":{"line":181,"column":4},"end":{"line":181,"column":78}},"72":{"start":{"line":184,"column":2},"end":{"line":190,"column":5}},"73":{"start":{"line":191,"column":2},"end":{"line":191,"column":55}},"74":{"start":{"line":191,"column":18},"end":{"line":191,"column":55}},"75":{"start":{"line":194,"column":0},"end":{"line":194,"column":27}},"76":{"start":{"line":202,"column":2},"end":{"line":202,"column":96}},"77":{"start":{"line":202,"column":72},"end":{"line":202,"column":96}},"78":{"start":{"line":205,"column":0},"end":{"line":205,"column":34}},"79":{"start":{"line":213,"column":2},"end":{"line":213,"column":158}},"80":{"start":{"line":216,"column":0},"end":{"line":216,"column":36}},"81":{"start":{"line":223,"column":14},"end":{"line":223,"column":36}},"82":{"start":{"line":225,"column":28},"end":{"line":225,"column":52}},"83":{"start":{"line":228,"column":2},"end":{"line":230,"column":3}},"84":{"start":{"line":229,"column":4},"end":{"line":229,"column":16}},"85":{"start":{"line":232,"column":2},"end":{"line":232,"column":37}},"86":{"start":{"line":235,"column":0},"end":{"line":235,"column":44}},"87":{"start":{"line":243,"column":2},"end":{"line":246,"column":4}},"88":{"start":{"line":244,"column":4},"end":{"line":244,"column":20}},"89":{"start":{"line":245,"column":4},"end":{"line":245,"column":13}},"90":{"start":{"line":248,"column":2},"end":{"line":248,"column":31}},"91":{"start":{"line":251,"column":0},"end":{"line":251,"column":33}},"92":{"start":{"line":258,"column":24},"end":{"line":258,"column":48}},"93":{"start":{"line":260,"column":22},"end":{"line":260,"column":46}},"94":{"start":{"line":262,"column":33},"end":{"line":262,"column":57}},"95":{"start":{"line":264,"column":24},"end":{"line":264,"column":48}},"96":{"start":{"line":267,"column":2},"end":{"line":267,"column":114}},"97":{"start":{"line":270,"column":0},"end":{"line":270,"column":36}},"98":{"start":{"line":280,"column":2},"end":{"line":288,"column":3}},"99":{"start":{"line":281,"column":4},"end":{"line":283,"column":6}},"100":{"start":{"line":282,"column":6},"end":{"line":282,"column":24}},"101":{"start":{"line":285,"column":4},"end":{"line":287,"column":6}},"102":{"start":{"line":286,"column":6},"end":{"line":286,"column":131}},"103":{"start":{"line":290,"column":2},"end":{"line":290,"column":22}},"104":{"start":{"line":293,"column":0},"end":{"line":293,"column":25}},"105":{"start":{"line":300,"column":23},"end":{"line":300,"column":47}},"106":{"start":{"line":303,"column":2},"end":{"line":303,"column":17}},"107":{"start":{"line":303,"column":10},"end":{"line":303,"column":17}},"108":{"start":{"line":304,"column":2},"end":{"line":304,"column":64}},"109":{"start":{"line":304,"column":29},"end":{"line":304,"column":64}},"110":{"start":{"line":305,"column":10},"end":{"line":305,"column":56}},"111":{"start":{"line":306,"column":2},"end":{"line":306,"column":62}},"112":{"start":{"line":306,"column":39},"end":{"line":306,"column":62}},"113":{"start":{"line":307,"column":2},"end":{"line":307,"column":55}},"114":{"start":{"line":307,"column":34},"end":{"line":307,"column":55}},"115":{"start":{"line":308,"column":2},"end":{"line":308,"column":114}},"116":{"start":{"line":308,"column":79},"end":{"line":308,"column":114}},"117":{"start":{"line":311,"column":0},"end":{"line":311,"column":45}},"118":{"start":{"line":318,"column":0},"end":{"line":318,"column":42}},"119":{"start":{"line":328,"column":0},"end":{"line":328,"column":43}},"120":{"start":{"line":331,"column":0},"end":{"line":336,"column":3}},"121":{"start":{"line":332,"column":36},"end":{"line":332,"column":46}},"122":{"start":{"line":333,"column":37},"end":{"line":333,"column":48}},"123":{"start":{"line":334,"column":36},"end":{"line":334,"column":46}},"124":{"start":{"line":335,"column":36},"end":{"line":335,"column":46}},"125":{"start":{"line":339,"column":18},"end":{"line":339,"column":42}},"126":{"start":{"line":340,"column":39},"end":{"line":340,"column":73}},"127":{"start":{"line":342,"column":23},"end":{"line":342,"column":47}},"128":{"start":{"line":343,"column":44},"end":{"line":343,"column":83}},"129":{"start":{"line":345,"column":21},"end":{"line":345,"column":43}},"130":{"start":{"line":346,"column":34},"end":{"line":346,"column":71}},"131":{"start":{"line":348,"column":21},"end":{"line":348,"column":45}},"132":{"start":{"line":349,"column":42},"end":{"line":349,"column":79}},"133":{"start":{"line":351,"column":18},"end":{"line":351,"column":42}},"134":{"start":{"line":352,"column":39},"end":{"line":352,"column":73}},"135":{"start":{"line":354,"column":15},"end":{"line":354,"column":39}},"136":{"start":{"line":355,"column":36},"end":{"line":355,"column":67}},"137":{"start":{"line":357,"column":32},"end":{"line":357,"column":56}},"138":{"start":{"line":358,"column":53},"end":{"line":358,"column":101}},"139":{"start":{"line":360,"column":21},"end":{"line":360,"column":45}},"140":{"start":{"line":361,"column":42},"end":{"line":361,"column":79}},"141":{"start":{"line":363,"column":21},"end":{"line":363,"column":45}},"142":{"start":{"line":364,"column":42},"end":{"line":364,"column":79}},"143":{"start":{"line":366,"column":24},"end":{"line":366,"column":48}},"144":{"start":{"line":367,"column":45},"end":{"line":367,"column":85}},"145":{"start":{"line":369,"column":68},"end":{"line":369,"column":92}},"146":{"start":{"line":370,"column":88},"end":{"line":370,"column":172}},"147":{"start":{"line":372,"column":17},"end":{"line":372,"column":41}},"148":{"start":{"line":373,"column":38},"end":{"line":373,"column":71}},"149":{"start":{"line":377,"column":14},"end":{"line":382,"column":1}},"150":{"start":{"line":383,"column":23},"end":{"line":396,"column":1}},"151":{"start":{"line":397,"column":13},"end":{"line":430,"column":1}},"152":{"start":{"line":400,"column":4},"end":{"line":400,"column":80}},"153":{"start":{"line":404,"column":4},"end":{"line":404,"column":148}},"154":{"start":{"line":408,"column":4},"end":{"line":408,"column":97}},"155":{"start":{"line":412,"column":4},"end":{"line":412,"column":140}},"156":{"start":{"line":416,"column":4},"end":{"line":416,"column":110}},"157":{"start":{"line":420,"column":4},"end":{"line":420,"column":131}},"158":{"start":{"line":424,"column":4},"end":{"line":424,"column":109}},"159":{"start":{"line":428,"column":4},"end":{"line":428,"column":142}},"160":{"start":{"line":431,"column":13},"end":{"line":462,"column":1}},"161":{"start":{"line":432,"column":2},"end":{"line":461,"column":3}},"162":{"start":{"line":435,"column":8},"end":{"line":435,"column":53}},"163":{"start":{"line":436,"column":8},"end":{"line":436,"column":14}},"164":{"start":{"line":441,"column":8},"end":{"line":441,"column":55}},"165":{"start":{"line":442,"column":8},"end":{"line":442,"column":14}},"166":{"start":{"line":447,"column":8},"end":{"line":447,"column":59}},"167":{"start":{"line":448,"column":8},"end":{"line":448,"column":14}},"168":{"start":{"line":453,"column":8},"end":{"line":453,"column":56}},"169":{"start":{"line":454,"column":8},"end":{"line":454,"column":14}},"170":{"start":{"line":459,"column":8},"end":{"line":459,"column":59}},"171":{"start":{"line":463,"column":15},"end":{"line":548,"column":1}},"172":{"start":{"line":465,"column":4},"end":{"line":468,"column":5}},"173":{"start":{"line":466,"column":6},"end":{"line":466,"column":43}},"174":{"start":{"line":467,"column":6},"end":{"line":467,"column":24}},"175":{"start":{"line":471,"column":4},"end":{"line":474,"column":5}},"176":{"start":{"line":472,"column":6},"end":{"line":472,"column":41}},"177":{"start":{"line":473,"column":6},"end":{"line":473,"column":24}},"178":{"start":{"line":477,"column":12},"end":{"line":477,"column":25}},"179":{"start":{"line":479,"column":4},"end":{"line":482,"column":5}},"180":{"start":{"line":480,"column":6},"end":{"line":480,"column":42}},"181":{"start":{"line":481,"column":6},"end":{"line":481,"column":24}},"182":{"start":{"line":485,"column":4},"end":{"line":488,"column":5}},"183":{"start":{"line":486,"column":6},"end":{"line":486,"column":42}},"184":{"start":{"line":487,"column":6},"end":{"line":487,"column":24}},"185":{"start":{"line":491,"column":4},"end":{"line":494,"column":5}},"186":{"start":{"line":492,"column":6},"end":{"line":492,"column":47}},"187":{"start":{"line":493,"column":6},"end":{"line":493,"column":24}},"188":{"start":{"line":496,"column":4},"end":{"line":499,"column":5}},"189":{"start":{"line":497,"column":6},"end":{"line":497,"column":48}},"190":{"start":{"line":498,"column":6},"end":{"line":498,"column":24}},"191":{"start":{"line":502,"column":12},"end":{"line":502,"column":25}},"192":{"start":{"line":504,"column":4},"end":{"line":507,"column":5}},"193":{"start":{"line":505,"column":6},"end":{"line":505,"column":45}},"194":{"start":{"line":506,"column":6},"end":{"line":506,"column":24}},"195":{"start":{"line":509,"column":4},"end":{"line":512,"column":5}},"196":{"start":{"line":510,"column":6},"end":{"line":510,"column":47}},"197":{"start":{"line":511,"column":6},"end":{"line":511,"column":24}},"198":{"start":{"line":514,"column":4},"end":{"line":517,"column":5}},"199":{"start":{"line":515,"column":6},"end":{"line":515,"column":48}},"200":{"start":{"line":516,"column":6},"end":{"line":516,"column":24}},"201":{"start":{"line":520,"column":4},"end":{"line":523,"column":5}},"202":{"start":{"line":521,"column":6},"end":{"line":521,"column":47}},"203":{"start":{"line":522,"column":6},"end":{"line":522,"column":24}},"204":{"start":{"line":525,"column":4},"end":{"line":528,"column":5}},"205":{"start":{"line":526,"column":6},"end":{"line":526,"column":46}},"206":{"start":{"line":527,"column":6},"end":{"line":527,"column":24}},"207":{"start":{"line":531,"column":12},"end":{"line":531,"column":25}},"208":{"start":{"line":533,"column":4},"end":{"line":536,"column":5}},"209":{"start":{"line":534,"column":6},"end":{"line":534,"column":45}},"210":{"start":{"line":535,"column":6},"end":{"line":535,"column":24}},"211":{"start":{"line":538,"column":4},"end":{"line":541,"column":5}},"212":{"start":{"line":539,"column":6},"end":{"line":539,"column":47}},"213":{"start":{"line":540,"column":6},"end":{"line":540,"column":24}},"214":{"start":{"line":543,"column":4},"end":{"line":546,"column":5}},"215":{"start":{"line":544,"column":6},"end":{"line":544,"column":46}},"216":{"start":{"line":545,"column":6},"end":{"line":545,"column":24}},"217":{"start":{"line":561,"column":33},"end":{"line":561,"column":47}},"218":{"start":{"line":561,"column":49},"end":{"line":561,"column":243}},"219":{"start":{"line":561,"column":93},"end":{"line":561,"column":124}},"220":{"start":{"line":561,"column":126},"end":{"line":561,"column":221}},"221":{"start":{"line":561,"column":133},"end":{"line":561,"column":221}},"222":{"start":{"line":561,"column":161},"end":{"line":561,"column":217}},"223":{"start":{"line":561,"column":222},"end":{"line":561,"column":241}},"224":{"start":{"line":561,"column":244},"end":{"line":561,"column":253}},"225":{"start":{"line":563,"column":28},"end":{"line":563,"column":464}},"226":{"start":{"line":563,"column":41},"end":{"line":563,"column":42}},"227":{"start":{"line":563,"column":81},"end":{"line":563,"column":121}},"228":{"start":{"line":563,"column":123},"end":{"line":563,"column":462}},"229":{"start":{"line":563,"column":136},"end":{"line":563,"column":225}},"230":{"start":{"line":563,"column":184},"end":{"line":563,"column":221}},"231":{"start":{"line":563,"column":233},"end":{"line":563,"column":462}},"232":{"start":{"line":563,"column":273},"end":{"line":563,"column":337}},"233":{"start":{"line":563,"column":347},"end":{"line":563,"column":460}},"234":{"start":{"line":563,"column":389},"end":{"line":563,"column":456}},"235":{"start":{"line":563,"column":465},"end":{"line":563,"column":474}},"236":{"start":{"line":565,"column":35},"end":{"line":565,"column":62}},"237":{"start":{"line":565,"column":64},"end":{"line":565,"column":323}},"238":{"start":{"line":565,"column":94},"end":{"line":565,"column":121}},"239":{"start":{"line":565,"column":126},"end":{"line":565,"column":267}},"240":{"start":{"line":565,"column":143},"end":{"line":565,"column":185}},"241":{"start":{"line":565,"column":187},"end":{"line":565,"column":226}},"242":{"start":{"line":565,"column":236},"end":{"line":565,"column":265}},"243":{"start":{"line":565,"column":268},"end":{"line":565,"column":320}},"244":{"start":{"line":567,"column":39},"end":{"line":567,"column":110}},"245":{"start":{"line":567,"column":97},"end":{"line":567,"column":110}},"246":{"start":{"line":567,"column":111},"end":{"line":567,"column":152}},"247":{"start":{"line":567,"column":139},"end":{"line":567,"column":152}},"248":{"start":{"line":567,"column":153},"end":{"line":567,"column":198}},"249":{"start":{"line":567,"column":186},"end":{"line":567,"column":198}},"250":{"start":{"line":567,"column":199},"end":{"line":567,"column":322}},"251":{"start":{"line":567,"column":205},"end":{"line":567,"column":279}},"252":{"start":{"line":567,"column":280},"end":{"line":567,"column":292}},"253":{"start":{"line":567,"column":307},"end":{"line":567,"column":320}},"254":{"start":{"line":583,"column":0},"end":{"line":583,"column":74}},"255":{"start":{"line":585,"column":10},"end":{"line":585,"column":12}},"256":{"start":{"line":586,"column":12},"end":{"line":586,"column":14}},"257":{"start":{"line":588,"column":10},"end":{"line":590,"column":1}},"258":{"start":{"line":589,"column":2},"end":{"line":589,"column":32}},"259":{"start":{"line":592,"column":25},"end":{"line":594,"column":1}},"260":{"start":{"line":593,"column":2},"end":{"line":593,"column":33}},"261":{"start":{"line":596,"column":24},"end":{"line":598,"column":1}},"262":{"start":{"line":597,"column":2},"end":{"line":597,"column":83}},"263":{"start":{"line":600,"column":20},"end":{"line":606,"column":1}},"264":{"start":{"line":601,"column":10},"end":{"line":601,"column":27}},"265":{"start":{"line":602,"column":10},"end":{"line":602,"column":53}},"266":{"start":{"line":603,"column":2},"end":{"line":605,"column":5}},"267":{"start":{"line":608,"column":0},"end":{"line":608,"column":106}},"268":{"start":{"line":609,"column":0},"end":{"line":609,"column":18}},"269":{"start":{"line":622,"column":17},"end":{"line":624,"column":1}},"270":{"start":{"line":623,"column":2},"end":{"line":623,"column":35}},"271":{"start":{"line":637,"column":18},"end":{"line":639,"column":1}},"272":{"start":{"line":638,"column":2},"end":{"line":638,"column":15}},"273":{"start":{"line":653,"column":17},"end":{"line":655,"column":1}},"274":{"start":{"line":654,"column":2},"end":{"line":654,"column":13}},"275":{"start":{"line":668,"column":19},"end":{"line":724,"column":1}},"276":{"start":{"line":670,"column":10},"end":{"line":670,"column":14}},"277":{"start":{"line":671,"column":10},"end":{"line":671,"column":19}},"278":{"start":{"line":672,"column":10},"end":{"line":672,"column":20}},"279":{"start":{"line":673,"column":10},"end":{"line":673,"column":21}},"280":{"start":{"line":674,"column":10},"end":{"line":674,"column":12}},"281":{"start":{"line":675,"column":2},"end":{"line":675,"column":39}},"282":{"start":{"line":676,"column":2},"end":{"line":722,"column":143}},"283":{"start":{"line":677,"column":4},"end":{"line":677,"column":29}},"284":{"start":{"line":679,"column":12},"end":{"line":679,"column":27}},"285":{"start":{"line":684,"column":6},"end":{"line":684,"column":40}},"286":{"start":{"line":686,"column":6},"end":{"line":686,"column":26}},"287":{"start":{"line":687,"column":6},"end":{"line":689,"column":8}},"288":{"start":{"line":691,"column":6},"end":{"line":691,"column":57}},"289":{"start":{"line":692,"column":6},"end":{"line":692,"column":15}},"290":{"start":{"line":695,"column":4},"end":{"line":719,"column":8}},"291":{"start":{"line":698,"column":8},"end":{"line":698,"column":15}},"292":{"start":{"line":703,"column":8},"end":{"line":703,"column":27}},"293":{"start":{"line":708,"column":16},"end":{"line":708,"column":33}},"294":{"start":{"line":709,"column":8},"end":{"line":709,"column":72}},"295":{"start":{"line":711,"column":16},"end":{"line":711,"column":28}},"296":{"start":{"line":712,"column":8},"end":{"line":717,"column":11}},"297":{"start":{"line":721,"column":4},"end":{"line":721,"column":13}},"298":{"start":{"line":723,"column":2},"end":{"line":723,"column":14}},"299":{"start":{"line":733,"column":12},"end":{"line":738,"column":1}},"300":{"start":{"line":734,"column":2},"end":{"line":734,"column":14}},"301":{"start":{"line":735,"column":2},"end":{"line":735,"column":20}},"302":{"start":{"line":736,"column":2},"end":{"line":736,"column":21}},"303":{"start":{"line":737,"column":2},"end":{"line":737,"column":21}},"304":{"start":{"line":745,"column":0},"end":{"line":749,"column":2}},"305":{"start":{"line":746,"column":2},"end":{"line":746,"column":44}},"306":{"start":{"line":747,"column":2},"end":{"line":747,"column":75}},"307":{"start":{"line":748,"column":2},"end":{"line":748,"column":23}},"308":{"start":{"line":758,"column":0},"end":{"line":775,"column":2}},"309":{"start":{"line":759,"column":2},"end":{"line":759,"column":53}},"310":{"start":{"line":761,"column":2},"end":{"line":774,"column":3}},"311":{"start":{"line":762,"column":12},"end":{"line":762,"column":14}},"312":{"start":{"line":764,"column":4},"end":{"line":768,"column":6}},"313":{"start":{"line":765,"column":6},"end":{"line":765,"column":19}},"314":{"start":{"line":766,"column":6},"end":{"line":766,"column":79}},"315":{"start":{"line":767,"column":6},"end":{"line":767,"column":29}},"316":{"start":{"line":770,"column":4},"end":{"line":770,"column":84}},"317":{"start":{"line":771,"column":4},"end":{"line":771,"column":57}},"318":{"start":{"line":773,"column":4},"end":{"line":773,"column":38}},"319":{"start":{"line":783,"column":0},"end":{"line":801,"column":2}},"320":{"start":{"line":784,"column":10},"end":{"line":784,"column":14}},"321":{"start":{"line":785,"column":2},"end":{"line":785,"column":48}},"322":{"start":{"line":787,"column":2},"end":{"line":800,"column":3}},"323":{"start":{"line":788,"column":12},"end":{"line":788,"column":14}},"324":{"start":{"line":790,"column":4},"end":{"line":794,"column":6}},"325":{"start":{"line":791,"column":6},"end":{"line":791,"column":19}},"326":{"start":{"line":792,"column":6},"end":{"line":792,"column":73}},"327":{"start":{"line":793,"column":6},"end":{"line":793,"column":26}},"328":{"start":{"line":796,"column":4},"end":{"line":796,"column":82}},"329":{"start":{"line":797,"column":4},"end":{"line":797,"column":55}},"330":{"start":{"line":798,"column":9},"end":{"line":800,"column":3}},"331":{"start":{"line":799,"column":4},"end":{"line":799,"column":33}},"332":{"start":{"line":809,"column":0},"end":{"line":848,"column":2}},"333":{"start":{"line":810,"column":10},"end":{"line":810,"column":14}},"334":{"start":{"line":811,"column":2},"end":{"line":811,"column":56}},"335":{"start":{"line":812,"column":10},"end":{"line":812,"column":12}},"336":{"start":{"line":813,"column":2},"end":{"line":845,"column":6}},"337":{"start":{"line":819,"column":12},"end":{"line":819,"column":21}},"338":{"start":{"line":820,"column":4},"end":{"line":844,"column":10}},"339":{"start":{"line":821,"column":6},"end":{"line":843,"column":7}},"340":{"start":{"line":822,"column":8},"end":{"line":842,"column":9}},"341":{"start":{"line":824,"column":12},"end":{"line":824,"column":25}},"342":{"start":{"line":825,"column":12},"end":{"line":825,"column":37}},"343":{"start":{"line":827,"column":12},"end":{"line":829,"column":13}},"344":{"start":{"line":828,"column":14},"end":{"line":828,"column":26}},"345":{"start":{"line":831,"column":12},"end":{"line":831,"column":23}},"346":{"start":{"line":832,"column":12},"end":{"line":832,"column":27}},"347":{"start":{"line":835,"column":12},"end":{"line":835,"column":23}},"348":{"start":{"line":836,"column":12},"end":{"line":836,"column":60}},"349":{"start":{"line":837,"column":12},"end":{"line":837,"column":32}},"350":{"start":{"line":841,"column":12},"end":{"line":841,"column":28}},"351":{"start":{"line":846,"column":2},"end":{"line":846,"column":80}},"352":{"start":{"line":847,"column":2},"end":{"line":847,"column":53}},"353":{"start":{"line":857,"column":0},"end":{"line":895,"column":2}},"354":{"start":{"line":858,"column":2},"end":{"line":858,"column":61}},"355":{"start":{"line":859,"column":10},"end":{"line":859,"column":12}},"356":{"start":{"line":860,"column":2},"end":{"line":892,"column":6}},"357":{"start":{"line":866,"column":12},"end":{"line":866,"column":21}},"358":{"start":{"line":867,"column":4},"end":{"line":891,"column":10}},"359":{"start":{"line":868,"column":6},"end":{"line":890,"column":7}},"360":{"start":{"line":869,"column":8},"end":{"line":889,"column":9}},"361":{"start":{"line":871,"column":12},"end":{"line":871,"column":25}},"362":{"start":{"line":872,"column":12},"end":{"line":872,"column":40}},"363":{"start":{"line":874,"column":12},"end":{"line":876,"column":13}},"364":{"start":{"line":875,"column":14},"end":{"line":875,"column":26}},"365":{"start":{"line":878,"column":12},"end":{"line":878,"column":23}},"366":{"start":{"line":879,"column":12},"end":{"line":879,"column":27}},"367":{"start":{"line":882,"column":12},"end":{"line":882,"column":23}},"368":{"start":{"line":883,"column":12},"end":{"line":883,"column":63}},"369":{"start":{"line":884,"column":12},"end":{"line":884,"column":35}},"370":{"start":{"line":888,"column":12},"end":{"line":888,"column":28}},"371":{"start":{"line":893,"column":2},"end":{"line":893,"column":82}},"372":{"start":{"line":894,"column":2},"end":{"line":894,"column":53}},"373":{"start":{"line":908,"column":0},"end":{"line":910,"column":2}},"374":{"start":{"line":909,"column":2},"end":{"line":909,"column":35}},"375":{"start":{"line":941,"column":17},"end":{"line":953,"column":1}},"376":{"start":{"line":942,"column":2},"end":{"line":942,"column":48}},"377":{"start":{"line":943,"column":10},"end":{"line":943,"column":17}},"378":{"start":{"line":944,"column":10},"end":{"line":944,"column":25}},"379":{"start":{"line":945,"column":2},"end":{"line":950,"column":4}},"380":{"start":{"line":952,"column":2},"end":{"line":952,"column":27}},"381":{"start":{"line":959,"column":0},"end":{"line":962,"column":2}},"382":{"start":{"line":963,"column":0},"end":{"line":966,"column":2}},"383":{"start":{"line":967,"column":0},"end":{"line":971,"column":2}},"384":{"start":{"line":972,"column":0},"end":{"line":975,"column":2}},"385":{"start":{"line":976,"column":0},"end":{"line":979,"column":2}},"386":{"start":{"line":980,"column":0},"end":{"line":984,"column":2}},"387":{"start":{"line":985,"column":0},"end":{"line":987,"column":2}},"388":{"start":{"line":988,"column":0},"end":{"line":993,"column":3}},"389":{"start":{"line":1011,"column":27},"end":{"line":1011,"column":51}},"390":{"start":{"line":1015,"column":0},"end":{"line":1015,"column":57}},"391":{"start":{"line":1017,"column":0},"end":{"line":1065,"column":2}},"392":{"start":{"line":1019,"column":4},"end":{"line":1022,"column":5}},"393":{"start":{"line":1021,"column":6},"end":{"line":1021,"column":13}},"394":{"start":{"line":1023,"column":14},"end":{"line":1027,"column":5}},"395":{"start":{"line":1028,"column":4},"end":{"line":1028,"column":37}},"396":{"start":{"line":1029,"column":4},"end":{"line":1029,"column":14}},"397":{"start":{"line":1031,"column":2},"end":{"line":1031,"column":25}},"398":{"start":{"line":1033,"column":4},"end":{"line":1033,"column":16}},"399":{"start":{"line":1037,"column":23},"end":{"line":1060,"column":3}},"400":{"start":{"line":1062,"column":2},"end":{"line":1062,"column":44}},"401":{"start":{"line":1064,"column":2},"end":{"line":1064,"column":24}},"402":{"start":{"line":1080,"column":0},"end":{"line":1084,"column":1}},"403":{"start":{"line":1083,"column":2},"end":{"line":1083,"column":46}},"404":{"start":{"line":1102,"column":27},"end":{"line":1102,"column":73}},"405":{"start":{"line":1104,"column":0},"end":{"line":1104,"column":38}},"406":{"start":{"line":1119,"column":15},"end":{"line":1844,"column":1}},"407":{"start":{"line":1122,"column":11},"end":{"line":1122,"column":27}},"408":{"start":{"line":1123,"column":15},"end":{"line":1123,"column":32}},"409":{"start":{"line":1125,"column":16},"end":{"line":1125,"column":58}},"410":{"start":{"line":1126,"column":23},"end":{"line":1126,"column":55}},"411":{"start":{"line":1127,"column":28},"end":{"line":1127,"column":70}},"412":{"start":{"line":1128,"column":26},"end":{"line":1128,"column":64}},"413":{"start":{"line":1131,"column":4},"end":{"line":1136,"column":7}},"414":{"start":{"line":1137,"column":4},"end":{"line":1137,"column":20}},"415":{"start":{"line":1139,"column":2},"end":{"line":1146,"column":3}},"416":{"start":{"line":1141,"column":4},"end":{"line":1141,"column":19}},"417":{"start":{"line":1143,"column":4},"end":{"line":1145,"column":6}},"418":{"start":{"line":1144,"column":6},"end":{"line":1144,"column":30}},"419":{"start":{"line":1150,"column":25},"end":{"line":1150,"column":96}},"420":{"start":{"line":1151,"column":20},"end":{"line":1151,"column":59}},"421":{"start":{"line":1152,"column":18},"end":{"line":1152,"column":48}},"422":{"start":{"line":1156,"column":4},"end":{"line":1156,"column":65}},"423":{"start":{"line":1158,"column":4},"end":{"line":1158,"column":21}},"424":{"start":{"line":1160,"column":2},"end":{"line":1160,"column":22}},"425":{"start":{"line":1173,"column":4},"end":{"line":1177,"column":5}},"426":{"start":{"line":1174,"column":6},"end":{"line":1174,"column":56}},"427":{"start":{"line":1176,"column":6},"end":{"line":1176,"column":41}},"428":{"start":{"line":1180,"column":31},"end":{"line":1180,"column":47}},"429":{"start":{"line":1181,"column":31},"end":{"line":1181,"column":47}},"430":{"start":{"line":1182,"column":26},"end":{"line":1182,"column":37}},"431":{"start":{"line":1183,"column":26},"end":{"line":1183,"column":37}},"432":{"start":{"line":1187,"column":25},"end":{"line":1187,"column":27}},"433":{"start":{"line":1199,"column":26},"end":{"line":1199,"column":28}},"434":{"start":{"line":1200,"column":2},"end":{"line":1202,"column":4}},"435":{"start":{"line":1201,"column":4},"end":{"line":1201,"column":16}},"436":{"start":{"line":1204,"column":17},"end":{"line":1204,"column":38}},"437":{"start":{"line":1205,"column":32},"end":{"line":1205,"column":74}},"438":{"start":{"line":1206,"column":2},"end":{"line":1212,"column":3}},"439":{"start":{"line":1211,"column":4},"end":{"line":1211,"column":48}},"440":{"start":{"line":1214,"column":11},"end":{"line":1215,"column":58}},"441":{"start":{"line":1216,"column":2},"end":{"line":1216,"column":76}},"442":{"start":{"line":1217,"column":2},"end":{"line":1217,"column":61}},"443":{"start":{"line":1218,"column":2},"end":{"line":1222,"column":4}},"444":{"start":{"line":1227,"column":4},"end":{"line":1231,"column":7}},"445":{"start":{"line":1228,"column":6},"end":{"line":1230,"column":9}},"446":{"start":{"line":1229,"column":8},"end":{"line":1229,"column":41}},"447":{"start":{"line":1234,"column":2},"end":{"line":1242,"column":4}},"448":{"start":{"line":1235,"column":15},"end":{"line":1235,"column":65}},"449":{"start":{"line":1236,"column":4},"end":{"line":1241,"column":14}},"450":{"start":{"line":1244,"column":2},"end":{"line":1253,"column":4}},"451":{"start":{"line":1245,"column":4},"end":{"line":1250,"column":5}},"452":{"start":{"line":1246,"column":6},"end":{"line":1246,"column":64}},"453":{"start":{"line":1248,"column":6},"end":{"line":1248,"column":52}},"454":{"start":{"line":1249,"column":6},"end":{"line":1249,"column":61}},"455":{"start":{"line":1251,"column":4},"end":{"line":1251,"column":41}},"456":{"start":{"line":1252,"column":4},"end":{"line":1252,"column":18}},"457":{"start":{"line":1259,"column":2},"end":{"line":1261,"column":4}},"458":{"start":{"line":1260,"column":4},"end":{"line":1260,"column":28}},"459":{"start":{"line":1265,"column":19},"end":{"line":1265,"column":62}},"460":{"start":{"line":1266,"column":6},"end":{"line":1292,"column":7}},"461":{"start":{"line":1267,"column":8},"end":{"line":1267,"column":27}},"462":{"start":{"line":1269,"column":21},"end":{"line":1269,"column":31}},"463":{"start":{"line":1270,"column":20},"end":{"line":1270,"column":32}},"464":{"start":{"line":1271,"column":8},"end":{"line":1279,"column":9}},"465":{"start":{"line":1274,"column":10},"end":{"line":1278,"column":13}},"466":{"start":{"line":1275,"column":12},"end":{"line":1275,"column":51}},"467":{"start":{"line":1277,"column":12},"end":{"line":1277,"column":50}},"468":{"start":{"line":1281,"column":8},"end":{"line":1291,"column":11}},"469":{"start":{"line":1285,"column":10},"end":{"line":1285,"column":35}},"470":{"start":{"line":1286,"column":10},"end":{"line":1286,"column":26}},"471":{"start":{"line":1290,"column":10},"end":{"line":1290,"column":57}},"472":{"start":{"line":1299,"column":8},"end":{"line":1301,"column":11}},"473":{"start":{"line":1300,"column":10},"end":{"line":1300,"column":47}},"474":{"start":{"line":1304,"column":6},"end":{"line":1322,"column":41}},"475":{"start":{"line":1327,"column":4},"end":{"line":1327,"column":27}},"476":{"start":{"line":1330,"column":2},"end":{"line":1330,"column":49}},"477":{"start":{"line":1331,"column":2},"end":{"line":1333,"column":4}},"478":{"start":{"line":1332,"column":4},"end":{"line":1332,"column":16}},"479":{"start":{"line":1334,"column":2},"end":{"line":1334,"column":40}},"480":{"start":{"line":1339,"column":2},"end":{"line":1352,"column":4}},"481":{"start":{"line":1340,"column":4},"end":{"line":1340,"column":54}},"482":{"start":{"line":1340,"column":32},"end":{"line":1340,"column":54}},"483":{"start":{"line":1342,"column":15},"end":{"line":1345,"column":5}},"484":{"start":{"line":1347,"column":4},"end":{"line":1351,"column":11}},"485":{"start":{"line":1350,"column":10},"end":{"line":1350,"column":58}},"486":{"start":{"line":1355,"column":16},"end":{"line":1355,"column":38}},"487":{"start":{"line":1357,"column":4},"end":{"line":1429,"column":6}},"488":{"start":{"line":1358,"column":6},"end":{"line":1360,"column":7}},"489":{"start":{"line":1359,"column":8},"end":{"line":1359,"column":56}},"490":{"start":{"line":1362,"column":6},"end":{"line":1370,"column":7}},"491":{"start":{"line":1363,"column":8},"end":{"line":1365,"column":9}},"492":{"start":{"line":1364,"column":10},"end":{"line":1364,"column":20}},"493":{"start":{"line":1369,"column":8},"end":{"line":1369,"column":28}},"494":{"start":{"line":1372,"column":6},"end":{"line":1372,"column":30}},"495":{"start":{"line":1373,"column":6},"end":{"line":1373,"column":24}},"496":{"start":{"line":1375,"column":6},"end":{"line":1428,"column":7}},"497":{"start":{"line":1376,"column":23},"end":{"line":1376,"column":39}},"498":{"start":{"line":1377,"column":8},"end":{"line":1383,"column":9}},"499":{"start":{"line":1378,"column":31},"end":{"line":1378,"column":69}},"500":{"start":{"line":1379,"column":10},"end":{"line":1382,"column":11}},"501":{"start":{"line":1380,"column":12},"end":{"line":1380,"column":62}},"502":{"start":{"line":1380,"column":53},"end":{"line":1380,"column":62}},"503":{"start":{"line":1381,"column":12},"end":{"line":1381,"column":34}},"504":{"start":{"line":1385,"column":8},"end":{"line":1400,"column":9}},"505":{"start":{"line":1388,"column":10},"end":{"line":1388,"column":53}},"506":{"start":{"line":1390,"column":15},"end":{"line":1400,"column":9}},"507":{"start":{"line":1391,"column":10},"end":{"line":1394,"column":11}},"508":{"start":{"line":1392,"column":12},"end":{"line":1392,"column":38}},"509":{"start":{"line":1393,"column":12},"end":{"line":1393,"column":30}},"510":{"start":{"line":1396,"column":10},"end":{"line":1396,"column":49}},"511":{"start":{"line":1398,"column":15},"end":{"line":1400,"column":9}},"512":{"start":{"line":1399,"column":10},"end":{"line":1399,"column":48}},"513":{"start":{"line":1402,"column":8},"end":{"line":1402,"column":34}},"514":{"start":{"line":1404,"column":21},"end":{"line":1404,"column":53}},"515":{"start":{"line":1405,"column":8},"end":{"line":1427,"column":9}},"516":{"start":{"line":1408,"column":10},"end":{"line":1410,"column":37}},"517":{"start":{"line":1412,"column":10},"end":{"line":1414,"column":11}},"518":{"start":{"line":1413,"column":12},"end":{"line":1413,"column":21}},"519":{"start":{"line":1416,"column":10},"end":{"line":1419,"column":12}},"520":{"start":{"line":1421,"column":15},"end":{"line":1427,"column":9}},"521":{"start":{"line":1422,"column":10},"end":{"line":1422,"column":36}},"522":{"start":{"line":1425,"column":10},"end":{"line":1425,"column":35}},"523":{"start":{"line":1426,"column":10},"end":{"line":1426,"column":35}},"524":{"start":{"line":1437,"column":17},"end":{"line":1437,"column":50}},"525":{"start":{"line":1438,"column":4},"end":{"line":1465,"column":5}},"526":{"start":{"line":1441,"column":6},"end":{"line":1441,"column":30}},"527":{"start":{"line":1443,"column":6},"end":{"line":1462,"column":7}},"528":{"start":{"line":1445,"column":8},"end":{"line":1457,"column":9}},"529":{"start":{"line":1448,"column":10},"end":{"line":1448,"column":36}},"530":{"start":{"line":1449,"column":10},"end":{"line":1449,"column":34}},"531":{"start":{"line":1450,"column":10},"end":{"line":1450,"column":49}},"532":{"start":{"line":1452,"column":10},"end":{"line":1456,"column":11}},"533":{"start":{"line":1455,"column":12},"end":{"line":1455,"column":36}},"534":{"start":{"line":1459,"column":8},"end":{"line":1459,"column":33}},"535":{"start":{"line":1460,"column":8},"end":{"line":1461,"column":60}},"536":{"start":{"line":1464,"column":6},"end":{"line":1464,"column":30}},"537":{"start":{"line":1467,"column":17},"end":{"line":1467,"column":65}},"538":{"start":{"line":1469,"column":4},"end":{"line":1474,"column":5}},"539":{"start":{"line":1470,"column":6},"end":{"line":1470,"column":31}},"540":{"start":{"line":1471,"column":6},"end":{"line":1471,"column":31}},"541":{"start":{"line":1472,"column":6},"end":{"line":1472,"column":30}},"542":{"start":{"line":1473,"column":6},"end":{"line":1473,"column":30}},"543":{"start":{"line":1476,"column":15},"end":{"line":1476,"column":25}},"544":{"start":{"line":1478,"column":4},"end":{"line":1483,"column":5}},"545":{"start":{"line":1479,"column":6},"end":{"line":1479,"column":31}},"546":{"start":{"line":1480,"column":6},"end":{"line":1480,"column":70}},"547":{"start":{"line":1481,"column":6},"end":{"line":1481,"column":30}},"548":{"start":{"line":1482,"column":6},"end":{"line":1482,"column":30}},"549":{"start":{"line":1485,"column":4},"end":{"line":1507,"column":5}},"550":{"start":{"line":1488,"column":6},"end":{"line":1488,"column":48}},"551":{"start":{"line":1491,"column":6},"end":{"line":1491,"column":38}},"552":{"start":{"line":1499,"column":6},"end":{"line":1502,"column":7}},"553":{"start":{"line":1500,"column":8},"end":{"line":1500,"column":32}},"554":{"start":{"line":1501,"column":8},"end":{"line":1501,"column":32}},"555":{"start":{"line":1506,"column":6},"end":{"line":1506,"column":18}},"556":{"start":{"line":1511,"column":4},"end":{"line":1511,"column":28}},"557":{"start":{"line":1512,"column":4},"end":{"line":1512,"column":28}},"558":{"start":{"line":1517,"column":2},"end":{"line":1517,"column":28}},"559":{"start":{"line":1519,"column":2},"end":{"line":1519,"column":45}},"560":{"start":{"line":1526,"column":2},"end":{"line":1528,"column":4}},"561":{"start":{"line":1527,"column":4},"end":{"line":1527,"column":16}},"562":{"start":{"line":1530,"column":2},"end":{"line":1532,"column":4}},"563":{"start":{"line":1531,"column":4},"end":{"line":1531,"column":32}},"564":{"start":{"line":1535,"column":16},"end":{"line":1535,"column":35}},"565":{"start":{"line":1537,"column":4},"end":{"line":1539,"column":5}},"566":{"start":{"line":1538,"column":6},"end":{"line":1538,"column":31}},"567":{"start":{"line":1541,"column":4},"end":{"line":1544,"column":5}},"568":{"start":{"line":1542,"column":6},"end":{"line":1542,"column":33}},"569":{"start":{"line":1543,"column":6},"end":{"line":1543,"column":31}},"570":{"start":{"line":1546,"column":4},"end":{"line":1546,"column":32}},"571":{"start":{"line":1550,"column":17},"end":{"line":1550,"column":39}},"572":{"start":{"line":1551,"column":4},"end":{"line":1551,"column":27}},"573":{"start":{"line":1552,"column":4},"end":{"line":1552,"column":22}},"574":{"start":{"line":1553,"column":4},"end":{"line":1553,"column":30}},"575":{"start":{"line":1560,"column":4},"end":{"line":1560,"column":43}},"576":{"start":{"line":1561,"column":4},"end":{"line":1561,"column":44}},"577":{"start":{"line":1562,"column":4},"end":{"line":1562,"column":21}},"578":{"start":{"line":1565,"column":2},"end":{"line":1590,"column":4}},"579":{"start":{"line":1566,"column":15},"end":{"line":1566,"column":17}},"580":{"start":{"line":1567,"column":4},"end":{"line":1569,"column":5}},"581":{"start":{"line":1568,"column":6},"end":{"line":1568,"column":21}},"582":{"start":{"line":1570,"column":4},"end":{"line":1570,"column":19}},"583":{"start":{"line":1574,"column":4},"end":{"line":1589,"column":6}},"584":{"start":{"line":1575,"column":6},"end":{"line":1582,"column":7}},"585":{"start":{"line":1576,"column":18},"end":{"line":1576,"column":28}},"586":{"start":{"line":1577,"column":8},"end":{"line":1581,"column":9}},"587":{"start":{"line":1578,"column":10},"end":{"line":1578,"column":27}},"588":{"start":{"line":1579,"column":10},"end":{"line":1579,"column":28}},"589":{"start":{"line":1580,"column":10},"end":{"line":1580,"column":22}},"590":{"start":{"line":1587,"column":6},"end":{"line":1587,"column":23}},"591":{"start":{"line":1588,"column":6},"end":{"line":1588,"column":18}},"592":{"start":{"line":1593,"column":4},"end":{"line":1621,"column":5}},"593":{"start":{"line":1594,"column":27},"end":{"line":1594,"column":51}},"594":{"start":{"line":1595,"column":6},"end":{"line":1597,"column":7}},"595":{"start":{"line":1596,"column":8},"end":{"line":1596,"column":45}},"596":{"start":{"line":1599,"column":6},"end":{"line":1601,"column":7}},"597":{"start":{"line":1600,"column":8},"end":{"line":1600,"column":24}},"598":{"start":{"line":1603,"column":6},"end":{"line":1620,"column":7}},"599":{"start":{"line":1604,"column":16},"end":{"line":1604,"column":18}},"600":{"start":{"line":1604,"column":27},"end":{"line":1617,"column":9}},"601":{"start":{"line":1605,"column":10},"end":{"line":1611,"column":11}},"602":{"start":{"line":1606,"column":12},"end":{"line":1610,"column":13}},"603":{"start":{"line":1607,"column":14},"end":{"line":1607,"column":39}},"604":{"start":{"line":1608,"column":14},"end":{"line":1608,"column":32}},"605":{"start":{"line":1609,"column":14},"end":{"line":1609,"column":26}},"606":{"start":{"line":1613,"column":10},"end":{"line":1613,"column":33}},"607":{"start":{"line":1614,"column":10},"end":{"line":1614,"column":27}},"608":{"start":{"line":1616,"column":10},"end":{"line":1616,"column":22}},"609":{"start":{"line":1619,"column":8},"end":{"line":1619,"column":32}},"610":{"start":{"line":1624,"column":4},"end":{"line":1624,"column":32}},"611":{"start":{"line":1626,"column":2},"end":{"line":1626,"column":26}},"612":{"start":{"line":1629,"column":4},"end":{"line":1629,"column":44}},"613":{"start":{"line":1632,"column":2},"end":{"line":1830,"column":4}},"614":{"start":{"line":1636,"column":6},"end":{"line":1636,"column":20}},"615":{"start":{"line":1637,"column":6},"end":{"line":1637,"column":20}},"616":{"start":{"line":1640,"column":6},"end":{"line":1640,"column":41}},"617":{"start":{"line":1641,"column":6},"end":{"line":1641,"column":24}},"618":{"start":{"line":1642,"column":6},"end":{"line":1642,"column":27}},"619":{"start":{"line":1644,"column":6},"end":{"line":1644,"column":27}},"620":{"start":{"line":1645,"column":6},"end":{"line":1645,"column":27}},"621":{"start":{"line":1647,"column":6},"end":{"line":1647,"column":45}},"622":{"start":{"line":1649,"column":6},"end":{"line":1658,"column":7}},"623":{"start":{"line":1650,"column":8},"end":{"line":1657,"column":9}},"624":{"start":{"line":1652,"column":10},"end":{"line":1656,"column":11}},"625":{"start":{"line":1655,"column":12},"end":{"line":1655,"column":35}},"626":{"start":{"line":1662,"column":6},"end":{"line":1662,"column":23}},"627":{"start":{"line":1664,"column":22},"end":{"line":1664,"column":40}},"628":{"start":{"line":1665,"column":23},"end":{"line":1665,"column":43}},"629":{"start":{"line":1666,"column":6},"end":{"line":1668,"column":7}},"630":{"start":{"line":1667,"column":8},"end":{"line":1667,"column":29}},"631":{"start":{"line":1670,"column":6},"end":{"line":1670,"column":23}},"632":{"start":{"line":1674,"column":6},"end":{"line":1676,"column":7}},"633":{"start":{"line":1675,"column":8},"end":{"line":1675,"column":24}},"634":{"start":{"line":1678,"column":20},"end":{"line":1678,"column":24}},"635":{"start":{"line":1680,"column":8},"end":{"line":1680,"column":30}},"636":{"start":{"line":1681,"column":8},"end":{"line":1681,"column":31}},"637":{"start":{"line":1682,"column":8},"end":{"line":1682,"column":27}},"638":{"start":{"line":1684,"column":8},"end":{"line":1689,"column":9}},"639":{"start":{"line":1687,"column":10},"end":{"line":1687,"column":34}},"640":{"start":{"line":1688,"column":10},"end":{"line":1688,"column":34}},"641":{"start":{"line":1691,"column":8},"end":{"line":1691,"column":25}},"642":{"start":{"line":1694,"column":6},"end":{"line":1730,"column":7}},"643":{"start":{"line":1694,"column":19},"end":{"line":1694,"column":45}},"644":{"start":{"line":1695,"column":20},"end":{"line":1695,"column":38}},"645":{"start":{"line":1696,"column":21},"end":{"line":1696,"column":37}},"646":{"start":{"line":1698,"column":8},"end":{"line":1703,"column":9}},"647":{"start":{"line":1702,"column":10},"end":{"line":1702,"column":31}},"648":{"start":{"line":1705,"column":8},"end":{"line":1729,"column":9}},"649":{"start":{"line":1706,"column":25},"end":{"line":1706,"column":55}},"650":{"start":{"line":1707,"column":27},"end":{"line":1707,"column":59}},"651":{"start":{"line":1709,"column":10},"end":{"line":1728,"column":11}},"652":{"start":{"line":1710,"column":12},"end":{"line":1714,"column":13}},"653":{"start":{"line":1711,"column":14},"end":{"line":1711,"column":50}},"654":{"start":{"line":1712,"column":19},"end":{"line":1714,"column":13}},"655":{"start":{"line":1713,"column":14},"end":{"line":1713,"column":46}},"656":{"start":{"line":1716,"column":17},"end":{"line":1728,"column":11}},"657":{"start":{"line":1717,"column":12},"end":{"line":1719,"column":13}},"658":{"start":{"line":1718,"column":14},"end":{"line":1718,"column":50}},"659":{"start":{"line":1721,"column":17},"end":{"line":1728,"column":11}},"660":{"start":{"line":1722,"column":12},"end":{"line":1724,"column":13}},"661":{"start":{"line":1723,"column":14},"end":{"line":1723,"column":46}},"662":{"start":{"line":1727,"column":12},"end":{"line":1727,"column":70}},"663":{"start":{"line":1734,"column":6},"end":{"line":1742,"column":7}},"664":{"start":{"line":1734,"column":19},"end":{"line":1734,"column":45}},"665":{"start":{"line":1735,"column":20},"end":{"line":1735,"column":38}},"666":{"start":{"line":1736,"column":8},"end":{"line":1741,"column":9}},"667":{"start":{"line":1739,"column":29},"end":{"line":1739,"column":34}},"668":{"start":{"line":1740,"column":10},"end":{"line":1740,"column":16}},"669":{"start":{"line":1744,"column":6},"end":{"line":1752,"column":7}},"670":{"start":{"line":1751,"column":8},"end":{"line":1751,"column":28}},"671":{"start":{"line":1754,"column":19},"end":{"line":1754,"column":62}},"672":{"start":{"line":1755,"column":6},"end":{"line":1755,"column":25}},"673":{"start":{"line":1756,"column":6},"end":{"line":1756,"column":23}},"674":{"start":{"line":1758,"column":6},"end":{"line":1762,"column":7}},"675":{"start":{"line":1759,"column":8},"end":{"line":1759,"column":29}},"676":{"start":{"line":1760,"column":8},"end":{"line":1760,"column":44}},"677":{"start":{"line":1761,"column":8},"end":{"line":1761,"column":32}},"678":{"start":{"line":1764,"column":6},"end":{"line":1764,"column":35}},"679":{"start":{"line":1768,"column":6},"end":{"line":1770,"column":7}},"680":{"start":{"line":1769,"column":8},"end":{"line":1769,"column":25}},"681":{"start":{"line":1772,"column":6},"end":{"line":1781,"column":7}},"682":{"start":{"line":1774,"column":8},"end":{"line":1774,"column":31}},"683":{"start":{"line":1775,"column":13},"end":{"line":1781,"column":7}},"684":{"start":{"line":1776,"column":8},"end":{"line":1776,"column":42}},"685":{"start":{"line":1777,"column":8},"end":{"line":1777,"column":31}},"686":{"start":{"line":1778,"column":8},"end":{"line":1778,"column":26}},"687":{"start":{"line":1779,"column":13},"end":{"line":1781,"column":7}},"688":{"start":{"line":1780,"column":8},"end":{"line":1780,"column":29}},"689":{"start":{"line":1783,"column":6},"end":{"line":1783,"column":30}},"690":{"start":{"line":1787,"column":6},"end":{"line":1794,"column":7}},"691":{"start":{"line":1787,"column":19},"end":{"line":1787,"column":45}},"692":{"start":{"line":1788,"column":20},"end":{"line":1788,"column":38}},"693":{"start":{"line":1789,"column":8},"end":{"line":1793,"column":9}},"694":{"start":{"line":1790,"column":10},"end":{"line":1790,"column":58}},"695":{"start":{"line":1791,"column":10},"end":{"line":1791,"column":31}},"696":{"start":{"line":1792,"column":10},"end":{"line":1792,"column":34}},"697":{"start":{"line":1798,"column":6},"end":{"line":1808,"column":7}},"698":{"start":{"line":1798,"column":19},"end":{"line":1798,"column":45}},"699":{"start":{"line":1799,"column":20},"end":{"line":1799,"column":38}},"700":{"start":{"line":1800,"column":8},"end":{"line":1807,"column":9}},"701":{"start":{"line":1801,"column":23},"end":{"line":1801,"column":39}},"702":{"start":{"line":1802,"column":10},"end":{"line":1805,"column":11}},"703":{"start":{"line":1803,"column":25},"end":{"line":1803,"column":35}},"704":{"start":{"line":1804,"column":12},"end":{"line":1804,"column":33}},"705":{"start":{"line":1806,"column":10},"end":{"line":1806,"column":24}},"706":{"start":{"line":1812,"column":6},"end":{"line":1812,"column":47}},"707":{"start":{"line":1816,"column":6},"end":{"line":1820,"column":8}},"708":{"start":{"line":1822,"column":6},"end":{"line":1826,"column":7}},"709":{"start":{"line":1825,"column":8},"end":{"line":1825,"column":29}},"710":{"start":{"line":1828,"column":6},"end":{"line":1828,"column":30}},"711":{"start":{"line":1836,"column":2},"end":{"line":1836,"column":17}},"712":{"start":{"line":1846,"column":0},"end":{"line":1859,"column":1}},"713":{"start":{"line":1847,"column":2},"end":{"line":1847,"column":31}},"714":{"start":{"line":1858,"column":2},"end":{"line":1858,"column":51}},"715":{"start":{"line":1868,"column":0},"end":{"line":1868,"column":50}},"716":{"start":{"line":1875,"column":41},"end":{"line":1875,"column":43}},"717":{"start":{"line":1880,"column":11},"end":{"line":1882,"column":12}},"718":{"start":{"line":1881,"column":12},"end":{"line":1881,"column":62}},"719":{"start":{"line":1884,"column":24},"end":{"line":1888,"column":12}},"720":{"start":{"line":1891,"column":11},"end":{"line":1891,"column":86}},"721":{"start":{"line":1894,"column":11},"end":{"line":1894,"column":33}},"722":{"start":{"line":1899,"column":10},"end":{"line":1908,"column":15}},"723":{"start":{"line":1901,"column":11},"end":{"line":1907,"column":13}},"724":{"start":{"line":1902,"column":25},"end":{"line":1904,"column":25}},"725":{"start":{"line":1903,"column":19},"end":{"line":1903,"column":36}},"726":{"start":{"line":1904,"column":19},"end":{"line":1904,"column":25}},"727":{"start":{"line":1905,"column":12},"end":{"line":1905,"column":57}},"728":{"start":{"line":1906,"column":12},"end":{"line":1906,"column":26}},"729":{"start":{"line":1911,"column":10},"end":{"line":1920,"column":15}},"730":{"start":{"line":1913,"column":11},"end":{"line":1919,"column":13}},"731":{"start":{"line":1914,"column":12},"end":{"line":1918,"column":13}},"732":{"start":{"line":1915,"column":13},"end":{"line":1917,"column":14}},"733":{"start":{"line":1916,"column":14},"end":{"line":1916,"column":94}},"734":{"start":{"line":1923,"column":10},"end":{"line":1925,"column":15}},"735":{"start":{"line":1924,"column":11},"end":{"line":1924,"column":97}},"736":{"start":{"line":1924,"column":50},"end":{"line":1924,"column":97}},"737":{"start":{"line":1928,"column":10},"end":{"line":1936,"column":15}},"738":{"start":{"line":1930,"column":11},"end":{"line":1935,"column":13}},"739":{"start":{"line":1931,"column":12},"end":{"line":1933,"column":13}},"740":{"start":{"line":1932,"column":13},"end":{"line":1932,"column":85}},"741":{"start":{"line":1934,"column":12},"end":{"line":1934,"column":74}},"742":{"start":{"line":1942,"column":10},"end":{"line":1942,"column":42}}},"fnMap":{"0":{"name":"webpackUniversalModuleDefinition","decl":{"start":{"line":1,"column":10},"end":{"line":1,"column":42}},"loc":{"start":{"line":1,"column":58},"end":{"line":10,"column":1}},"line":1},"1":{"name":"(anonymous_1)","decl":{"start":{"line":10,"column":46},"end":{"line":10,"column":47}},"loc":{"start":{"line":10,"column":89},"end":{"line":1945,"column":1}},"line":10},"2":{"name":"(anonymous_2)","decl":{"start":{"line":11,"column":17},"end":{"line":11,"column":18}},"loc":{"start":{"line":11,"column":23},"end":{"line":1943,"column":10}},"line":11},"3":{"name":"(anonymous_3)","decl":{"start":{"line":15,"column":7},"end":{"line":15,"column":8}},"loc":{"start":{"line":15,"column":19},"end":{"line":29,"column":7}},"line":15},"4":{"name":"_arrayLikeToArray","decl":{"start":{"line":17,"column":9},"end":{"line":17,"column":26}},"loc":{"start":{"line":17,"column":37},"end":{"line":25,"column":1}},"line":17},"5":{"name":"(anonymous_5)","decl":{"start":{"line":32,"column":7},"end":{"line":32,"column":8}},"loc":{"start":{"line":32,"column":66},"end":{"line":42,"column":7}},"line":32},"6":{"name":"_arrayWithoutHoles","decl":{"start":{"line":36,"column":9},"end":{"line":36,"column":27}},"loc":{"start":{"line":36,"column":33},"end":{"line":38,"column":1}},"line":36},"7":{"name":"(anonymous_7)","decl":{"start":{"line":45,"column":7},"end":{"line":45,"column":8}},"loc":{"start":{"line":45,"column":19},"end":{"line":57,"column":7}},"line":45},"8":{"name":"_assertThisInitialized","decl":{"start":{"line":47,"column":9},"end":{"line":47,"column":31}},"loc":{"start":{"line":47,"column":38},"end":{"line":53,"column":1}},"line":47},"9":{"name":"(anonymous_9)","decl":{"start":{"line":60,"column":7},"end":{"line":60,"column":8}},"loc":{"start":{"line":60,"column":19},"end":{"line":100,"column":7}},"line":60},"10":{"name":"asyncGeneratorStep","decl":{"start":{"line":62,"column":9},"end":{"line":62,"column":27}},"loc":{"start":{"line":62,"column":75},"end":{"line":76,"column":1}},"line":62},"11":{"name":"_asyncToGenerator","decl":{"start":{"line":78,"column":9},"end":{"line":78,"column":26}},"loc":{"start":{"line":78,"column":31},"end":{"line":96,"column":1}},"line":78},"12":{"name":"(anonymous_12)","decl":{"start":{"line":79,"column":9},"end":{"line":79,"column":10}},"loc":{"start":{"line":79,"column":21},"end":{"line":95,"column":3}},"line":79},"13":{"name":"(anonymous_13)","decl":{"start":{"line":82,"column":23},"end":{"line":82,"column":24}},"loc":{"start":{"line":82,"column":50},"end":{"line":94,"column":5}},"line":82},"14":{"name":"_next","decl":{"start":{"line":85,"column":15},"end":{"line":85,"column":20}},"loc":{"start":{"line":85,"column":28},"end":{"line":87,"column":7}},"line":85},"15":{"name":"_throw","decl":{"start":{"line":89,"column":15},"end":{"line":89,"column":21}},"loc":{"start":{"line":89,"column":27},"end":{"line":91,"column":7}},"line":89},"16":{"name":"(anonymous_16)","decl":{"start":{"line":103,"column":7},"end":{"line":103,"column":8}},"loc":{"start":{"line":103,"column":19},"end":{"line":113,"column":7}},"line":103},"17":{"name":"_classCallCheck","decl":{"start":{"line":105,"column":9},"end":{"line":105,"column":24}},"loc":{"start":{"line":105,"column":48},"end":{"line":109,"column":1}},"line":105},"18":{"name":"(anonymous_18)","decl":{"start":{"line":116,"column":7},"end":{"line":116,"column":8}},"loc":{"start":{"line":116,"column":19},"end":{"line":136,"column":7}},"line":116},"19":{"name":"_defineProperties","decl":{"start":{"line":118,"column":9},"end":{"line":118,"column":26}},"loc":{"start":{"line":118,"column":42},"end":{"line":126,"column":1}},"line":118},"20":{"name":"_createClass","decl":{"start":{"line":128,"column":9},"end":{"line":128,"column":21}},"loc":{"start":{"line":128,"column":60},"end":{"line":132,"column":1}},"line":128},"21":{"name":"(anonymous_21)","decl":{"start":{"line":139,"column":7},"end":{"line":139,"column":8}},"loc":{"start":{"line":139,"column":19},"end":{"line":158,"column":7}},"line":139},"22":{"name":"_defineProperty","decl":{"start":{"line":141,"column":9},"end":{"line":141,"column":24}},"loc":{"start":{"line":141,"column":42},"end":{"line":154,"column":1}},"line":141},"23":{"name":"(anonymous_23)","decl":{"start":{"line":161,"column":7},"end":{"line":161,"column":8}},"loc":{"start":{"line":161,"column":19},"end":{"line":172,"column":7}},"line":161},"24":{"name":"_getPrototypeOf","decl":{"start":{"line":163,"column":9},"end":{"line":163,"column":24}},"loc":{"start":{"line":163,"column":28},"end":{"line":168,"column":1}},"line":163},"25":{"name":"_getPrototypeOf","decl":{"start":{"line":164,"column":94},"end":{"line":164,"column":109}},"loc":{"start":{"line":164,"column":113},"end":{"line":166,"column":3}},"line":164},"26":{"name":"(anonymous_26)","decl":{"start":{"line":175,"column":7},"end":{"line":175,"column":8}},"loc":{"start":{"line":175,"column":66},"end":{"line":196,"column":7}},"line":175},"27":{"name":"_inherits","decl":{"start":{"line":179,"column":9},"end":{"line":179,"column":18}},"loc":{"start":{"line":179,"column":41},"end":{"line":192,"column":1}},"line":179},"28":{"name":"(anonymous_28)","decl":{"start":{"line":199,"column":7},"end":{"line":199,"column":8}},"loc":{"start":{"line":199,"column":19},"end":{"line":207,"column":7}},"line":199},"29":{"name":"_iterableToArray","decl":{"start":{"line":201,"column":9},"end":{"line":201,"column":25}},"loc":{"start":{"line":201,"column":32},"end":{"line":203,"column":1}},"line":201},"30":{"name":"(anonymous_30)","decl":{"start":{"line":210,"column":7},"end":{"line":210,"column":8}},"loc":{"start":{"line":210,"column":19},"end":{"line":218,"column":7}},"line":210},"31":{"name":"_nonIterableSpread","decl":{"start":{"line":212,"column":9},"end":{"line":212,"column":27}},"loc":{"start":{"line":212,"column":30},"end":{"line":214,"column":1}},"line":212},"32":{"name":"(anonymous_32)","decl":{"start":{"line":221,"column":7},"end":{"line":221,"column":8}},"loc":{"start":{"line":221,"column":66},"end":{"line":237,"column":7}},"line":221},"33":{"name":"_possibleConstructorReturn","decl":{"start":{"line":227,"column":9},"end":{"line":227,"column":35}},"loc":{"start":{"line":227,"column":48},"end":{"line":233,"column":1}},"line":227},"34":{"name":"(anonymous_34)","decl":{"start":{"line":240,"column":7},"end":{"line":240,"column":8}},"loc":{"start":{"line":240,"column":19},"end":{"line":253,"column":7}},"line":240},"35":{"name":"_setPrototypeOf","decl":{"start":{"line":242,"column":9},"end":{"line":242,"column":24}},"loc":{"start":{"line":242,"column":31},"end":{"line":249,"column":1}},"line":242},"36":{"name":"_setPrototypeOf","decl":{"start":{"line":243,"column":71},"end":{"line":243,"column":86}},"loc":{"start":{"line":243,"column":93},"end":{"line":246,"column":3}},"line":243},"37":{"name":"(anonymous_37)","decl":{"start":{"line":256,"column":7},"end":{"line":256,"column":8}},"loc":{"start":{"line":256,"column":66},"end":{"line":272,"column":7}},"line":256},"38":{"name":"_toConsumableArray","decl":{"start":{"line":266,"column":9},"end":{"line":266,"column":27}},"loc":{"start":{"line":266,"column":33},"end":{"line":268,"column":1}},"line":266},"39":{"name":"(anonymous_39)","decl":{"start":{"line":275,"column":7},"end":{"line":275,"column":8}},"loc":{"start":{"line":275,"column":19},"end":{"line":295,"column":7}},"line":275},"40":{"name":"_typeof","decl":{"start":{"line":277,"column":9},"end":{"line":277,"column":16}},"loc":{"start":{"line":277,"column":22},"end":{"line":291,"column":1}},"line":277},"41":{"name":"_typeof","decl":{"start":{"line":281,"column":40},"end":{"line":281,"column":47}},"loc":{"start":{"line":281,"column":53},"end":{"line":283,"column":5}},"line":281},"42":{"name":"_typeof","decl":{"start":{"line":285,"column":40},"end":{"line":285,"column":47}},"loc":{"start":{"line":285,"column":53},"end":{"line":287,"column":5}},"line":285},"43":{"name":"(anonymous_43)","decl":{"start":{"line":298,"column":7},"end":{"line":298,"column":8}},"loc":{"start":{"line":298,"column":66},"end":{"line":313,"column":7}},"line":298},"44":{"name":"_unsupportedIterableToArray","decl":{"start":{"line":302,"column":9},"end":{"line":302,"column":36}},"loc":{"start":{"line":302,"column":48},"end":{"line":309,"column":1}},"line":302},"45":{"name":"(anonymous_45)","decl":{"start":{"line":316,"column":7},"end":{"line":316,"column":8}},"loc":{"start":{"line":316,"column":66},"end":{"line":321,"column":7}},"line":316},"46":{"name":"(anonymous_46)","decl":{"start":{"line":324,"column":7},"end":{"line":324,"column":8}},"loc":{"start":{"line":324,"column":78},"end":{"line":996,"column":7}},"line":324},"47":{"name":"(anonymous_47)","decl":{"start":{"line":332,"column":16},"end":{"line":332,"column":17}},"loc":{"start":{"line":332,"column":36},"end":{"line":332,"column":46}},"line":332},"48":{"name":"(anonymous_48)","decl":{"start":{"line":333,"column":17},"end":{"line":333,"column":18}},"loc":{"start":{"line":333,"column":37},"end":{"line":333,"column":48}},"line":333},"49":{"name":"(anonymous_49)","decl":{"start":{"line":334,"column":16},"end":{"line":334,"column":17}},"loc":{"start":{"line":334,"column":36},"end":{"line":334,"column":46}},"line":334},"50":{"name":"(anonymous_50)","decl":{"start":{"line":335,"column":16},"end":{"line":335,"column":17}},"loc":{"start":{"line":335,"column":36},"end":{"line":335,"column":46}},"line":335},"51":{"name":"NNF","decl":{"start":{"line":399,"column":16},"end":{"line":399,"column":19}},"loc":{"start":{"line":399,"column":23},"end":{"line":401,"column":3}},"line":399},"52":{"name":"INOA","decl":{"start":{"line":403,"column":17},"end":{"line":403,"column":21}},"loc":{"start":{"line":403,"column":25},"end":{"line":405,"column":3}},"line":403},"53":{"name":"DENI","decl":{"start":{"line":407,"column":17},"end":{"line":407,"column":21}},"loc":{"start":{"line":407,"column":25},"end":{"line":409,"column":3}},"line":407},"54":{"name":"ITSROOF","decl":{"start":{"line":411,"column":20},"end":{"line":411,"column":27}},"loc":{"start":{"line":411,"column":34},"end":{"line":413,"column":3}},"line":411},"55":{"name":"ITANRS","decl":{"start":{"line":415,"column":19},"end":{"line":415,"column":25}},"loc":{"start":{"line":415,"column":32},"end":{"line":417,"column":3}},"line":415},"56":{"name":"ITNI","decl":{"start":{"line":419,"column":17},"end":{"line":419,"column":21}},"loc":{"start":{"line":419,"column":28},"end":{"line":421,"column":3}},"line":419},"57":{"name":"ITCRF","decl":{"start":{"line":423,"column":18},"end":{"line":423,"column":23}},"loc":{"start":{"line":423,"column":30},"end":{"line":425,"column":3}},"line":423},"58":{"name":"ITSRO","decl":{"start":{"line":427,"column":18},"end":{"line":427,"column":23}},"loc":{"start":{"line":427,"column":30},"end":{"line":429,"column":3}},"line":427},"59":{"name":"logger","decl":{"start":{"line":431,"column":22},"end":{"line":431,"column":28}},"loc":{"start":{"line":431,"column":35},"end":{"line":462,"column":1}},"line":431},"60":{"name":"checksForStateObject","decl":{"start":{"line":464,"column":33},"end":{"line":464,"column":53}},"loc":{"start":{"line":464,"column":60},"end":{"line":469,"column":3}},"line":464},"61":{"name":"checksForNodeNotFound","decl":{"start":{"line":470,"column":34},"end":{"line":470,"column":55}},"loc":{"start":{"line":470,"column":62},"end":{"line":475,"column":3}},"line":470},"62":{"name":"checkLogsForCreateNode","decl":{"start":{"line":476,"column":35},"end":{"line":476,"column":57}},"loc":{"start":{"line":476,"column":64},"end":{"line":489,"column":3}},"line":476},"63":{"name":"checkLogsForUseAction","decl":{"start":{"line":490,"column":34},"end":{"line":490,"column":55}},"loc":{"start":{"line":490,"column":65},"end":{"line":500,"column":3}},"line":490},"64":{"name":"checkLogsForUseContract","decl":{"start":{"line":501,"column":36},"end":{"line":501,"column":59}},"loc":{"start":{"line":501,"column":72},"end":{"line":518,"column":3}},"line":501},"65":{"name":"checkLogsForUseActionCallback","decl":{"start":{"line":519,"column":42},"end":{"line":519,"column":71}},"loc":{"start":{"line":519,"column":81},"end":{"line":529,"column":3}},"line":519},"66":{"name":"checkLogsForUseContractCallback","decl":{"start":{"line":530,"column":44},"end":{"line":530,"column":75}},"loc":{"start":{"line":530,"column":88},"end":{"line":547,"column":3}},"line":530},"67":{"name":"ownKeys","decl":{"start":{"line":561,"column":9},"end":{"line":561,"column":16}},"loc":{"start":{"line":561,"column":23},"end":{"line":561,"column":255}},"line":561},"68":{"name":"(anonymous_68)","decl":{"start":{"line":561,"column":146},"end":{"line":561,"column":147}},"loc":{"start":{"line":561,"column":159},"end":{"line":561,"column":219}},"line":561},"69":{"name":"_objectSpread","decl":{"start":{"line":563,"column":9},"end":{"line":563,"column":22}},"loc":{"start":{"line":563,"column":26},"end":{"line":563,"column":476}},"line":563},"70":{"name":"(anonymous_70)","decl":{"start":{"line":563,"column":169},"end":{"line":563,"column":170}},"loc":{"start":{"line":563,"column":182},"end":{"line":563,"column":223}},"line":563},"71":{"name":"(anonymous_71)","decl":{"start":{"line":563,"column":374},"end":{"line":563,"column":375}},"loc":{"start":{"line":563,"column":387},"end":{"line":563,"column":458}},"line":563},"72":{"name":"_createSuper","decl":{"start":{"line":565,"column":9},"end":{"line":565,"column":21}},"loc":{"start":{"line":565,"column":25},"end":{"line":565,"column":325}},"line":565},"73":{"name":"c","decl":{"start":{"line":565,"column":80},"end":{"line":565,"column":81}},"loc":{"start":{"line":565,"column":84},"end":{"line":565,"column":322}},"line":565},"74":{"name":"_isNativeReflectConstruct","decl":{"start":{"line":567,"column":9},"end":{"line":567,"column":34}},"loc":{"start":{"line":567,"column":37},"end":{"line":567,"column":324}},"line":567},"75":{"name":"(anonymous_75)","decl":{"start":{"line":567,"column":262},"end":{"line":567,"column":263}},"loc":{"start":{"line":567,"column":274},"end":{"line":567,"column":276}},"line":567},"76":{"name":"(anonymous_76)","decl":{"start":{"line":583,"column":59},"end":{"line":583,"column":60}},"loc":{"start":{"line":583,"column":71},"end":{"line":583,"column":73}},"line":583},"77":{"name":"now","decl":{"start":{"line":588,"column":19},"end":{"line":588,"column":22}},"loc":{"start":{"line":588,"column":26},"end":{"line":590,"column":1}},"line":588},"78":{"name":"setImmutableObject","decl":{"start":{"line":592,"column":34},"end":{"line":592,"column":52}},"loc":{"start":{"line":592,"column":59},"end":{"line":594,"column":1}},"line":592},"79":{"name":"setImmutableArray","decl":{"start":{"line":596,"column":33},"end":{"line":596,"column":50}},"loc":{"start":{"line":596,"column":57},"end":{"line":598,"column":1}},"line":596},"80":{"name":"requestUpdate","decl":{"start":{"line":600,"column":29},"end":{"line":600,"column":42}},"loc":{"start":{"line":600,"column":46},"end":{"line":606,"column":1}},"line":600},"81":{"name":"setProfile","decl":{"start":{"line":622,"column":26},"end":{"line":622,"column":36}},"loc":{"start":{"line":622,"column":40},"end":{"line":624,"column":1}},"line":622},"82":{"name":"getAllNodes","decl":{"start":{"line":637,"column":27},"end":{"line":637,"column":38}},"loc":{"start":{"line":637,"column":41},"end":{"line":639,"column":1}},"line":637},"83":{"name":"getProfile","decl":{"start":{"line":653,"column":26},"end":{"line":653,"column":36}},"loc":{"start":{"line":653,"column":39},"end":{"line":655,"column":1}},"line":653},"84":{"name":"dispatchNode","decl":{"start":{"line":668,"column":28},"end":{"line":668,"column":40}},"loc":{"start":{"line":668,"column":44},"end":{"line":724,"column":1}},"line":668},"85":{"name":"(anonymous_85)","decl":{"start":{"line":676,"column":31},"end":{"line":676,"column":32}},"loc":{"start":{"line":676,"column":44},"end":{"line":722,"column":3}},"line":676},"86":{"name":"b","decl":{"start":{"line":681,"column":13},"end":{"line":681,"column":14}},"loc":{"start":{"line":681,"column":18},"end":{"line":693,"column":5}},"line":681},"87":{"name":"componentDidMount","decl":{"start":{"line":697,"column":22},"end":{"line":697,"column":39}},"loc":{"start":{"line":697,"column":42},"end":{"line":699,"column":7}},"line":697},"88":{"name":"componentDidUpdate","decl":{"start":{"line":702,"column":22},"end":{"line":702,"column":40}},"loc":{"start":{"line":702,"column":43},"end":{"line":704,"column":7}},"line":702},"89":{"name":"render","decl":{"start":{"line":707,"column":22},"end":{"line":707,"column":28}},"loc":{"start":{"line":707,"column":31},"end":{"line":718,"column":7}},"line":707},"90":{"name":"NodeC","decl":{"start":{"line":733,"column":21},"end":{"line":733,"column":26}},"loc":{"start":{"line":733,"column":33},"end":{"line":738,"column":1}},"line":733},"91":{"name":"(anonymous_91)","decl":{"start":{"line":745,"column":24},"end":{"line":745,"column":25}},"loc":{"start":{"line":745,"column":37},"end":{"line":749,"column":1}},"line":745},"92":{"name":"(anonymous_92)","decl":{"start":{"line":758,"column":30},"end":{"line":758,"column":31}},"loc":{"start":{"line":758,"column":49},"end":{"line":775,"column":1}},"line":758},"93":{"name":"(anonymous_93)","decl":{"start":{"line":764,"column":11},"end":{"line":764,"column":12}},"loc":{"start":{"line":764,"column":23},"end":{"line":768,"column":5}},"line":764},"94":{"name":"(anonymous_94)","decl":{"start":{"line":783,"column":28},"end":{"line":783,"column":29}},"loc":{"start":{"line":783,"column":44},"end":{"line":801,"column":1}},"line":783},"95":{"name":"(anonymous_95)","decl":{"start":{"line":790,"column":11},"end":{"line":790,"column":12}},"loc":{"start":{"line":790,"column":23},"end":{"line":794,"column":5}},"line":790},"96":{"name":"(anonymous_96)","decl":{"start":{"line":809,"column":36},"end":{"line":809,"column":37}},"loc":{"start":{"line":809,"column":52},"end":{"line":848,"column":1}},"line":809},"97":{"name":"d","decl":{"start":{"line":813,"column":99},"end":{"line":813,"column":100}},"loc":{"start":{"line":813,"column":103},"end":{"line":845,"column":3}},"line":813},"98":{"name":"d","decl":{"start":{"line":820,"column":47},"end":{"line":820,"column":48}},"loc":{"start":{"line":820,"column":52},"end":{"line":844,"column":5}},"line":820},"99":{"name":"(anonymous_99)","decl":{"start":{"line":857,"column":38},"end":{"line":857,"column":39}},"loc":{"start":{"line":857,"column":57},"end":{"line":895,"column":1}},"line":857},"100":{"name":"d","decl":{"start":{"line":860,"column":99},"end":{"line":860,"column":100}},"loc":{"start":{"line":860,"column":103},"end":{"line":892,"column":3}},"line":860},"101":{"name":"d","decl":{"start":{"line":867,"column":47},"end":{"line":867,"column":48}},"loc":{"start":{"line":867,"column":52},"end":{"line":891,"column":5}},"line":867},"102":{"name":"(anonymous_102)","decl":{"start":{"line":908,"column":29},"end":{"line":908,"column":30}},"loc":{"start":{"line":908,"column":42},"end":{"line":910,"column":1}},"line":908},"103":{"name":"createNode","decl":{"start":{"line":941,"column":26},"end":{"line":941,"column":36}},"loc":{"start":{"line":941,"column":43},"end":{"line":953,"column":1}},"line":941},"104":{"name":"(anonymous_104)","decl":{"start":{"line":999,"column":7},"end":{"line":999,"column":8}},"loc":{"start":{"line":999,"column":66},"end":{"line":1068,"column":7}},"line":999},"105":{"name":"emptyFunction","decl":{"start":{"line":1013,"column":9},"end":{"line":1013,"column":22}},"loc":{"start":{"line":1013,"column":25},"end":{"line":1013,"column":27}},"line":1013},"106":{"name":"emptyFunctionWithReset","decl":{"start":{"line":1014,"column":9},"end":{"line":1014,"column":31}},"loc":{"start":{"line":1014,"column":34},"end":{"line":1014,"column":36}},"line":1014},"107":{"name":"(anonymous_107)","decl":{"start":{"line":1017,"column":17},"end":{"line":1017,"column":18}},"loc":{"start":{"line":1017,"column":28},"end":{"line":1065,"column":1}},"line":1017},"108":{"name":"shim","decl":{"start":{"line":1018,"column":11},"end":{"line":1018,"column":15}},"loc":{"start":{"line":1018,"column":80},"end":{"line":1030,"column":3}},"line":1018},"109":{"name":"getShim","decl":{"start":{"line":1032,"column":11},"end":{"line":1032,"column":18}},"loc":{"start":{"line":1032,"column":21},"end":{"line":1034,"column":3}},"line":1032},"110":{"name":"(anonymous_110)","decl":{"start":{"line":1071,"column":7},"end":{"line":1071,"column":8}},"loc":{"start":{"line":1071,"column":66},"end":{"line":1087,"column":7}},"line":1071},"111":{"name":"(anonymous_111)","decl":{"start":{"line":1090,"column":7},"end":{"line":1090,"column":8}},"loc":{"start":{"line":1090,"column":19},"end":{"line":1107,"column":7}},"line":1090},"112":{"name":"(anonymous_112)","decl":{"start":{"line":1110,"column":7},"end":{"line":1110,"column":8}},"loc":{"start":{"line":1110,"column":19},"end":{"line":1862,"column":7}},"line":1110},"113":{"name":"(anonymous_113)","decl":{"start":{"line":1119,"column":15},"end":{"line":1119,"column":16}},"loc":{"start":{"line":1119,"column":34},"end":{"line":1838,"column":1}},"line":1119},"114":{"name":"define","decl":{"start":{"line":1130,"column":11},"end":{"line":1130,"column":17}},"loc":{"start":{"line":1130,"column":35},"end":{"line":1138,"column":3}},"line":1130},"115":{"name":"(anonymous_115)","decl":{"start":{"line":1143,"column":13},"end":{"line":1143,"column":14}},"loc":{"start":{"line":1143,"column":39},"end":{"line":1145,"column":5}},"line":1143},"116":{"name":"wrap","decl":{"start":{"line":1148,"column":11},"end":{"line":1148,"column":15}},"loc":{"start":{"line":1148,"column":53},"end":{"line":1159,"column":3}},"line":1148},"117":{"name":"tryCatch","decl":{"start":{"line":1172,"column":11},"end":{"line":1172,"column":19}},"loc":{"start":{"line":1172,"column":34},"end":{"line":1178,"column":3}},"line":1172},"118":{"name":"Generator","decl":{"start":{"line":1193,"column":11},"end":{"line":1193,"column":20}},"loc":{"start":{"line":1193,"column":23},"end":{"line":1193,"column":25}},"line":1193},"119":{"name":"GeneratorFunction","decl":{"start":{"line":1194,"column":11},"end":{"line":1194,"column":28}},"loc":{"start":{"line":1194,"column":31},"end":{"line":1194,"column":33}},"line":1194},"120":{"name":"GeneratorFunctionPrototype","decl":{"start":{"line":1195,"column":11},"end":{"line":1195,"column":37}},"loc":{"start":{"line":1195,"column":40},"end":{"line":1195,"column":42}},"line":1195},"121":{"name":"(anonymous_121)","decl":{"start":{"line":1200,"column":38},"end":{"line":1200,"column":39}},"loc":{"start":{"line":1200,"column":50},"end":{"line":1202,"column":3}},"line":1200},"122":{"name":"defineIteratorMethods","decl":{"start":{"line":1226,"column":11},"end":{"line":1226,"column":32}},"loc":{"start":{"line":1226,"column":44},"end":{"line":1232,"column":3}},"line":1226},"123":{"name":"(anonymous_123)","decl":{"start":{"line":1227,"column":40},"end":{"line":1227,"column":41}},"loc":{"start":{"line":1227,"column":57},"end":{"line":1231,"column":5}},"line":1227},"124":{"name":"(anonymous_124)","decl":{"start":{"line":1228,"column":32},"end":{"line":1228,"column":33}},"loc":{"start":{"line":1228,"column":46},"end":{"line":1230,"column":7}},"line":1228},"125":{"name":"(anonymous_125)","decl":{"start":{"line":1234,"column":32},"end":{"line":1234,"column":33}},"loc":{"start":{"line":1234,"column":49},"end":{"line":1242,"column":3}},"line":1234},"126":{"name":"(anonymous_126)","decl":{"start":{"line":1244,"column":17},"end":{"line":1244,"column":18}},"loc":{"start":{"line":1244,"column":34},"end":{"line":1253,"column":3}},"line":1244},"127":{"name":"(anonymous_127)","decl":{"start":{"line":1259,"column":18},"end":{"line":1259,"column":19}},"loc":{"start":{"line":1259,"column":32},"end":{"line":1261,"column":3}},"line":1259},"128":{"name":"AsyncIterator","decl":{"start":{"line":1263,"column":11},"end":{"line":1263,"column":24}},"loc":{"start":{"line":1263,"column":49},"end":{"line":1328,"column":3}},"line":1263},"129":{"name":"invoke","decl":{"start":{"line":1264,"column":13},"end":{"line":1264,"column":19}},"loc":{"start":{"line":1264,"column":50},"end":{"line":1293,"column":5}},"line":1264},"130":{"name":"(anonymous_130)","decl":{"start":{"line":1274,"column":57},"end":{"line":1274,"column":58}},"loc":{"start":{"line":1274,"column":73},"end":{"line":1276,"column":11}},"line":1274},"131":{"name":"(anonymous_131)","decl":{"start":{"line":1276,"column":13},"end":{"line":1276,"column":14}},"loc":{"start":{"line":1276,"column":27},"end":{"line":1278,"column":11}},"line":1276},"132":{"name":"(anonymous_132)","decl":{"start":{"line":1281,"column":47},"end":{"line":1281,"column":48}},"loc":{"start":{"line":1281,"column":67},"end":{"line":1287,"column":9}},"line":1281},"133":{"name":"(anonymous_133)","decl":{"start":{"line":1287,"column":11},"end":{"line":1287,"column":12}},"loc":{"start":{"line":1287,"column":27},"end":{"line":1291,"column":9}},"line":1287},"134":{"name":"enqueue","decl":{"start":{"line":1297,"column":13},"end":{"line":1297,"column":20}},"loc":{"start":{"line":1297,"column":34},"end":{"line":1323,"column":5}},"line":1297},"135":{"name":"callInvokeWithMethodAndArg","decl":{"start":{"line":1298,"column":15},"end":{"line":1298,"column":41}},"loc":{"start":{"line":1298,"column":44},"end":{"line":1302,"column":7}},"line":1298},"136":{"name":"(anonymous_136)","decl":{"start":{"line":1299,"column":31},"end":{"line":1299,"column":32}},"loc":{"start":{"line":1299,"column":57},"end":{"line":1301,"column":9}},"line":1299},"137":{"name":"(anonymous_137)","decl":{"start":{"line":1331,"column":49},"end":{"line":1331,"column":50}},"loc":{"start":{"line":1331,"column":61},"end":{"line":1333,"column":3}},"line":1331},"138":{"name":"(anonymous_138)","decl":{"start":{"line":1339,"column":18},"end":{"line":1339,"column":19}},"loc":{"start":{"line":1339,"column":77},"end":{"line":1352,"column":3}},"line":1339},"139":{"name":"(anonymous_139)","decl":{"start":{"line":1349,"column":25},"end":{"line":1349,"column":26}},"loc":{"start":{"line":1349,"column":42},"end":{"line":1351,"column":9}},"line":1349},"140":{"name":"makeInvokeMethod","decl":{"start":{"line":1354,"column":11},"end":{"line":1354,"column":27}},"loc":{"start":{"line":1354,"column":52},"end":{"line":1430,"column":3}},"line":1354},"141":{"name":"invoke","decl":{"start":{"line":1357,"column":20},"end":{"line":1357,"column":2
[...]
,"/Users/kushika/Environment/rootzjs-core/tests/dev/CheckForArgumentsInContractCallback.jsx": {"path":"/Users/kushika/Environment/rootzjs-core/tests/dev/CheckForArgumentsInContractCallback.jsx","statementMap":{"0":{"start":{"line":6,"column":8},"end":{"line":19,"column":9}},"1":{"start":{"line":12,"column":24},"end":{"line":17,"column":25}},"2":{"start":{"line":15,"column":85},"end":{"line":15,"column":110}},"3":{"start":{"line":20,"column":0},"end":{"line":20,"column":27}},"4":{"start":{"line":21,"column":0},"end":{"line":27,"column":2}},"5":{"start":{"line":24,"column":28},"end":{"line":26,"column":9}},"6":{"start":{"line":29,"column":51},"end":{"line":29,"column":69}}},"fnMap":{"0":{"name":"(anonymous_0)","decl":{"start":{"line":8,"column":16},"end":{"line":8,"column":17}},"loc":{"start":{"line":11,"column":19},"end":{"line":18,"column":17}},"line":11},"1":{"name":"(anonymous_1)","decl":{"start":{"line":15,"column":80},"end":{"line":15,"column":81}},"loc":{"start":{"line":15,"column":85},"end":{"line":15,"column":110}},"line":15},"2":{"name":"(anonymous_2)","decl":{"start":{"line":24,"column":8},"end":{"line":24,"column":9}},"loc":{"start":{"line":24,"column":28},"end":{"line":26,"column":9}},"line":24}},"branchMap":{},"s":{"0":1,"1":2,"2":1,"3":1,"4":1,"5":1,"6":1},"f":{"0":2,"1":1,"2":1},"b":{},"_coverageSchema":"1a1c01bbd47fc00a2c39e90264f33305004495a9","hash":"287d2e5efc679b3a8654e40f2dd5215ad96dfe58"}
,"/Users/kushika/Environment/rootzjs-core/tests/dev/CheckForStateInActionCallback.jsx": {"path":"/Users/kushika/Environment/rootzjs-core/tests/dev/CheckForStateInActionCallback.jsx","statementMap":{"0":{"start":{"line":6,"column":8},"end":{"line":19,"column":9}},"1":{"start":{"line":12,"column":24},"end":{"line":17,"column":25}},"2":{"start":{"line":20,"column":0},"end":{"line":20,"column":55}},"3":{"start":{"line":21,"column":0},"end":{"line":26,"column":3}},"4":{"start":{"line":22,"column":8},"end":{"line":25,"column":40}},"5":{"start":{"line":23,"column":16},"end":{"line":23,"column":40}},"6":{"start":{"line":25,"column":16},"end":{"line":25,"column":40}},"7":{"start":{"line":28,"column":45},"end":{"line":28,"column":63}}},"fnMap":{"0":{"name":"(anonymous_0)","decl":{"start":{"line":8,"column":16},"end":{"line":8,"column":17}},"loc":{"start":{"line":11,"column":19},"end":{"line":18,"column":17}},"line":11},"1":{"name":"(anonymous_1)","decl":{"start":{"line":21,"column":35},"end":{"line":21,"column":36}},"loc":{"start":{"line":21,"column":47},"end":{"line":26,"column":1}},"line":21}},"branchMap":{"0":{"loc":{"start":{"line":22,"column":8},"end":{"line":25,"column":40}},"type":"if","locations":[{"start":{"line":22,"column":8},"end":{"line":25,"column":40}},{"start":{"line":22,"column":8},"end":{"line":25,"column":40}}],"line":22},"1":{"loc":{"start":{"line":22,"column":12},"end":{"line":22,"column":36}},"type":"binary-expr","locations":[{"start":{"line":22,"column":12},"end":{"line":22,"column":17}},{"start":{"line":22,"column":21},"end":{"line":22,"column":36}}],"line":22}},"s":{"0":1,"1":2,"2":1,"3":1,"4":1,"5":1,"6":0,"7":1},"f":{"0":2,"1":1},"b":{"0":[1,0],"1":[1,1]},"_coverageSchema":"1a1c01bbd47fc00a2c39e90264f33305004495a9","hash":"6c56b5db9eef5ba4f5f29ae47c4a11d96938dc07"}
,"/Users/kushika/Environment/rootzjs-core/tests/dev/Print.jsx": {"path":"/Users/kushika/Environment/rootzjs-core/tests/dev/Print.jsx","statementMap":{"0":{"start":{"line":6,"column":8},"end":{"line":15,"column":9}},"1":{"start":{"line":11,"column":24},"end":{"line":13,"column":25}},"2":{"start":{"line":17,"column":21},"end":{"line":17,"column":39}}},"fnMap":{"0":{"name":"(anonymous_0)","decl":{"start":{"line":8,"column":16},"end":{"line":8,"column":17}},"loc":{"start":{"line":10,"column":19},"end":{"line":14,"column":17}},"line":10}},"branchMap":{},"s":{"0":1,"1":1,"2":1},"f":{"0":1},"b":{},"_coverageSchema":"1a1c01bbd47fc00a2c39e90264f33305004495a9","hash":"bc689b2b8b79a34ea2aa8cd39c9b1968819e9065"}
,"/Users/kushika/Environment/rootzjs-core/tests/dev/PrintFromAction.jsx": {"path":"/Users/kushika/Environment/rootzjs-core/tests/dev/PrintFromAction.jsx","statementMap":{"0":{"start":{"line":6,"column":8},"end":{"line":19,"column":9}},"1":{"start":{"line":12,"column":24},"end":{"line":17,"column":25}},"2":{"start":{"line":20,"column":0},"end":{"line":20,"column":27}},"3":{"start":{"line":21,"column":0},"end":{"line":21,"column":46}},"4":{"start":{"line":23,"column":31},"end":{"line":23,"column":49}}},"fnMap":{"0":{"name":"(anonymous_0)","decl":{"start":{"line":8,"column":16},"end":{"line":8,"column":17}},"loc":{"start":{"line":11,"column":19},"end":{"line":18,"column":17}},"line":11}},"branchMap":{},"s":{"0":1,"1":2,"2":1,"3":1,"4":1},"f":{"0":2},"b":{},"_coverageSchema":"1a1c01bbd47fc00a2c39e90264f33305004495a9","hash":"fdc957d9fce9213b058945168d0e6ca390cead04"}
,"/Users/kushika/Environment/rootzjs-core/tests/dev/PrintFromActionCallback.jsx": {"path":"/Users/kushika/Environment/rootzjs-core/tests/dev/PrintFromActionCallback.jsx","statementMap":{"0":{"start":{"line":6,"column":8},"end":{"line":19,"column":9}},"1":{"start":{"line":12,"column":24},"end":{"line":17,"column":25}},"2":{"start":{"line":20,"column":0},"end":{"line":20,"column":27}},"3":{"start":{"line":21,"column":0},"end":{"line":25,"column":2}},"4":{"start":{"line":24,"column":15},"end":{"line":24,"column":32}},"5":{"start":{"line":27,"column":39},"end":{"line":27,"column":57}}},"fnMap":{"0":{"name":"(anonymous_0)","decl":{"start":{"line":8,"column":16},"end":{"line":8,"column":17}},"loc":{"start":{"line":11,"column":19},"end":{"line":18,"column":17}},"line":11},"1":{"name":"(anonymous_1)","decl":{"start":{"line":24,"column":8},"end":{"line":24,"column":9}},"loc":{"start":{"line":24,"column":15},"end":{"line":24,"column":32}},"line":24}},"branchMap":{},"s":{"0":1,"1":2,"2":1,"3":1,"4":1,"5":1},"f":{"0":2,"1":1},"b":{},"_coverageSchema":"1a1c01bbd47fc00a2c39e90264f33305004495a9","hash":"e2954cd9a1920c5875b2ba828472f30601a3ef6e"}
,"/Users/kushika/Environment/rootzjs-core/tests/dev/PrintFromContract.jsx": {"path":"/Users/kushika/Environment/rootzjs-core/tests/dev/PrintFromContract.jsx","statementMap":{"0":{"start":{"line":6,"column":8},"end":{"line":19,"column":9}},"1":{"start":{"line":12,"column":24},"end":{"line":17,"column":25}},"2":{"start":{"line":20,"column":0},"end":{"line":20,"column":27}},"3":{"start":{"line":21,"column":0},"end":{"line":21,"column":69}},"4":{"start":{"line":23,"column":33},"end":{"line":23,"column":51}}},"fnMap":{"0":{"name":"(anonymous_0)","decl":{"start":{"line":8,"column":16},"end":{"line":8,"column":17}},"loc":{"start":{"line":11,"column":19},"end":{"line":18,"column":17}},"line":11}},"branchMap":{},"s":{"0":1,"1":2,"2":1,"3":1,"4":1},"f":{"0":2},"b":{},"_coverageSchema":"1a1c01bbd47fc00a2c39e90264f33305004495a9","hash":"aa6875a824ab9265fbe378ffdde190f8537d57ca"}
,"/Users/kushika/Environment/rootzjs-core/tests/dev/PrintFromContractCallback.jsx": {"path":"/Users/kushika/Environment/rootzjs-core/tests/dev/PrintFromContractCallback.jsx","statementMap":{"0":{"start":{"line":6,"column":8},"end":{"line":19,"column":9}},"1":{"start":{"line":12,"column":24},"end":{"line":17,"column":25}},"2":{"start":{"line":20,"column":0},"end":{"line":20,"column":27}},"3":{"start":{"line":21,"column":0},"end":{"line":25,"column":2}},"4":{"start":{"line":24,"column":15},"end":{"line":24,"column":32}},"5":{"start":{"line":27,"column":41},"end":{"line":27,"column":59}}},"fnMap":{"0":{"name":"(anonymous_0)","decl":{"start":{"line":8,"column":16},"end":{"line":8,"column":17}},"loc":{"start":{"line":11,"column":19},"end":{"line":18,"column":17}},"line":11},"1":{"name":"(anonymous_1)","decl":{"start":{"line":24,"column":8},"end":{"line":24,"column":9}},"loc":{"start":{"line":24,"column":15},"end":{"line":24,"column":32}},"line":24}},"branchMap":{},"s":{"0":1,"1":2,"2":1,"3":1,"4":1,"5":1},"f":{"0":2,"1":1},"b":{},"_coverageSchema":"1a1c01bbd47fc00a2c39e90264f33305004495a9","hash":"baf88ed46aac6aae0082bd4fd34e9d778ad3647f"}
,"/Users/kushika/Environment/rootzjs-core/tests/dev/PrintFromState.jsx": {"path":"/Users/kushika/Environment/rootzjs-core/tests/dev/PrintFromState.jsx","statementMap":{"0":{"start":{"line":6,"column":8},"end":{"line":15,"column":9}},"1":{"start":{"line":11,"column":24},"end":{"line":13,"column":25}},"2":{"start":{"line":16,"column":0},"end":{"line":16,"column":30}},"3":{"start":{"line":18,"column":30},"end":{"line":18,"column":48}}},"fnMap":{"0":{"name":"(anonymous_0)","decl":{"start":{"line":8,"column":16},"end":{"line":8,"column":17}},"loc":{"start":{"line":10,"column":19},"end":{"line":14,"column":17}},"line":10}},"branchMap":{},"s":{"0":1,"1":1,"2":1,"3":1},"f":{"0":1},"b":{},"_coverageSchema":"1a1c01bbd47fc00a2c39e90264f33305004495a9","hash":"20511e4110649fc9759d78e55e9a027424c18753"}
,"/Users/kushika/Environment/rootzjs-core/tests/prod/CheckForArgumentsInActionCallback.jsx": {"path":"/Users/kushika/Environment/rootzjs-core/tests/prod/CheckForArgumentsInActionCallback.jsx","statementMap":{"0":{"start":{"line":6,"column":8},"end":{"line":19,"column":9}},"1":{"start":{"line":12,"column":24},"end":{"line":17,"column":25}},"2":{"start":{"line":15,"column":86},"end":{"line":15,"column":111}},"3":{"start":{"line":20,"column":0},"end":{"line":20,"column":27}},"4":{"start":{"line":21,"column":0},"end":{"line":21,"column":72}},"5":{"start":{"line":21,"column":55},"end":{"line":21,"column":69}},"6":{"start":{"line":23,"column":49},"end":{"line":23,"column":67}}},"fnMap":{"0":{"name":"(anonymous_0)","decl":{"start":{"line":8,"column":16},"end":{"line":8,"column":17}},"loc":{"start":{"line":11,"column":19},"end":{"line":18,"column":17}},"line":11},"1":{"name":"(anonymous_1)","decl":{"start":{"line":15,"column":80},"end":{"line":15,"column":81}},"loc":{"start":{"line":15,"column":86},"end":{"line":15,"column":111}},"line":15},"2":{"name":"(anonymous_2)","decl":{"start":{"line":21,"column":35},"end":{"line":21,"column":36}},"loc":{"start":{"line":21,"column":55},"end":{"line":21,"column":69}},"line":21}},"branchMap":{},"s":{"0":1,"1":2,"2":1,"3":1,"4":1,"5":1,"6":1},"f":{"0":2,"1":1,"2":1},"b":{},"_coverageSchema":"1a1c01bbd47fc00a2c39e90264f33305004495a9","hash":"13fbeb0eea8439a7988523f63f64cf54bdc98b32"}
,"/Users/kushika/Environment/rootzjs-core/tests/prod/CheckForArgumentsInContractCallback.jsx": {"path":"/Users/kushika/Environment/rootzjs-core/tests/prod/CheckForArgumentsInContractCallback.jsx","statementMap":{"0":{"start":{"line":6,"column":8},"end":{"line":19,"column":9}},"1":{"start":{"line":12,"column":24},"end":{"line":17,"column":25}},"2":{"start":{"line":15,"column":86},"end":{"line":15,"column":111}},"3":{"start":{"line":20,"column":0},"end":{"line":20,"column":27}},"4":{"start":{"line":21,"column":0},"end":{"line":27,"column":2}},"5":{"start":{"line":24,"column":28},"end":{"line":26,"column":9}},"6":{"start":{"line":29,"column":51},"end":{"line":29,"column":69}}},"fnMap":{"0":{"name":"(anonymous_0)","decl":{"start":{"line":8,"column":16},"end":{"line":8,"column":17}},"loc":{"start":{"line":11,"column":19},"end":{"line":18,"column":17}},"line":11},"1":{"name":"(anonymous_1)","decl":{"start":{"line":15,"column":80},"end":{"line":15,"column":81}},"loc":{"start":{"line":15,"column":86},"end":{"line":15,"column":111}},"line":15},"2":{"name":"(anonymous_2)","decl":{"start":{"line":24,"column":8},"end":{"line":24,"column":9}},"loc":{"start":{"line":24,"column":28},"end":{"line":26,"column":9}},"line":24}},"branchMap":{},"s":{"0":1,"1":2,"2":1,"3":1,"4":1,"5":1,"6":1},"f":{"0":2,"1":1,"2":1},"b":{},"_coverageSchema":"1a1c01bbd47fc00a2c39e90264f33305004495a9","hash":"2ccd70607139838cc6f6c530b25cfc014ee968e6"}
,"/Users/kushika/Environment/rootzjs-core/tests/prod/CheckForStateInActionCallback.jsx": {"path":"/Users/kushika/Environment/rootzjs-core/tests/prod/CheckForStateInActionCallback.jsx","statementMap":{"0":{"start":{"line":6,"column":8},"end":{"line":19,"column":9}},"1":{"start":{"line":12,"column":24},"end":{"line":17,"column":25}},"2":{"start":{"line":20,"column":0},"end":{"line":20,"column":55}},"3":{"start":{"line":21,"column":0},"end":{"line":26,"column":3}},"4":{"start":{"line":22,"column":8},"end":{"line":25,"column":40}},"5":{"start":{"line":23,"column":16},"end":{"line":23,"column":40}},"6":{"start":{"line":25,"column":16},"end":{"line":25,"column":40}},"7":{"start":{"line":28,"column":45},"end":{"line":28,"column":63}}},"fnMap":{"0":{"name":"(anonymous_0)","decl":{"start":{"line":8,"column":16},"end":{"line":8,"column":17}},"loc":{"start":{"line":11,"column":19},"end":{"line":18,"column":17}},"line":11},"1":{"name":"(anonymous_1)","decl":{"start":{"line":21,"column":35},"end":{"line":21,"column":36}},"loc":{"start":{"line":21,"column":47},"end":{"line":26,"column":1}},"line":21}},"branchMap":{"0":{"loc":{"start":{"line":22,"column":8},"end":{"line":25,"column":40}},"type":"if","locations":[{"start":{"line":22,"column":8},"end":{"line":25,"column":40}},{"start":{"line":22,"column":8},"end":{"line":25,"column":40}}],"line":22},"1":{"loc":{"start":{"line":22,"column":12},"end":{"line":22,"column":36}},"type":"binary-expr","locations":[{"start":{"line":22,"column":12},"end":{"line":22,"column":17}},{"start":{"line":22,"column":21},"end":{"line":22,"column":36}}],"line":22}},"s":{"0":1,"1":2,"2":1,"3":1,"4":1,"5":1,"6":0,"7":1},"f":{"0":2,"1":1},"b":{"0":[1,0],"1":[1,1]},"_coverageSchema":"1a1c01bbd47fc00a2c39e90264f33305004495a9","hash":"06595605e4324f1a56e8ae01d8260c10207ed23c"}
,"/Users/kushika/Environment/rootzjs-core/tests/prod/Print.jsx": {"path":"/Users/kushika/Environment/rootzjs-core/tests/prod/Print.jsx","statementMap":{"0":{"start":{"line":6,"column":8},"end":{"line":15,"column":9}},"1":{"start":{"line":11,"column":24},"end":{"line":13,"column":25}},"2":{"start":{"line":17,"column":21},"end":{"line":17,"column":39}}},"fnMap":{"0":{"name":"(anonymous_0)","decl":{"start":{"line":8,"column":16},"end":{"line":8,"column":17}},"loc":{"start":{"line":10,"column":19},"end":{"line":14,"column":17}},"line":10}},"branchMap":{},"s":{"0":1,"1":1,"2":1},"f":{"0":1},"b":{},"_coverageSchema":"1a1c01bbd47fc00a2c39e90264f33305004495a9","hash":"cbb512d4df11687ebe3da63a34010d9e1ddc25a9"}
,"/Users/kushika/Environment/rootzjs-core/tests/prod/PrintFromAction.jsx": {"path":"/Users/kushika/Environment/rootzjs-core/tests/prod/PrintFromAction.jsx","statementMap":{"0":{"start":{"line":6,"column":8},"end":{"line":19,"column":9}},"1":{"start":{"line":12,"column":24},"end":{"line":17,"column":25}},"2":{"start":{"line":20,"column":0},"end":{"line":20,"column":27}},"3":{"start":{"line":21,"column":0},"end":{"line":21,"column":46}},"4":{"start":{"line":23,"column":31},"end":{"line":23,"column":49}}},"fnMap":{"0":{"name":"(anonymous_0)","decl":{"start":{"line":8,"column":16},"end":{"line":8,"column":17}},"loc":{"start":{"line":11,"column":19},"end":{"line":18,"column":17}},"line":11}},"branchMap":{},"s":{"0":1,"1":2,"2":1,"3":1,"4":1},"f":{"0":2},"b":{},"_coverageSchema":"1a1c01bbd47fc00a2c39e90264f33305004495a9","hash":"22251fa8347547da0ce4f7e600c045444cad6942"}
,"/Users/kushika/Environment/rootzjs-core/tests/prod/PrintFromActionCallback.jsx": {"path":"/Users/kushika/Environment/rootzjs-core/tests/prod/PrintFromActionCallback.jsx","statementMap":{"0":{"start":{"line":6,"column":8},"end":{"line":19,"column":9}},"1":{"start":{"line":12,"column":24},"end":{"line":17,"column":25}},"2":{"start":{"line":20,"column":0},"end":{"line":20,"column":27}},"3":{"start":{"line":21,"column":0},"end":{"line":25,"column":2}},"4":{"start":{"line":24,"column":15},"end":{"line":24,"column":32}},"5":{"start":{"line":27,"column":39},"end":{"line":27,"column":57}}},"fnMap":{"0":{"name":"(anonymous_0)","decl":{"start":{"line":8,"column":16},"end":{"line":8,"column":17}},"loc":{"start":{"line":11,"column":19},"end":{"line":18,"column":17}},"line":11},"1":{"name":"(anonymous_1)","decl":{"start":{"line":24,"column":8},"end":{"line":24,"column":9}},"loc":{"start":{"line":24,"column":15},"end":{"line":24,"column":32}},"line":24}},"branchMap":{},"s":{"0":1,"1":2,"2":1,"3":1,"4":1,"5":1},"f":{"0":2,"1":1},"b":{},"_coverageSchema":"1a1c01bbd47fc00a2c39e90264f33305004495a9","hash":"72137000d418e7a3168b600c0b39269d364a3c9d"}
,"/Users/kushika/Environment/rootzjs-core/tests/prod/PrintFromContract.jsx": {"path":"/Users/kushika/Environment/rootzjs-core/tests/prod/PrintFromContract.jsx","statementMap":{"0":{"start":{"line":6,"column":8},"end":{"line":19,"column":9}},"1":{"start":{"line":12,"column":24},"end":{"line":17,"column":25}},"2":{"start":{"line":20,"column":0},"end":{"line":20,"column":27}},"3":{"start":{"line":21,"column":0},"end":{"line":21,"column":69}},"4":{"start":{"line":23,"column":33},"end":{"line":23,"column":51}}},"fnMap":{"0":{"name":"(anonymous_0)","decl":{"start":{"line":8,"column":16},"end":{"line":8,"column":17}},"loc":{"start":{"line":11,"column":19},"end":{"line":18,"column":17}},"line":11}},"branchMap":{},"s":{"0":1,"1":2,"2":1,"3":1,"4":1},"f":{"0":2},"b":{},"_coverageSchema":"1a1c01bbd47fc00a2c39e90264f33305004495a9","hash":"717faa84cd22f175c51d1cd6a7fd0f71577cbcbf"}
,"/Users/kushika/Environment/rootzjs-core/tests/prod/PrintFromContractCallback.jsx": {"path":"/Users/kushika/Environment/rootzjs-core/tests/prod/PrintFromContractCallback.jsx","statementMap":{"0":{"start":{"line":6,"column":8},"end":{"line":19,"column":9}},"1":{"start":{"line":12,"column":24},"end":{"line":17,"column":25}},"2":{"start":{"line":20,"column":0},"end":{"line":20,"column":27}},"3":{"start":{"line":21,"column":0},"end":{"line":25,"column":2}},"4":{"start":{"line":24,"column":15},"end":{"line":24,"column":32}},"5":{"start":{"line":27,"column":41},"end":{"line":27,"column":59}}},"fnMap":{"0":{"name":"(anonymous_0)","decl":{"start":{"line":8,"column":16},"end":{"line":8,"column":17}},"loc":{"start":{"line":11,"column":19},"end":{"line":18,"column":17}},"line":11},"1":{"name":"(anonymous_1)","decl":{"start":{"line":24,"column":8},"end":{"line":24,"column":9}},"loc":{"start":{"line":24,"column":15},"end":{"line":24,"column":32}},"line":24}},"branchMap":{},"s":{"0":1,"1":2,"2":1,"3":1,"4":1,"5":1},"f":{"0":2,"1":1},"b":{},"_coverageSchema":"1a1c01bbd47fc00a2c39e90264f33305004495a9","hash":"f27933d56a6fb42206a271591d5bcd676490a34c"}
,"/Users/kushika/Environment/rootzjs-core/tests/prod/PrintFromState.jsx": {"path":"/Users/kushika/Environment/rootzjs-core/tests/prod/PrintFromState.jsx","statementMap":{"0":{"start":{"line":6,"column":8},"end":{"line":15,"column":9}},"1":{"start":{"line":11,"column":24},"end":{"line":13,"column":25}},"2":{"start":{"line":16,"column":0},"end":{"line":16,"column":30}},"3":{"start":{"line":18,"column":30},"end":{"line":18,"column":48}}},"fnMap":{"0":{"name":"(anonymous_0)","decl":{"start":{"line":8,"column":16},"end":{"line":8,"column":17}},"loc":{"start":{"line":10,"column":19},"end":{"line":14,"column":17}},"line":10}},"branchMap":{},"s":{"0":1,"1":1,"2":1,"3":1},"f":{"0":1},"b":{},"_coverageSchema":"1a1c01bbd47fc00a2c39e90264f33305004495a9","hash":"6559ec68ffec5f8711412a33b26b43b3e31152a1"}
}
