TN:
SF:dist/rootz-core.dev.js
FN:1,webpackUniversalModuleDefinition
FN:10,(anonymous_1)
FN:11,(anonymous_2)
FN:15,(anonymous_3)
FN:17,_arrayLikeToArray
FN:32,(anonymous_5)
FN:36,_arrayWithoutHoles
FN:45,(anonymous_7)
FN:47,_assertThisInitialized
FN:60,(anonymous_9)
FN:62,asyncGeneratorStep
FN:78,_asyncToGenerator
FN:79,(anonymous_12)
FN:82,(anonymous_13)
FN:85,_next
FN:89,_throw
FN:103,(anonymous_16)
FN:105,_classCallCheck
FN:116,(anonymous_18)
FN:118,_defineProperties
FN:128,_createClass
FN:139,(anonymous_21)
FN:141,_defineProperty
FN:161,(anonymous_23)
FN:163,_getPrototypeOf
FN:164,_getPrototypeOf
FN:175,(anonymous_26)
FN:179,_inherits
FN:199,(anonymous_28)
FN:201,_iterableToArray
FN:210,(anonymous_30)
FN:212,_nonIterableSpread
FN:221,(anonymous_32)
FN:227,_possibleConstructorReturn
FN:240,(anonymous_34)
FN:242,_setPrototypeOf
FN:243,_setPrototypeOf
FN:256,(anonymous_37)
FN:266,_toConsumableArray
FN:275,(anonymous_39)
FN:277,_typeof
FN:281,_typeof
FN:285,_typeof
FN:298,(anonymous_43)
FN:302,_unsupportedIterableToArray
FN:316,(anonymous_45)
FN:324,(anonymous_46)
FN:332,(anonymous_47)
FN:333,(anonymous_48)
FN:334,(anonymous_49)
FN:335,(anonymous_50)
FN:399,NNF
FN:403,INOA
FN:407,DENI
FN:411,ITSROOF
FN:415,ITANRS
FN:419,ITNI
FN:423,ITCRF
FN:427,ITSRO
FN:431,logger
FN:464,checksForStateObject
FN:470,checksForNodeNotFound
FN:476,checkLogsForCreateNode
FN:490,checkLogsForUseAction
FN:501,checkLogsForUseContract
FN:519,checkLogsForUseActionCallback
FN:530,checkLogsForUseContractCallback
FN:561,ownKeys
FN:561,(anonymous_68)
FN:563,_objectSpread
FN:563,(anonymous_70)
FN:563,(anonymous_71)
FN:565,_createSuper
FN:565,c
FN:567,_isNativeReflectConstruct
FN:567,(anonymous_75)
FN:583,(anonymous_76)
FN:588,now
FN:592,setImmutableObject
FN:596,setImmutableArray
FN:600,requestUpdate
FN:622,setProfile
FN:637,getAllNodes
FN:653,getProfile
FN:668,dispatchNode
FN:676,(anonymous_85)
FN:681,b
FN:697,componentDidMount
FN:702,componentDidUpdate
FN:707,render
FN:733,NodeC
FN:745,(anonymous_91)
FN:758,(anonymous_92)
FN:764,(anonymous_93)
FN:783,(anonymous_94)
FN:790,(anonymous_95)
FN:809,(anonymous_96)
FN:813,d
FN:820,d
FN:857,(anonymous_99)
FN:860,d
FN:867,d
FN:908,(anonymous_102)
FN:941,createNode
FN:999,(anonymous_104)
FN:1013,emptyFunction
FN:1014,emptyFunctionWithReset
FN:1017,(anonymous_107)
FN:1018,shim
FN:1032,getShim
FN:1071,(anonymous_110)
FN:1090,(anonymous_111)
FN:1110,(anonymous_112)
FN:1119,(anonymous_113)
FN:1130,define
FN:1143,(anonymous_115)
FN:1148,wrap
FN:1172,tryCatch
FN:1193,Generator
FN:1194,GeneratorFunction
FN:1195,GeneratorFunctionPrototype
FN:1200,(anonymous_121)
FN:1226,defineIteratorMethods
FN:1227,(anonymous_123)
FN:1228,(anonymous_124)
FN:1234,(anonymous_125)
FN:1244,(anonymous_126)
FN:1259,(anonymous_127)
FN:1263,AsyncIterator
FN:1264,invoke
FN:1274,(anonymous_130)
FN:1276,(anonymous_131)
FN:1281,(anonymous_132)
FN:1287,(anonymous_133)
FN:1297,enqueue
FN:1298,callInvokeWithMethodAndArg
FN:1299,(anonymous_136)
FN:1331,(anonymous_137)
FN:1339,(anonymous_138)
FN:1349,(anonymous_139)
FN:1354,makeInvokeMethod
FN:1357,invoke
FN:1436,maybeInvokeDelegate
FN:1526,(anonymous_143)
FN:1530,(anonymous_144)
FN:1534,pushTryEntry
FN:1549,resetTryEntry
FN:1556,Context
FN:1565,(anonymous_148)
FN:1574,next
FN:1592,values
FN:1604,next
FN:1628,doneResult
FN:1635,(anonymous_153)
FN:1661,(anonymous_154)
FN:1673,(anonymous_155)
FN:1679,handle
FN:1733,(anonymous_157)
FN:1767,(anonymous_158)
FN:1786,(anonymous_159)
FN:1797,(anonymous_160)
FN:1815,(anonymous_161)
FN:1865,(anonymous_162)
FN:1878,__webpack_require__
FN:1899,(anonymous_164)
FN:1901,(anonymous_165)
FN:1903,(anonymous_166)
FN:1904,(anonymous_167)
FN:1911,(anonymous_168)
FN:1913,(anonymous_169)
FN:1923,(anonymous_170)
FN:1924,(anonymous_171)
FN:1928,(anonymous_172)
FN:1930,(anonymous_173)
FNF:174
FNH:112
FNDA:8,webpackUniversalModuleDefinition
FNDA:8,(anonymous_1)
FNDA:8,(anonymous_2)
FNDA:8,(anonymous_3)
FNDA:12,_arrayLikeToArray
FNDA:8,(anonymous_5)
FNDA:12,_arrayWithoutHoles
FNDA:8,(anonymous_7)
FNDA:0,_assertThisInitialized
FNDA:8,(anonymous_9)
FNDA:8,asyncGeneratorStep
FNDA:4,_asyncToGenerator
FNDA:4,(anonymous_12)
FNDA:4,(anonymous_13)
FNDA:8,_next
FNDA:0,_throw
FNDA:8,(anonymous_16)
FNDA:8,_classCallCheck
FNDA:8,(anonymous_18)
FNDA:8,_defineProperties
FNDA:8,_createClass
FNDA:8,(anonymous_21)
FNDA:14,_defineProperty
FNDA:8,(anonymous_23)
FNDA:16,_getPrototypeOf
FNDA:0,_getPrototypeOf
FNDA:8,(anonymous_26)
FNDA:8,_inherits
FNDA:8,(anonymous_28)
FNDA:0,_iterableToArray
FNDA:8,(anonymous_30)
FNDA:0,_nonIterableSpread
FNDA:8,(anonymous_32)
FNDA:8,_possibleConstructorReturn
FNDA:8,(anonymous_34)
FNDA:8,_setPrototypeOf
FNDA:0,_setPrototypeOf
FNDA:8,(anonymous_37)
FNDA:12,_toConsumableArray
FNDA:8,(anonymous_39)
FNDA:21,_typeof
FNDA:21,_typeof
FNDA:0,_typeof
FNDA:8,(anonymous_43)
FNDA:0,_unsupportedIterableToArray
FNDA:8,(anonymous_45)
FNDA:8,(anonymous_46)
FNDA:8,(anonymous_47)
FNDA:0,(anonymous_48)
FNDA:0,(anonymous_49)
FNDA:0,(anonymous_50)
FNDA:0,NNF
FNDA:0,INOA
FNDA:0,DENI
FNDA:0,ITSROOF
FNDA:0,ITANRS
FNDA:0,ITNI
FNDA:0,ITCRF
FNDA:0,ITSRO
FNDA:8,logger
FNDA:7,checksForStateObject
FNDA:8,checksForNodeNotFound
FNDA:8,checkLogsForCreateNode
FNDA:1,checkLogsForUseAction
FNDA:2,checkLogsForUseContract
FNDA:1,checkLogsForUseActionCallback
FNDA:3,checkLogsForUseContractCallback
FNDA:16,ownKeys
FNDA:0,(anonymous_68)
FNDA:16,_objectSpread
FNDA:6,(anonymous_70)
FNDA:0,(anonymous_71)
FNDA:8,_createSuper
FNDA:8,c
FNDA:8,_isNativeReflectConstruct
FNDA:0,(anonymous_75)
FNDA:28,(anonymous_76)
FNDA:28,now
FNDA:33,setImmutableObject
FNDA:6,setImmutableArray
FNDA:6,requestUpdate
FNDA:0,setProfile
FNDA:13,getAllNodes
FNDA:14,getProfile
FNDA:8,dispatchNode
FNDA:8,(anonymous_85)
FNDA:8,b
FNDA:8,componentDidMount
FNDA:6,componentDidUpdate
FNDA:14,render
FNDA:8,NodeC
FNDA:7,(anonymous_91)
FNDA:2,(anonymous_92)
FNDA:1,(anonymous_93)
FNDA:1,(anonymous_94)
FNDA:1,(anonymous_95)
FNDA:1,(anonymous_96)
FNDA:1,d
FNDA:2,d
FNDA:3,(anonymous_99)
FNDA:3,d
FNDA:6,d
FNDA:0,(anonymous_102)
FNDA:8,createNode
FNDA:8,(anonymous_104)
FNDA:0,emptyFunction
FNDA:0,emptyFunctionWithReset
FNDA:8,(anonymous_107)
FNDA:0,shim
FNDA:24,getShim
FNDA:8,(anonymous_110)
FNDA:8,(anonymous_111)
FNDA:8,(anonymous_112)
FNDA:8,(anonymous_113)
FNDA:72,define
FNDA:0,(anonymous_115)
FNDA:4,wrap
FNDA:8,tryCatch
FNDA:0,Generator
FNDA:0,GeneratorFunction
FNDA:0,GeneratorFunctionPrototype
FNDA:0,(anonymous_121)
FNDA:16,defineIteratorMethods
FNDA:48,(anonymous_123)
FNDA:8,(anonymous_124)
FNDA:0,(anonymous_125)
FNDA:4,(anonymous_126)
FNDA:0,(anonymous_127)
FNDA:0,AsyncIterator
FNDA:0,invoke
FNDA:0,(anonymous_130)
FNDA:0,(anonymous_131)
FNDA:0,(anonymous_132)
FNDA:0,(anonymous_133)
FNDA:0,enqueue
FNDA:0,callInvokeWithMethodAndArg
FNDA:0,(anonymous_136)
FNDA:0,(anonymous_137)
FNDA:0,(anonymous_138)
FNDA:0,(anonymous_139)
FNDA:4,makeInvokeMethod
FNDA:8,invoke
FNDA:0,maybeInvokeDelegate
FNDA:0,(anonymous_143)
FNDA:0,(anonymous_144)
FNDA:0,pushTryEntry
FNDA:4,resetTryEntry
FNDA:4,Context
FNDA:0,(anonymous_148)
FNDA:0,next
FNDA:8,values
FNDA:0,next
FNDA:0,doneResult
FNDA:4,(anonymous_153)
FNDA:4,(anonymous_154)
FNDA:0,(anonymous_155)
FNDA:0,handle
FNDA:0,(anonymous_157)
FNDA:0,(anonymous_158)
FNDA:0,(anonymous_159)
FNDA:0,(anonymous_160)
FNDA:0,(anonymous_161)
FNDA:8,(anonymous_162)
FNDA:200,__webpack_require__
FNDA:8,(anonymous_164)
FNDA:96,(anonymous_165)
FNDA:0,(anonymous_166)
FNDA:313,(anonymous_167)
FNDA:8,(anonymous_168)
FNDA:104,(anonymous_169)
FNDA:8,(anonymous_170)
FNDA:256,(anonymous_171)
FNDA:8,(anonymous_172)
FNDA:8,(anonymous_173)
DA:1,8
DA:2,8
DA:3,8
DA:4,0
DA:5,0
DA:7,0
DA:8,0
DA:11,8
DA:12,8
DA:18,12
DA:20,12
DA:21,6
DA:24,12
DA:27,8
DA:34,8
DA:37,12
DA:40,8
DA:48,0
DA:49,0
DA:52,0
DA:55,8
DA:63,8
DA:64,8
DA:65,8
DA:67,0
DA:68,0
DA:71,8
DA:72,4
DA:74,4
DA:79,4
DA:80,4
DA:81,4
DA:82,4
DA:83,4
DA:86,8
DA:90,0
DA:93,4
DA:98,8
DA:106,8
DA:107,0
DA:111,8
DA:119,8
DA:120,24
DA:121,24
DA:122,24
DA:123,24
DA:124,24
DA:129,8
DA:130,8
DA:131,8
DA:134,8
DA:142,14
DA:143,0
DA:150,14
DA:153,14
DA:156,8
DA:164,16
DA:165,0
DA:167,16
DA:170,8
DA:177,8
DA:180,8
DA:181,0
DA:184,8
DA:191,8
DA:194,8
DA:202,0
DA:205,8
DA:213,0
DA:216,8
DA:223,8
DA:225,8
DA:228,8
DA:229,8
DA:232,0
DA:235,8
DA:243,8
DA:244,0
DA:245,0
DA:248,8
DA:251,8
DA:258,8
DA:260,8
DA:262,8
DA:264,8
DA:267,12
DA:270,8
DA:280,21
DA:281,21
DA:282,21
DA:285,0
DA:286,0
DA:290,21
DA:293,8
DA:300,8
DA:303,0
DA:304,0
DA:305,0
DA:306,0
DA:307,0
DA:308,0
DA:311,8
DA:318,8
DA:328,8
DA:331,8
DA:332,8
DA:333,0
DA:334,0
DA:335,0
DA:339,8
DA:340,8
DA:342,8
DA:343,8
DA:345,8
DA:346,8
DA:348,8
DA:349,8
DA:351,8
DA:352,8
DA:354,8
DA:355,8
DA:357,8
DA:358,8
DA:360,8
DA:361,8
DA:363,8
DA:364,8
DA:366,8
DA:367,8
DA:369,8
DA:370,8
DA:372,8
DA:373,8
DA:377,8
DA:383,8
DA:397,8
DA:400,0
DA:404,0
DA:408,0
DA:412,0
DA:416,0
DA:420,0
DA:424,0
DA:428,0
DA:431,8
DA:432,8
DA:435,0
DA:436,0
DA:441,0
DA:442,0
DA:447,0
DA:448,0
DA:453,8
DA:454,8
DA:459,0
DA:463,8
DA:465,7
DA:466,0
DA:467,0
DA:471,8
DA:472,0
DA:473,0
DA:477,8
DA:479,8
DA:480,0
DA:481,0
DA:485,8
DA:486,0
DA:487,0
DA:491,1
DA:492,0
DA:493,0
DA:496,1
DA:497,0
DA:498,0
DA:502,2
DA:504,2
DA:505,0
DA:506,0
DA:509,2
DA:510,0
DA:511,0
DA:514,2
DA:515,0
DA:516,0
DA:520,1
DA:521,0
DA:522,0
DA:525,1
DA:526,0
DA:527,0
DA:531,3
DA:533,3
DA:534,0
DA:535,0
DA:538,3
DA:539,0
DA:540,0
DA:543,3
DA:544,0
DA:545,0
DA:561,16
DA:563,16
DA:565,8
DA:567,8
DA:583,8
DA:585,8
DA:586,8
DA:588,8
DA:589,28
DA:592,8
DA:593,33
DA:596,8
DA:597,6
DA:600,8
DA:601,6
DA:602,6
DA:603,6
DA:608,8
DA:609,8
DA:622,8
DA:623,0
DA:637,8
DA:638,13
DA:653,8
DA:654,14
DA:668,8
DA:670,8
DA:671,8
DA:672,8
DA:673,8
DA:674,8
DA:675,8
DA:676,8
DA:677,8
DA:679,8
DA:684,8
DA:686,8
DA:687,8
DA:691,8
DA:692,8
DA:695,8
DA:698,8
DA:703,6
DA:708,14
DA:709,14
DA:711,14
DA:712,14
DA:721,8
DA:723,8
DA:733,8
DA:734,8
DA:735,8
DA:736,8
DA:737,8
DA:745,8
DA:746,7
DA:747,7
DA:748,7
DA:758,8
DA:759,2
DA:761,2
DA:762,1
DA:764,1
DA:765,1
DA:766,1
DA:767,1
DA:770,1
DA:771,1
DA:773,1
DA:783,8
DA:784,1
DA:785,1
DA:787,1
DA:788,1
DA:790,1
DA:791,1
DA:792,1
DA:793,1
DA:796,1
DA:797,1
DA:798,0
DA:799,0
DA:809,8
DA:810,1
DA:811,1
DA:812,1
DA:813,1
DA:819,1
DA:820,1
DA:821,2
DA:822,2
DA:824,1
DA:825,1
DA:827,1
DA:828,1
DA:831,1
DA:832,1
DA:835,1
DA:836,1
DA:837,1
DA:841,1
DA:846,1
DA:847,1
DA:857,8
DA:858,3
DA:859,3
DA:860,3
DA:866,3
DA:867,3
DA:868,6
DA:869,6
DA:871,3
DA:872,3
DA:874,3
DA:875,3
DA:878,3
DA:879,3
DA:882,3
DA:883,3
DA:884,3
DA:888,3
DA:893,3
DA:894,3
DA:908,8
DA:909,0
DA:941,8
DA:942,8
DA:943,8
DA:944,8
DA:945,8
DA:952,8
DA:959,8
DA:963,8
DA:967,8
DA:972,8
DA:976,8
DA:980,8
DA:985,8
DA:988,8
DA:1011,8
DA:1015,8
DA:1017,8
DA:1019,0
DA:1021,0
DA:1023,0
DA:1028,0
DA:1029,0
DA:1031,8
DA:1033,24
DA:1037,8
DA:1062,8
DA:1064,8
DA:1080,8
DA:1083,8
DA:1102,8
DA:1104,8
DA:1119,8
DA:1122,8
DA:1123,8
DA:1125,8
DA:1126,8
DA:1127,8
DA:1128,8
DA:1131,72
DA:1137,72
DA:1139,8
DA:1141,8
DA:1143,0
DA:1144,0
DA:1150,4
DA:1151,4
DA:1152,4
DA:1156,4
DA:1158,4
DA:1160,8
DA:1173,8
DA:1174,8
DA:1176,0
DA:1180,8
DA:1181,8
DA:1182,8
DA:1183,8
DA:1187,8
DA:1199,8
DA:1200,8
DA:1201,0
DA:1204,8
DA:1205,8
DA:1206,8
DA:1211,8
DA:1214,8
DA:1216,8
DA:1217,8
DA:1218,8
DA:1227,16
DA:1228,48
DA:1229,8
DA:1234,8
DA:1235,0
DA:1236,0
DA:1244,8
DA:1245,4
DA:1246,4
DA:1248,0
DA:1249,0
DA:1251,4
DA:1252,4
DA:1259,8
DA:1260,0
DA:1265,0
DA:1266,0
DA:1267,0
DA:1269,0
DA:1270,0
DA:1271,0
DA:1274,0
DA:1275,0
DA:1277,0
DA:1281,0
DA:1285,0
DA:1286,0
DA:1290,0
DA:1299,0
DA:1300,0
DA:1304,0
DA:1327,0
DA:1330,8
DA:1331,8
DA:1332,0
DA:1334,8
DA:1339,8
DA:1340,0
DA:1342,0
DA:1347,0
DA:1350,0
DA:1355,4
DA:1357,4
DA:1358,8
DA:1359,0
DA:1362,8
DA:1363,0
DA:1364,0
DA:1369,0
DA:1372,8
DA:1373,8
DA:1375,8
DA:1376,8
DA:1377,8
DA:1378,0
DA:1379,0
DA:1380,0
DA:1381,0
DA:1385,8
DA:1388,8
DA:1390,0
DA:1391,0
DA:1392,0
DA:1393,0
DA:1396,0
DA:1398,0
DA:1399,0
DA:1402,8
DA:1404,8
DA:1405,8
DA:1408,8
DA:1412,8
DA:1413,0
DA:1416,8
DA:1421,0
DA:1422,0
DA:1425,0
DA:1426,0
DA:1437,0
DA:1438,0
DA:1441,0
DA:1443,0
DA:1445,0
DA:1448,0
DA:1449,0
DA:1450,0
DA:1452,0
DA:1455,0
DA:1459,0
DA:1460,0
DA:1464,0
DA:1467,0
DA:1469,0
DA:1470,0
DA:1471,0
DA:1472,0
DA:1473,0
DA:1476,0
DA:1478,0
DA:1479,0
DA:1480,0
DA:1481,0
DA:1482,0
DA:1485,0
DA:1488,0
DA:1491,0
DA:1499,0
DA:1500,0
DA:1501,0
DA:1506,0
DA:1511,0
DA:1512,0
DA:1517,8
DA:1519,8
DA:1526,8
DA:1527,0
DA:1530,8
DA:1531,0
DA:1535,0
DA:1537,0
DA:1538,0
DA:1541,0
DA:1542,0
DA:1543,0
DA:1546,0
DA:1550,4
DA:1551,4
DA:1552,4
DA:1553,4
DA:1560,4
DA:1561,4
DA:1562,4
DA:1565,8
DA:1566,0
DA:1567,0
DA:1568,0
DA:1570,0
DA:1574,0
DA:1575,0
DA:1576,0
DA:1577,0
DA:1578,0
DA:1579,0
DA:1580,0
DA:1587,0
DA:1588,0
DA:1593,8
DA:1594,8
DA:1595,8
DA:1596,8
DA:1599,0
DA:1600,0
DA:1603,0
DA:1604,0
DA:1605,0
DA:1606,0
DA:1607,0
DA:1608,0
DA:1609,0
DA:1613,0
DA:1614,0
DA:1616,0
DA:1619,0
DA:1624,0
DA:1626,8
DA:1629,0
DA:1632,8
DA:1636,4
DA:1637,4
DA:1640,4
DA:1641,4
DA:1642,4
DA:1644,4
DA:1645,4
DA:1647,4
DA:1649,4
DA:1650,0
DA:1652,0
DA:1655,0
DA:1662,4
DA:1664,4
DA:1665,4
DA:1666,4
DA:1667,0
DA:1670,4
DA:1674,0
DA:1675,0
DA:1678,0
DA:1680,0
DA:1681,0
DA:1682,0
DA:1684,0
DA:1687,0
DA:1688,0
DA:1691,0
DA:1694,0
DA:1695,0
DA:1696,0
DA:1698,0
DA:1702,0
DA:1705,0
DA:1706,0
DA:1707,0
DA:1709,0
DA:1710,0
DA:1711,0
DA:1712,0
DA:1713,0
DA:1716,0
DA:1717,0
DA:1718,0
DA:1721,0
DA:1722,0
DA:1723,0
DA:1727,0
DA:1734,0
DA:1735,0
DA:1736,0
DA:1739,0
DA:1740,0
DA:1744,0
DA:1751,0
DA:1754,0
DA:1755,0
DA:1756,0
DA:1758,0
DA:1759,0
DA:1760,0
DA:1761,0
DA:1764,0
DA:1768,0
DA:1769,0
DA:1772,0
DA:1774,0
DA:1775,0
DA:1776,0
DA:1777,0
DA:1778,0
DA:1779,0
DA:1780,0
DA:1783,0
DA:1787,0
DA:1788,0
DA:1789,0
DA:1790,0
DA:1791,0
DA:1792,0
DA:1798,0
DA:1799,0
DA:1800,0
DA:1801,0
DA:1802,0
DA:1803,0
DA:1804,0
DA:1806,0
DA:1812,0
DA:1816,0
DA:1822,0
DA:1825,0
DA:1828,0
DA:1836,8
DA:1846,8
DA:1847,8
DA:1858,4
DA:1868,8
DA:1875,8
DA:1880,200
DA:1881,16
DA:1884,184
DA:1891,184
DA:1894,184
DA:1899,8
DA:1901,8
DA:1902,96
DA:1903,0
DA:1904,313
DA:1905,96
DA:1906,96
DA:1911,8
DA:1913,8
DA:1914,104
DA:1915,128
DA:1916,128
DA:1923,8
DA:1924,256
DA:1928,8
DA:1930,8
DA:1931,8
DA:1932,8
DA:1934,8
DA:1942,8
LF:686
LH:402
BRDA:2,0,0,8
BRDA:2,0,1,0
BRDA:2,1,0,8
BRDA:2,1,1,8
BRDA:4,2,0,0
BRDA:4,2,1,0
BRDA:4,3,0,0
BRDA:4,3,1,0
BRDA:7,4,0,0
BRDA:7,4,1,0
BRDA:8,5,0,0
BRDA:8,5,1,0
BRDA:10,6,0,8
BRDA:10,6,1,0
BRDA:18,7,0,12
BRDA:18,7,1,0
BRDA:18,8,0,12
BRDA:18,8,1,0
BRDA:37,9,0,12
BRDA:37,9,1,0
BRDA:48,10,0,0
BRDA:48,10,1,0
BRDA:71,11,0,4
BRDA:71,11,1,4
BRDA:106,12,0,0
BRDA:106,12,1,8
BRDA:121,13,0,24
BRDA:121,13,1,24
BRDA:123,14,0,24
BRDA:123,14,1,0
BRDA:129,15,0,8
BRDA:129,15,1,0
BRDA:130,16,0,0
BRDA:130,16,1,8
BRDA:142,17,0,0
BRDA:142,17,1,14
BRDA:164,18,0,16
BRDA:164,18,1,0
BRDA:165,19,0,0
BRDA:165,19,1,0
BRDA:180,20,0,0
BRDA:180,20,1,8
BRDA:180,21,0,8
BRDA:180,21,1,0
BRDA:184,22,0,8
BRDA:184,22,1,8
BRDA:191,23,0,8
BRDA:191,23,1,0
BRDA:202,24,0,0
BRDA:202,24,1,0
BRDA:202,25,0,0
BRDA:202,25,1,0
BRDA:228,26,0,8
BRDA:228,26,1,0
BRDA:228,27,0,8
BRDA:228,27,1,8
BRDA:228,27,2,0
BRDA:243,28,0,8
BRDA:243,28,1,0
BRDA:267,29,0,12
BRDA:267,29,1,0
BRDA:267,29,2,0
BRDA:267,29,3,0
BRDA:280,30,0,21
BRDA:280,30,1,0
BRDA:280,31,0,21
BRDA:280,31,1,21
BRDA:286,32,0,0
BRDA:286,32,1,0
BRDA:286,33,0,0
BRDA:286,33,1,0
BRDA:286,33,2,0
BRDA:286,33,3,0
BRDA:303,34,0,0
BRDA:303,34,1,0
BRDA:304,35,0,0
BRDA:304,35,1,0
BRDA:306,36,0,0
BRDA:306,36,1,0
BRDA:306,37,0,0
BRDA:306,37,1,0
BRDA:307,38,0,0
BRDA:307,38,1,0
BRDA:307,39,0,0
BRDA:307,39,1,0
BRDA:308,40,0,0
BRDA:308,40,1,0
BRDA:308,41,0,0
BRDA:308,41,1,0
BRDA:432,42,0,0
BRDA:432,42,1,0
BRDA:432,42,2,0
BRDA:432,42,3,8
BRDA:432,42,4,0
BRDA:465,43,0,0
BRDA:465,43,1,7
BRDA:471,44,0,0
BRDA:471,44,1,8
BRDA:479,45,0,0
BRDA:479,45,1,8
BRDA:485,46,0,0
BRDA:485,46,1,8
BRDA:491,47,0,0
BRDA:491,47,1,1
BRDA:496,48,0,0
BRDA:496,48,1,1
BRDA:496,49,0,1
BRDA:496,49,1,0
BRDA:504,50,0,0
BRDA:504,50,1,2
BRDA:509,51,0,0
BRDA:509,51,1,2
BRDA:514,52,0,0
BRDA:514,52,1,2
BRDA:514,53,0,2
BRDA:514,53,1,1
BRDA:520,54,0,0
BRDA:520,54,1,1
BRDA:525,55,0,0
BRDA:525,55,1,1
BRDA:533,56,0,0
BRDA:533,56,1,3
BRDA:538,57,0,0
BRDA:538,57,1,3
BRDA:543,58,0,0
BRDA:543,58,1,3
BRDA:561,59,0,16
BRDA:561,59,1,0
BRDA:561,60,0,16
BRDA:561,60,1,0
BRDA:563,61,0,16
BRDA:563,61,1,0
BRDA:563,62,0,16
BRDA:563,62,1,0
BRDA:563,63,0,0
BRDA:563,63,1,0
BRDA:565,64,0,8
BRDA:565,64,1,0
BRDA:567,65,0,0
BRDA:567,65,1,8
BRDA:567,66,0,8
BRDA:567,66,1,8
BRDA:567,67,0,0
BRDA:567,67,1,8
BRDA:567,68,0,8
BRDA:567,68,1,0
BRDA:583,69,0,8
BRDA:583,69,1,8
BRDA:748,70,0,7
BRDA:748,70,1,0
BRDA:761,71,0,1
BRDA:761,71,1,1
BRDA:787,72,0,1
BRDA:787,72,1,0
BRDA:798,73,0,0
BRDA:798,73,1,0
BRDA:822,74,0,1
BRDA:822,74,1,1
BRDA:822,74,2,1
BRDA:822,74,3,1
BRDA:869,75,0,3
BRDA:869,75,1,3
BRDA:869,75,2,3
BRDA:869,75,3,3
BRDA:1019,76,0,0
BRDA:1019,76,1,0
BRDA:1080,77,0,0
BRDA:1080,77,1,8
BRDA:1125,78,0,8
BRDA:1125,78,1,0
BRDA:1126,79,0,8
BRDA:1126,79,1,0
BRDA:1127,80,0,8
BRDA:1127,80,1,0
BRDA:1128,81,0,8
BRDA:1128,81,1,0
BRDA:1150,82,0,4
BRDA:1150,82,1,0
BRDA:1150,83,0,4
BRDA:1150,83,1,4
BRDA:1152,84,0,4
BRDA:1152,84,1,4
BRDA:1205,85,0,8
BRDA:1205,85,1,8
BRDA:1206,86,0,8
BRDA:1206,86,1,0
BRDA:1206,87,0,8
BRDA:1206,87,1,8
BRDA:1206,87,2,8
BRDA:1235,88,0,0
BRDA:1235,88,1,0
BRDA:1236,89,0,0
BRDA:1236,89,1,0
BRDA:1237,90,0,0
BRDA:1237,90,1,0
BRDA:1240,91,0,0
BRDA:1240,91,1,0
BRDA:1245,92,0,4
BRDA:1245,92,1,0
BRDA:1266,93,0,0
BRDA:1266,93,1,0
BRDA:1271,94,0,0
BRDA:1271,94,1,0
BRDA:1271,95,0,0
BRDA:1271,95,1,0
BRDA:1271,95,2,0
BRDA:1317,96,0,0
BRDA:1317,96,1,0
BRDA:1340,97,0,0
BRDA:1340,97,1,0
BRDA:1347,98,0,0
BRDA:1347,98,1,0
BRDA:1350,99,0,0
BRDA:1350,99,1,0
BRDA:1358,100,0,0
BRDA:1358,100,1,8
BRDA:1362,101,0,0
BRDA:1362,101,1,8
BRDA:1363,102,0,0
BRDA:1363,102,1,0
BRDA:1377,103,0,0
BRDA:1377,103,1,8
BRDA:1379,104,0,0
BRDA:1379,104,1,0
BRDA:1380,105,0,0
BRDA:1380,105,1,0
BRDA:1385,106,0,8
BRDA:1385,106,1,0
BRDA:1390,107,0,0
BRDA:1390,107,1,0
BRDA:1391,108,0,0
BRDA:1391,108,1,0
BRDA:1398,109,0,0
BRDA:1398,109,1,0
BRDA:1405,110,0,8
BRDA:1405,110,1,0
BRDA:1408,111,0,4
BRDA:1408,111,1,4
BRDA:1412,112,0,0
BRDA:1412,112,1,8
BRDA:1421,113,0,0
BRDA:1421,113,1,0
BRDA:1438,114,0,0
BRDA:1438,114,1,0
BRDA:1443,115,0,0
BRDA:1443,115,1,0
BRDA:1445,116,0,0
BRDA:1445,116,1,0
BRDA:1452,117,0,0
BRDA:1452,117,1,0
BRDA:1469,118,0,0
BRDA:1469,118,1,0
BRDA:1478,119,0,0
BRDA:1478,119,1,0
BRDA:1485,120,0,0
BRDA:1485,120,1,0
BRDA:1499,121,0,0
BRDA:1499,121,1,0
BRDA:1537,122,0,0
BRDA:1537,122,1,0
BRDA:1541,123,0,0
BRDA:1541,123,1,0
BRDA:1550,124,0,4
BRDA:1550,124,1,4
BRDA:1577,125,0,0
BRDA:1577,125,1,0
BRDA:1593,126,0,8
BRDA:1593,126,1,0
BRDA:1595,127,0,8
BRDA:1595,127,1,0
BRDA:1599,128,0,0
BRDA:1599,128,1,0
BRDA:1603,129,0,0
BRDA:1603,129,1,0
BRDA:1606,130,0,0
BRDA:1606,130,1,0
BRDA:1649,131,0,0
BRDA:1649,131,1,4
BRDA:1652,132,0,0
BRDA:1652,132,1,0
BRDA:1652,133,0,0
BRDA:1652,133,1,0
BRDA:1652,133,2,0
BRDA:1666,134,0,0
BRDA:1666,134,1,4
BRDA:1674,135,0,0
BRDA:1674,135,1,0
BRDA:1684,136,0,0
BRDA:1684,136,1,0
BRDA:1698,137,0,0
BRDA:1698,137,1,0
BRDA:1705,138,0,0
BRDA:1705,138,1,0
BRDA:1709,139,0,0
BRDA:1709,139,1,0
BRDA:1709,140,0,0
BRDA:1709,140,1,0
BRDA:1710,141,0,0
BRDA:1710,141,1,0
BRDA:1712,142,0,0
BRDA:1712,142,1,0
BRDA:1716,143,0,0
BRDA:1716,143,1,0
BRDA:1717,144,0,0
BRDA:1717,144,1,0
BRDA:1721,145,0,0
BRDA:1721,145,1,0
BRDA:1722,146,0,0
BRDA:1722,146,1,0
BRDA:1736,147,0,0
BRDA:1736,147,1,0
BRDA:1736,148,0,0
BRDA:1736,148,1,0
BRDA:1736,148,2,0
BRDA:1744,149,0,0
BRDA:1744,149,1,0
BRDA:1744,150,0,0
BRDA:1744,150,1,0
BRDA:1744,150,2,0
BRDA:1744,150,3,0
BRDA:1744,150,4,0
BRDA:1754,151,0,0
BRDA:1754,151,1,0
BRDA:1758,152,0,0
BRDA:1758,152,1,0
BRDA:1768,153,0,0
BRDA:1768,153,1,0
BRDA:1772,154,0,0
BRDA:1772,154,1,0
BRDA:1772,155,0,0
BRDA:1772,155,1,0
BRDA:1775,156,0,0
BRDA:1775,156,1,0
BRDA:1779,157,0,0
BRDA:1779,157,1,0
BRDA:1779,158,0,0
BRDA:1779,158,1,0
BRDA:1789,159,0,0
BRDA:1789,159,1,0
BRDA:1800,160,0,0
BRDA:1800,160,1,0
BRDA:1802,161,0,0
BRDA:1802,161,1,0
BRDA:1822,162,0,0
BRDA:1822,162,1,0
BRDA:1843,163,0,8
BRDA:1843,163,1,0
BRDA:1880,164,0,16
BRDA:1880,164,1,184
BRDA:1902,165,0,0
BRDA:1902,165,1,96
BRDA:1902,166,0,96
BRDA:1902,166,1,96
BRDA:1915,167,0,128
BRDA:1915,167,1,0
BRDA:1915,168,0,128
BRDA:1915,168,1,128
BRDA:1931,169,0,8
BRDA:1931,169,1,0
BRDA:1931,170,0,8
BRDA:1931,170,1,8
BRF:361
BRH:115
end_of_record
TN:
SF:dist/rootz-core.prod.js
FN:2,(anonymous_0)
FN:2,(anonymous_1)
FN:2,(anonymous_2)
FN:2,(anonymous_3)
FN:2,(anonymous_4)
FN:2,(anonymous_5)
FN:2,(anonymous_6)
FN:2,(anonymous_7)
FN:2,(anonymous_8)
FN:2,(anonymous_9)
FN:2,e
FN:2,(anonymous_11)
FN:2,(anonymous_12)
FN:2,(anonymous_13)
FN:2,c
FN:2,u
FN:2,(anonymous_16)
FN:2,(anonymous_17)
FN:2,(anonymous_18)
FN:2,e
FN:2,(anonymous_20)
FN:2,(anonymous_21)
FN:2,(anonymous_22)
FN:2,(anonymous_23)
FN:2,e
FN:2,(anonymous_25)
FN:2,(anonymous_26)
FN:2,(anonymous_27)
FN:2,(anonymous_28)
FN:2,(anonymous_29)
FN:2,(anonymous_30)
FN:2,(anonymous_31)
FN:2,(anonymous_32)
FN:2,(anonymous_33)
FN:2,(anonymous_34)
FN:2,e
FN:2,(anonymous_36)
FN:2,(anonymous_37)
FN:2,(anonymous_38)
FN:2,(anonymous_39)
FN:2,e
FN:2,(anonymous_41)
FN:2,(anonymous_42)
FN:2,(anonymous_43)
FN:2,(anonymous_44)
FN:2,(anonymous_45)
FN:2,(anonymous_46)
FN:2,(anonymous_47)
FN:2,(anonymous_48)
FN:2,(anonymous_49)
FN:2,(anonymous_50)
FN:2,S
FN:2,(anonymous_52)
FN:2,E
FN:2,(anonymous_54)
FN:2,(anonymous_55)
FN:2,(anonymous_56)
FN:2,(anonymous_57)
FN:2,(anonymous_58)
FN:2,(anonymous_59)
FN:2,(anonymous_60)
FN:2,(anonymous_61)
FN:2,(anonymous_62)
FN:2,(anonymous_63)
FN:2,(anonymous_64)
FN:2,(anonymous_65)
FN:2,(anonymous_66)
FN:2,(anonymous_67)
FN:2,(anonymous_68)
FN:2,(anonymous_69)
FN:2,r
FN:2,(anonymous_71)
FN:2,(anonymous_72)
FN:2,(anonymous_73)
FN:2,(anonymous_74)
FN:2,(anonymous_75)
FN:2,(anonymous_76)
FN:2,(anonymous_77)
FN:2,(anonymous_78)
FN:2,(anonymous_79)
FN:2,(anonymous_80)
FN:2,n
FN:2,(anonymous_82)
FN:2,(anonymous_83)
FN:2,n
FN:2,(anonymous_85)
FN:2,(anonymous_86)
FN:2,(anonymous_87)
FN:2,(anonymous_88)
FN:2,(anonymous_89)
FN:2,u
FN:2,(anonymous_91)
FN:2,s
FN:2,(anonymous_93)
FN:2,(anonymous_94)
FN:2,f
FN:2,v
FN:2,m
FN:2,b
FN:2,(anonymous_99)
FN:2,j
FN:2,(anonymous_101)
FN:2,(anonymous_102)
FN:2,P
FN:2,r
FN:2,(anonymous_105)
FN:2,(anonymous_106)
FN:2,(anonymous_107)
FN:2,(anonymous_108)
FN:2,(anonymous_109)
FN:2,i
FN:2,(anonymous_111)
FN:2,S
FN:2,E
FN:2,_
FN:2,L
FN:2,k
FN:2,r
FN:2,A
FN:2,(anonymous_119)
FN:2,(anonymous_120)
FN:2,(anonymous_121)
FN:2,(anonymous_122)
FN:2,(anonymous_123)
FN:2,(anonymous_124)
FN:2,(anonymous_125)
FN:2,(anonymous_126)
FN:2,(anonymous_127)
FN:2,r
FN:2,(anonymous_129)
FN:2,(anonymous_130)
FN:2,(anonymous_131)
FN:2,o
FN:2,(anonymous_133)
FN:2,(anonymous_134)
FN:2,(anonymous_135)
FN:2,(anonymous_136)
FN:2,(anonymous_137)
FN:2,(anonymous_138)
FN:2,n
FN:2,(anonymous_140)
FN:2,(anonymous_141)
FN:2,(anonymous_142)
FN:2,(anonymous_143)
FN:2,(anonymous_144)
FN:2,(anonymous_145)
FNF:146
FNH:94
FNDA:10,(anonymous_0)
FNDA:10,(anonymous_1)
FNDA:10,(anonymous_2)
FNDA:10,(anonymous_3)
FNDA:16,(anonymous_4)
FNDA:10,(anonymous_5)
FNDA:16,(anonymous_6)
FNDA:10,(anonymous_7)
FNDA:0,(anonymous_8)
FNDA:10,(anonymous_9)
FNDA:12,e
FNDA:6,(anonymous_11)
FNDA:6,(anonymous_12)
FNDA:6,(anonymous_13)
FNDA:12,c
FNDA:0,u
FNDA:10,(anonymous_16)
FNDA:10,(anonymous_17)
FNDA:10,(anonymous_18)
FNDA:10,e
FNDA:10,(anonymous_20)
FNDA:10,(anonymous_21)
FNDA:18,(anonymous_22)
FNDA:10,(anonymous_23)
FNDA:20,e
FNDA:0,(anonymous_25)
FNDA:10,(anonymous_26)
FNDA:10,(anonymous_27)
FNDA:10,(anonymous_28)
FNDA:0,(anonymous_29)
FNDA:10,(anonymous_30)
FNDA:0,(anonymous_31)
FNDA:10,(anonymous_32)
FNDA:10,(anonymous_33)
FNDA:10,(anonymous_34)
FNDA:10,e
FNDA:0,(anonymous_36)
FNDA:10,(anonymous_37)
FNDA:16,(anonymous_38)
FNDA:10,(anonymous_39)
FNDA:13,e
FNDA:13,(anonymous_41)
FNDA:0,(anonymous_42)
FNDA:10,(anonymous_43)
FNDA:0,(anonymous_44)
FNDA:10,(anonymous_45)
FNDA:10,(anonymous_46)
FNDA:10,(anonymous_47)
FNDA:0,(anonymous_48)
FNDA:0,(anonymous_49)
FNDA:0,(anonymous_50)
FNDA:20,S
FNDA:0,(anonymous_52)
FNDA:20,E
FNDA:8,(anonymous_54)
FNDA:0,(anonymous_55)
FNDA:36,(anonymous_56)
FNDA:36,(anonymous_57)
FNDA:43,(anonymous_58)
FNDA:8,(anonymous_59)
FNDA:8,(anonymous_60)
FNDA:0,(anonymous_61)
FNDA:0,(anonymous_62)
FNDA:18,(anonymous_63)
FNDA:10,(anonymous_64)
FNDA:10,(anonymous_65)
FNDA:10,(anonymous_66)
FNDA:10,(anonymous_67)
FNDA:0,(anonymous_68)
FNDA:10,(anonymous_69)
FNDA:10,r
FNDA:10,(anonymous_71)
FNDA:8,(anonymous_72)
FNDA:18,(anonymous_73)
FNDA:10,(anonymous_74)
FNDA:9,(anonymous_75)
FNDA:2,(anonymous_76)
FNDA:1,(anonymous_77)
FNDA:1,(anonymous_78)
FNDA:1,(anonymous_79)
FNDA:3,(anonymous_80)
FNDA:3,n
FNDA:6,(anonymous_82)
FNDA:3,(anonymous_83)
FNDA:3,n
FNDA:6,(anonymous_85)
FNDA:0,(anonymous_86)
FNDA:10,(anonymous_87)
FNDA:10,(anonymous_88)
FNDA:10,(anonymous_89)
FNDA:90,u
FNDA:0,(anonymous_91)
FNDA:6,s
FNDA:6,(anonymous_93)
FNDA:12,(anonymous_94)
FNDA:12,f
FNDA:0,v
FNDA:0,m
FNDA:0,b
FNDA:0,(anonymous_99)
FNDA:20,j
FNDA:60,(anonymous_101)
FNDA:12,(anonymous_102)
FNDA:0,P
FNDA:0,r
FNDA:0,(anonymous_105)
FNDA:0,(anonymous_106)
FNDA:0,(anonymous_107)
FNDA:0,(anonymous_108)
FNDA:0,(anonymous_109)
FNDA:0,i
FNDA:0,(anonymous_111)
FNDA:0,S
FNDA:0,E
FNDA:6,_
FNDA:6,L
FNDA:10,k
FNDA:0,r
FNDA:0,A
FNDA:0,(anonymous_119)
FNDA:6,(anonymous_120)
FNDA:0,(anonymous_121)
FNDA:0,(anonymous_122)
FNDA:0,(anonymous_123)
FNDA:0,(anonymous_124)
FNDA:0,(anonymous_125)
FNDA:0,(anonymous_126)
FNDA:0,(anonymous_127)
FNDA:0,r
FNDA:6,(anonymous_129)
FNDA:6,(anonymous_130)
FNDA:0,(anonymous_131)
FNDA:0,o
FNDA:0,(anonymous_133)
FNDA:0,(anonymous_134)
FNDA:0,(anonymous_135)
FNDA:0,(anonymous_136)
FNDA:0,(anonymous_137)
FNDA:10,(anonymous_138)
FNDA:220,n
FNDA:110,(anonymous_140)
FNDA:0,(anonymous_141)
FNDA:143,(anonymous_142)
FNDA:120,(anonymous_143)
FNDA:300,(anonymous_144)
FNDA:10,(anonymous_145)
DA:2,300
LF:1
LH:1
BRDA:2,0,0,10
BRDA:2,0,1,0
BRDA:2,1,0,10
BRDA:2,1,1,10
BRDA:2,2,0,0
BRDA:2,2,1,0
BRDA:2,3,0,0
BRDA:2,3,1,0
BRDA:2,4,0,0
BRDA:2,4,1,0
BRDA:2,5,0,0
BRDA:2,5,1,0
BRDA:2,6,0,10
BRDA:2,6,1,0
BRDA:2,7,0,16
BRDA:2,7,1,0
BRDA:2,7,2,16
BRDA:2,8,0,16
BRDA:2,8,1,0
BRDA:2,9,0,0
BRDA:2,9,1,0
BRDA:2,10,0,6
BRDA:2,10,1,6
BRDA:2,11,0,0
BRDA:2,11,1,10
BRDA:2,12,0,30
BRDA:2,12,1,30
BRDA:2,13,0,30
BRDA:2,13,1,30
BRDA:2,14,0,10
BRDA:2,14,1,10
BRDA:2,15,0,10
BRDA:2,15,1,0
BRDA:2,16,0,0
BRDA:2,16,1,18
BRDA:2,17,0,20
BRDA:2,17,1,0
BRDA:2,18,0,0
BRDA:2,18,1,0
BRDA:2,19,0,0
BRDA:2,19,1,10
BRDA:2,20,0,10
BRDA:2,20,1,0
BRDA:2,21,0,10
BRDA:2,21,1,10
BRDA:2,22,0,10
BRDA:2,22,1,10
BRDA:2,23,0,0
BRDA:2,23,1,0
BRDA:2,24,0,0
BRDA:2,24,1,0
BRDA:2,25,0,0
BRDA:2,25,1,10
BRDA:2,26,0,10
BRDA:2,26,1,10
BRDA:2,26,2,0
BRDA:2,27,0,10
BRDA:2,27,1,0
BRDA:2,28,0,16
BRDA:2,28,1,0
BRDA:2,28,2,0
BRDA:2,28,3,0
BRDA:2,29,0,13
BRDA:2,29,1,0
BRDA:2,30,0,13
BRDA:2,30,1,13
BRDA:2,31,0,0
BRDA:2,31,1,0
BRDA:2,32,0,0
BRDA:2,32,1,0
BRDA:2,32,2,0
BRDA:2,32,3,0
BRDA:2,33,0,0
BRDA:2,33,1,0
BRDA:2,34,0,0
BRDA:2,34,1,0
BRDA:2,35,0,0
BRDA:2,35,1,0
BRDA:2,35,2,0
BRDA:2,36,0,0
BRDA:2,36,1,0
BRDA:2,37,0,0
BRDA:2,37,1,0
BRDA:2,38,0,0
BRDA:2,38,1,0
BRDA:2,39,0,0
BRDA:2,39,1,0
BRDA:2,40,0,20
BRDA:2,40,1,0
BRDA:2,41,0,20
BRDA:2,41,1,20
BRDA:2,42,0,20
BRDA:2,42,1,0
BRDA:2,43,0,20
BRDA:2,43,1,0
BRDA:2,44,0,0
BRDA:2,44,1,0
BRDA:2,45,0,10
BRDA:2,45,1,10
BRDA:2,46,0,0
BRDA:2,46,1,10
BRDA:2,47,0,10
BRDA:2,47,1,10
BRDA:2,48,0,0
BRDA:2,48,1,10
BRDA:2,49,0,10
BRDA:2,49,1,0
BRDA:2,50,0,10
BRDA:2,50,1,0
BRDA:2,51,0,9
BRDA:2,51,1,0
BRDA:2,52,0,1
BRDA:2,52,1,1
BRDA:2,53,0,1
BRDA:2,53,1,0
BRDA:2,54,0,0
BRDA:2,54,1,0
BRDA:2,55,0,3
BRDA:2,55,1,3
BRDA:2,55,2,3
BRDA:2,55,3,3
BRDA:2,56,0,3
BRDA:2,56,1,3
BRDA:2,56,2,3
BRDA:2,56,3,3
BRDA:2,57,0,10
BRDA:2,57,1,0
BRDA:2,58,0,10
BRDA:2,58,1,0
BRDA:2,59,0,10
BRDA:2,59,1,0
BRDA:2,60,0,10
BRDA:2,60,1,0
BRDA:2,61,0,6
BRDA:2,61,1,0
BRDA:2,62,0,6
BRDA:2,62,1,6
BRDA:2,63,0,6
BRDA:2,63,1,6
BRDA:2,64,0,0
BRDA:2,64,1,12
BRDA:2,65,0,0
BRDA:2,65,1,12
BRDA:2,66,0,0
BRDA:2,66,1,0
BRDA:2,67,0,0
BRDA:2,67,1,12
BRDA:2,68,0,0
BRDA:2,68,1,0
BRDA:2,69,0,0
BRDA:2,69,1,0
BRDA:2,70,0,12
BRDA:2,70,1,0
BRDA:2,71,0,0
BRDA:2,71,1,0
BRDA:2,72,0,0
BRDA:2,72,1,0
BRDA:2,73,0,0
BRDA:2,73,1,0
BRDA:2,74,0,12
BRDA:2,74,1,0
BRDA:2,75,0,0
BRDA:2,75,1,12
BRDA:2,76,0,6
BRDA:2,76,1,6
BRDA:2,77,0,0
BRDA:2,77,1,0
BRDA:2,78,0,10
BRDA:2,78,1,10
BRDA:2,79,0,10
BRDA:2,79,1,10
BRDA:2,79,2,10
BRDA:2,79,3,10
BRDA:2,80,0,0
BRDA:2,80,1,0
BRDA:2,81,0,0
BRDA:2,81,1,0
BRDA:2,82,0,0
BRDA:2,82,1,0
BRDA:2,82,2,0
BRDA:2,83,0,0
BRDA:2,83,1,0
BRDA:2,84,0,0
BRDA:2,84,1,0
BRDA:2,85,0,0
BRDA:2,85,1,0
BRDA:2,86,0,0
BRDA:2,86,1,0
BRDA:2,87,0,0
BRDA:2,87,1,0
BRDA:2,88,0,0
BRDA:2,88,1,0
BRDA:2,89,0,0
BRDA:2,89,1,0
BRDA:2,90,0,0
BRDA:2,90,1,0
BRDA:2,91,0,0
BRDA:2,91,1,0
BRDA:2,92,0,0
BRDA:2,92,1,0
BRDA:2,93,0,0
BRDA:2,93,1,0
BRDA:2,94,0,6
BRDA:2,94,1,6
BRDA:2,95,0,10
BRDA:2,95,1,0
BRDA:2,96,0,10
BRDA:2,96,1,0
BRDA:2,97,0,0
BRDA:2,97,1,0
BRDA:2,98,0,0
BRDA:2,98,1,0
BRDA:2,99,0,0
BRDA:2,99,1,0
BRDA:2,100,0,0
BRDA:2,100,1,0
BRDA:2,101,0,0
BRDA:2,101,1,0
BRDA:2,101,2,0
BRDA:2,102,0,0
BRDA:2,102,1,0
BRDA:2,103,0,6
BRDA:2,103,1,0
BRDA:2,104,0,0
BRDA:2,104,1,0
BRDA:2,105,0,0
BRDA:2,105,1,0
BRDA:2,106,0,0
BRDA:2,106,1,0
BRDA:2,107,0,0
BRDA:2,107,1,0
BRDA:2,108,0,0
BRDA:2,108,1,6
BRDA:2,109,0,0
BRDA:2,109,1,0
BRDA:2,109,2,0
BRDA:2,109,3,0
BRDA:2,110,0,0
BRDA:2,110,1,6
BRDA:2,111,0,0
BRDA:2,111,1,0
BRDA:2,112,0,0
BRDA:2,112,1,0
BRDA:2,113,0,0
BRDA:2,113,1,0
BRDA:2,114,0,0
BRDA:2,114,1,0
BRDA:2,115,0,0
BRDA:2,115,1,0
BRDA:2,116,0,0
BRDA:2,116,1,0
BRDA:2,117,0,0
BRDA:2,117,1,0
BRDA:2,118,0,0
BRDA:2,118,1,0
BRDA:2,119,0,0
BRDA:2,119,1,0
BRDA:2,120,0,0
BRDA:2,120,1,0
BRDA:2,121,0,0
BRDA:2,121,1,0
BRDA:2,122,0,0
BRDA:2,122,1,0
BRDA:2,123,0,0
BRDA:2,123,1,0
BRDA:2,124,0,0
BRDA:2,124,1,0
BRDA:2,124,2,0
BRDA:2,125,0,0
BRDA:2,125,1,0
BRDA:2,125,2,0
BRDA:2,125,3,0
BRDA:2,125,4,0
BRDA:2,125,5,0
BRDA:2,126,0,0
BRDA:2,126,1,0
BRDA:2,127,0,0
BRDA:2,127,1,0
BRDA:2,128,0,0
BRDA:2,128,1,0
BRDA:2,129,0,0
BRDA:2,129,1,0
BRDA:2,130,0,0
BRDA:2,130,1,0
BRDA:2,131,0,0
BRDA:2,131,1,0
BRDA:2,132,0,0
BRDA:2,132,1,0
BRDA:2,132,2,0
BRDA:2,133,0,0
BRDA:2,133,1,0
BRDA:2,134,0,0
BRDA:2,134,1,0
BRDA:2,135,0,0
BRDA:2,135,1,0
BRDA:2,136,0,0
BRDA:2,136,1,0
BRDA:2,137,0,20
BRDA:2,137,1,200
BRDA:2,138,0,0
BRDA:2,138,1,110
BRDA:2,139,0,110
BRDA:2,139,1,110
BRDA:2,140,0,150
BRDA:2,140,1,150
BRDA:2,140,2,150
BRDA:2,141,0,10
BRDA:2,141,1,10
BRDA:2,141,2,10
BRF:309
BRH:99
end_of_record
TN:
SF:tests/dev/CheckForArgumentsInActionCallback.jsx
FN:7,(anonymous_0)
FN:14,(anonymous_1)
FN:20,(anonymous_2)
FNF:3
FNH:3
FNDA:2,(anonymous_0)
FNDA:1,(anonymous_1)
FNDA:1,(anonymous_2)
DA:5,1
DA:11,2
DA:14,1
DA:19,1
DA:20,1
DA:22,1
LF:6
LH:6
BRF:0
BRH:0
end_of_record
TN:
SF:tests/dev/CheckForArgumentsInContractCallback.jsx
FN:8,(anonymous_0)
FN:15,(anonymous_1)
FN:24,(anonymous_2)
FNF:3
FNH:3
FNDA:2,(anonymous_0)
FNDA:1,(anonymous_1)
FNDA:1,(anonymous_2)
DA:6,1
DA:12,2
DA:15,1
DA:20,1
DA:21,1
DA:24,1
DA:29,1
LF:7
LH:7
BRF:0
BRH:0
end_of_record
TN:
SF:tests/dev/CheckForStateInActionCallback.jsx
FN:8,(anonymous_0)
FN:21,(anonymous_1)
FNF:2
FNH:2
FNDA:2,(anonymous_0)
FNDA:1,(anonymous_1)
DA:6,1
DA:12,2
DA:20,1
DA:21,1
DA:22,1
DA:23,1
DA:25,0
DA:28,1
LF:8
LH:7
BRDA:22,0,0,1
BRDA:22,0,1,0
BRDA:22,1,0,1
BRDA:22,1,1,1
BRF:4
BRH:3
end_of_record
TN:
SF:tests/dev/Print.jsx
FN:8,(anonymous_0)
FNF:1
FNH:1
FNDA:1,(anonymous_0)
DA:6,1
DA:11,1
DA:17,1
LF:3
LH:3
BRF:0
BRH:0
end_of_record
TN:
SF:tests/dev/PrintFromAction.jsx
FN:8,(anonymous_0)
FNF:1
FNH:1
FNDA:2,(anonymous_0)
DA:6,1
DA:12,2
DA:20,1
DA:21,1
DA:23,1
LF:5
LH:5
BRF:0
BRH:0
end_of_record
TN:
SF:tests/dev/PrintFromActionCallback.jsx
FN:8,(anonymous_0)
FN:24,(anonymous_1)
FNF:2
FNH:2
FNDA:2,(anonymous_0)
FNDA:1,(anonymous_1)
DA:6,1
DA:12,2
DA:20,1
DA:21,1
DA:24,1
DA:27,1
LF:6
LH:6
BRF:0
BRH:0
end_of_record
TN:
SF:tests/dev/PrintFromContract.jsx
FN:8,(anonymous_0)
FNF:1
FNH:1
FNDA:2,(anonymous_0)
DA:6,1
DA:12,2
DA:20,1
DA:21,1
DA:23,1
LF:5
LH:5
BRF:0
BRH:0
end_of_record
TN:
SF:tests/dev/PrintFromContractCallback.jsx
FN:8,(anonymous_0)
FN:24,(anonymous_1)
FNF:2
FNH:2
FNDA:2,(anonymous_0)
FNDA:1,(anonymous_1)
DA:6,1
DA:12,2
DA:20,1
DA:21,1
DA:24,1
DA:27,1
LF:6
LH:6
BRF:0
BRH:0
end_of_record
TN:
SF:tests/dev/PrintFromState.jsx
FN:8,(anonymous_0)
FNF:1
FNH:1
FNDA:1,(anonymous_0)
DA:6,1
DA:11,1
DA:16,1
DA:18,1
LF:4
LH:4
BRF:0
BRH:0
end_of_record
TN:
SF:tests/prod/CheckForArgumentsInActionCallback.jsx
FN:8,(anonymous_0)
FN:15,(anonymous_1)
FN:21,(anonymous_2)
FNF:3
FNH:3
FNDA:2,(anonymous_0)
FNDA:1,(anonymous_1)
FNDA:1,(anonymous_2)
DA:6,1
DA:12,2
DA:15,1
DA:20,1
DA:21,1
DA:23,1
LF:6
LH:6
BRF:0
BRH:0
end_of_record
TN:
SF:tests/prod/CheckForArgumentsInContractCallback.jsx
FN:8,(anonymous_0)
FN:15,(anonymous_1)
FN:24,(anonymous_2)
FNF:3
FNH:3
FNDA:2,(anonymous_0)
FNDA:1,(anonymous_1)
FNDA:1,(anonymous_2)
DA:6,1
DA:12,2
DA:15,1
DA:20,1
DA:21,1
DA:24,1
DA:29,1
LF:7
LH:7
BRF:0
BRH:0
end_of_record
TN:
SF:tests/prod/CheckForStateInActionCallback.jsx
FN:8,(anonymous_0)
FN:21,(anonymous_1)
FNF:2
FNH:2
FNDA:2,(anonymous_0)
FNDA:1,(anonymous_1)
DA:6,1
DA:12,2
DA:20,1
DA:21,1
DA:22,1
DA:23,1
DA:25,0
DA:28,1
LF:8
LH:7
BRDA:22,0,0,1
BRDA:22,0,1,0
BRDA:22,1,0,1
BRDA:22,1,1,1
BRF:4
BRH:3
end_of_record
TN:
SF:tests/prod/Print.jsx
FN:8,(anonymous_0)
FNF:1
FNH:1
FNDA:1,(anonymous_0)
DA:6,1
DA:11,1
DA:17,1
LF:3
LH:3
BRF:0
BRH:0
end_of_record
TN:
SF:tests/prod/PrintFromAction.jsx
FN:8,(anonymous_0)
FNF:1
FNH:1
FNDA:2,(anonymous_0)
DA:6,1
DA:12,2
DA:20,1
DA:21,1
DA:23,1
LF:5
LH:5
BRF:0
BRH:0
end_of_record
TN:
SF:tests/prod/PrintFromActionCallback.jsx
FN:8,(anonymous_0)
FN:24,(anonymous_1)
FNF:2
FNH:2
FNDA:2,(anonymous_0)
FNDA:1,(anonymous_1)
DA:6,1
DA:12,2
DA:20,1
DA:21,1
DA:24,1
DA:27,1
LF:6
LH:6
BRF:0
BRH:0
end_of_record
TN:
SF:tests/prod/PrintFromContract.jsx
FN:8,(anonymous_0)
FNF:1
FNH:1
FNDA:2,(anonymous_0)
DA:6,1
DA:12,2
DA:20,1
DA:21,1
DA:23,1
LF:5
LH:5
BRF:0
BRH:0
end_of_record
TN:
SF:tests/prod/PrintFromContractCallback.jsx
FN:8,(anonymous_0)
FN:24,(anonymous_1)
FNF:2
FNH:2
FNDA:2,(anonymous_0)
FNDA:1,(anonymous_1)
DA:6,1
DA:12,2
DA:20,1
DA:21,1
DA:24,1
DA:27,1
LF:6
LH:6
BRF:0
BRH:0
end_of_record
TN:
SF:tests/prod/PrintFromState.jsx
FN:8,(anonymous_0)
FNF:1
FNH:1
FNDA:1,(anonymous_0)
DA:6,1
DA:11,1
DA:16,1
DA:18,1
LF:4
LH:4
BRF:0
BRH:0
end_of_record
